INFO - 2024-06-26 08:25:48 --> Session: Class initialized using 'CodeIgniter\Session\Handlers\FileHandler' driver.
INFO - 2024-06-26 09:35:56 --> Session: Class initialized using 'CodeIgniter\Session\Handlers\FileHandler' driver.
INFO - 2024-06-26 09:47:37 --> Session: Class initialized using 'CodeIgniter\Session\Handlers\FileHandler' driver.
INFO - 2024-06-26 09:48:12 --> Session: Class initialized using 'CodeIgniter\Session\Handlers\FileHandler' driver.
ERROR - 2024-06-26 10:21:12 --> Exception: Unable to prepare statement: 1, ambiguous column name: is_delete in C:\mes documents\diso-gestion\vendor\codeigniter4\framework\system\Database\SQLite3\Connection.php:153
Stack trace:
#0 C:\mes documents\diso-gestion\vendor\codeigniter4\framework\system\Database\SQLite3\Connection.php(153): SQLite3->query('SELECT *\nFROM `...')
#1 C:\mes documents\diso-gestion\vendor\codeigniter4\framework\system\Database\BaseConnection.php(732): CodeIgniter\Database\SQLite3\Connection->execute('SELECT *\nFROM `...')
#2 C:\mes documents\diso-gestion\vendor\codeigniter4\framework\system\Database\BaseConnection.php(646): CodeIgniter\Database\BaseConnection->simpleQuery('SELECT *\nFROM `...')
#3 C:\mes documents\diso-gestion\vendor\codeigniter4\framework\system\Database\BaseBuilder.php(1637): CodeIgniter\Database\BaseConnection->query('SELECT *\nFROM `...', Array, false)
#4 C:\mes documents\diso-gestion\app\Models\UserTrainingModel.php(79): CodeIgniter\Database\BaseBuilder->get()
#5 C:\mes documents\diso-gestion\app\Controllers\UserController.php(244): App\Models\UserTrainingModel->getAllUserTraining('undefined')
#6 C:\mes documents\diso-gestion\vendor\codeigniter4\framework\system\CodeIgniter.php(933): App\Controllers\UserController->getAllUserTraining('undefined')
#7 C:\mes documents\diso-gestion\vendor\codeigniter4\framework\system\CodeIgniter.php(509): CodeIgniter\CodeIgniter->runController(Object(App\Controllers\UserController))
#8 C:\mes documents\diso-gestion\vendor\codeigniter4\framework\system\CodeIgniter.php(355): CodeIgniter\CodeIgniter->handleRequest(NULL, Object(Config\Cache), false)
#9 C:\mes documents\diso-gestion\vendor\codeigniter4\framework\system\Boot.php(325): CodeIgniter\CodeIgniter->run()
#10 C:\mes documents\diso-gestion\vendor\codeigniter4\framework\system\Boot.php(67): CodeIgniter\Boot::runCodeIgniter(Object(CodeIgniter\CodeIgniter))
#11 C:\mes documents\diso-gestion\public\index.php(56): CodeIgniter\Boot::bootWeb(Object(Config\Paths))
#12 C:\mes documents\diso-gestion\vendor\codeigniter4\framework\system\Commands\Server\rewrite.php(49): require_once('C:\\mes document...')
#13 {main}
CRITICAL - 2024-06-26 10:21:12 --> CodeIgniter\Database\Exceptions\DatabaseException: Unable to prepare statement: 1, ambiguous column name: is_delete
[Method: GET, Route: stagiaire/AllUserTraining/undefined]
in SYSTEMPATH\Database\BaseConnection.php on line 686.
 1 SYSTEMPATH\Database\BaseBuilder.php(1637): CodeIgniter\Database\BaseConnection->query('SELECT *
FROM `user_training` `ut`
JOIN `training` `t` ON `ut`.`training_id` = `t`.`training_id`
JOIN `user` `u` ON `ut`.`id_user` = `u`.`user_id`
WHERE `user_id` = :user_id:
AND `is_delete` = :is_delete:', [...], false)
 2 APPPATH\Models\UserTrainingModel.php(79): CodeIgniter\Database\BaseBuilder->get()
 3 APPPATH\Controllers\UserController.php(244): App\Models\UserTrainingModel->getAllUserTraining('undefined')
 4 SYSTEMPATH\CodeIgniter.php(933): App\Controllers\UserController->getAllUserTraining('undefined')
 5 SYSTEMPATH\CodeIgniter.php(509): CodeIgniter\CodeIgniter->runController(Object(App\Controllers\UserController))
 6 SYSTEMPATH\CodeIgniter.php(355): CodeIgniter\CodeIgniter->handleRequest(null, Object(Config\Cache), false)
 7 SYSTEMPATH\Boot.php(325): CodeIgniter\CodeIgniter->run()
 8 SYSTEMPATH\Boot.php(67): CodeIgniter\Boot::runCodeIgniter(Object(CodeIgniter\CodeIgniter))
 9 FCPATH\index.php(56): CodeIgniter\Boot::bootWeb(Object(Config\Paths))
10 SYSTEMPATH\Commands\Server\rewrite.php(49): require_once('C:\\mes documents\\diso-gestion\\public\\index.php')
CRITICAL - 2024-06-26 10:21:12 --> [Caused by] CodeIgniter\Database\Exceptions\DatabaseException: Unable to prepare statement: 1, ambiguous column name: is_delete
in SYSTEMPATH\Database\SQLite3\Connection.php on line 158.
 1 SYSTEMPATH\Database\BaseConnection.php(732): CodeIgniter\Database\SQLite3\Connection->execute('SELECT *
FROM `user_training` `ut`
JOIN `training` `t` ON `ut`.`training_id` = `t`.`training_id`
JOIN `user` `u` ON `ut`.`id_user` = `u`.`user_id`
WHERE `user_id` = \'undefined\'
AND `is_delete` = 0')
 2 SYSTEMPATH\Database\BaseConnection.php(646): CodeIgniter\Database\BaseConnection->simpleQuery('SELECT *
FROM `user_training` `ut`
JOIN `training` `t` ON `ut`.`training_id` = `t`.`training_id`
JOIN `user` `u` ON `ut`.`id_user` = `u`.`user_id`
WHERE `user_id` = \'undefined\'
AND `is_delete` = 0')
 3 SYSTEMPATH\Database\BaseBuilder.php(1637): CodeIgniter\Database\BaseConnection->query('SELECT *
FROM `user_training` `ut`
JOIN `training` `t` ON `ut`.`training_id` = `t`.`training_id`
JOIN `user` `u` ON `ut`.`id_user` = `u`.`user_id`
WHERE `user_id` = :user_id:
AND `is_delete` = :is_delete:', [...], false)
 4 APPPATH\Models\UserTrainingModel.php(79): CodeIgniter\Database\BaseBuilder->get()
 5 APPPATH\Controllers\UserController.php(244): App\Models\UserTrainingModel->getAllUserTraining('undefined')
 6 SYSTEMPATH\CodeIgniter.php(933): App\Controllers\UserController->getAllUserTraining('undefined')
 7 SYSTEMPATH\CodeIgniter.php(509): CodeIgniter\CodeIgniter->runController(Object(App\Controllers\UserController))
 8 SYSTEMPATH\CodeIgniter.php(355): CodeIgniter\CodeIgniter->handleRequest(null, Object(Config\Cache), false)
 9 SYSTEMPATH\Boot.php(325): CodeIgniter\CodeIgniter->run()
10 SYSTEMPATH\Boot.php(67): CodeIgniter\Boot::runCodeIgniter(Object(CodeIgniter\CodeIgniter))
11 FCPATH\index.php(56): CodeIgniter\Boot::bootWeb(Object(Config\Paths))
12 SYSTEMPATH\Commands\Server\rewrite.php(49): require_once('C:\\mes documents\\diso-gestion\\public\\index.php')
CRITICAL - 2024-06-26 10:21:12 --> [Caused by] Exception: Unable to prepare statement: 1, ambiguous column name: is_delete
in SYSTEMPATH\Database\SQLite3\Connection.php on line 153.
 1 SYSTEMPATH\Database\SQLite3\Connection.php(153): SQLite3->query('SELECT *
FROM `user_training` `ut`
JOIN `training` `t` ON `ut`.`training_id` = `t`.`training_id`
JOIN `user` `u` ON `ut`.`id_user` = `u`.`user_id`
WHERE `user_id` = \'undefined\'
AND `is_delete` = 0')
 2 SYSTEMPATH\Database\BaseConnection.php(732): CodeIgniter\Database\SQLite3\Connection->execute('SELECT *
FROM `user_training` `ut`
JOIN `training` `t` ON `ut`.`training_id` = `t`.`training_id`
JOIN `user` `u` ON `ut`.`id_user` = `u`.`user_id`
WHERE `user_id` = \'undefined\'
AND `is_delete` = 0')
 3 SYSTEMPATH\Database\BaseConnection.php(646): CodeIgniter\Database\BaseConnection->simpleQuery('SELECT *
FROM `user_training` `ut`
JOIN `training` `t` ON `ut`.`training_id` = `t`.`training_id`
JOIN `user` `u` ON `ut`.`id_user` = `u`.`user_id`
WHERE `user_id` = \'undefined\'
AND `is_delete` = 0')
 4 SYSTEMPATH\Database\BaseBuilder.php(1637): CodeIgniter\Database\BaseConnection->query('SELECT *
FROM `user_training` `ut`
JOIN `training` `t` ON `ut`.`training_id` = `t`.`training_id`
JOIN `user` `u` ON `ut`.`id_user` = `u`.`user_id`
WHERE `user_id` = :user_id:
AND `is_delete` = :is_delete:', [...], false)
 5 APPPATH\Models\UserTrainingModel.php(79): CodeIgniter\Database\BaseBuilder->get()
 6 APPPATH\Controllers\UserController.php(244): App\Models\UserTrainingModel->getAllUserTraining('undefined')
 7 SYSTEMPATH\CodeIgniter.php(933): App\Controllers\UserController->getAllUserTraining('undefined')
 8 SYSTEMPATH\CodeIgniter.php(509): CodeIgniter\CodeIgniter->runController(Object(App\Controllers\UserController))
 9 SYSTEMPATH\CodeIgniter.php(355): CodeIgniter\CodeIgniter->handleRequest(null, Object(Config\Cache), false)
10 SYSTEMPATH\Boot.php(325): CodeIgniter\CodeIgniter->run()
11 SYSTEMPATH\Boot.php(67): CodeIgniter\Boot::runCodeIgniter(Object(CodeIgniter\CodeIgniter))
12 FCPATH\index.php(56): CodeIgniter\Boot::bootWeb(Object(Config\Paths))
13 SYSTEMPATH\Commands\Server\rewrite.php(49): require_once('C:\\mes documents\\diso-gestion\\public\\index.php')
ERROR - 2024-06-26 10:32:16 --> Exception: Unable to prepare statement: 1, ambiguous column name: is_delete in C:\mes documents\diso-gestion\vendor\codeigniter4\framework\system\Database\SQLite3\Connection.php:153
Stack trace:
#0 C:\mes documents\diso-gestion\vendor\codeigniter4\framework\system\Database\SQLite3\Connection.php(153): SQLite3->query('SELECT *\nFROM `...')
#1 C:\mes documents\diso-gestion\vendor\codeigniter4\framework\system\Database\BaseConnection.php(732): CodeIgniter\Database\SQLite3\Connection->execute('SELECT *\nFROM `...')
#2 C:\mes documents\diso-gestion\vendor\codeigniter4\framework\system\Database\BaseConnection.php(646): CodeIgniter\Database\BaseConnection->simpleQuery('SELECT *\nFROM `...')
#3 C:\mes documents\diso-gestion\vendor\codeigniter4\framework\system\Database\BaseBuilder.php(1637): CodeIgniter\Database\BaseConnection->query('SELECT *\nFROM `...', Array, false)
#4 C:\mes documents\diso-gestion\app\Models\UserTrainingModel.php(79): CodeIgniter\Database\BaseBuilder->get()
#5 C:\mes documents\diso-gestion\app\Controllers\FormationController.php(210): App\Models\UserTrainingModel->getAllUserTraining('0')
#6 C:\mes documents\diso-gestion\vendor\codeigniter4\framework\system\CodeIgniter.php(933): App\Controllers\FormationController->getAllUserTraining('0')
#7 C:\mes documents\diso-gestion\vendor\codeigniter4\framework\system\CodeIgniter.php(509): CodeIgniter\CodeIgniter->runController(Object(App\Controllers\FormationController))
#8 C:\mes documents\diso-gestion\vendor\codeigniter4\framework\system\CodeIgniter.php(355): CodeIgniter\CodeIgniter->handleRequest(NULL, Object(Config\Cache), false)
#9 C:\mes documents\diso-gestion\vendor\codeigniter4\framework\system\Boot.php(325): CodeIgniter\CodeIgniter->run()
#10 C:\mes documents\diso-gestion\vendor\codeigniter4\framework\system\Boot.php(67): CodeIgniter\Boot::runCodeIgniter(Object(CodeIgniter\CodeIgniter))
#11 C:\mes documents\diso-gestion\public\index.php(56): CodeIgniter\Boot::bootWeb(Object(Config\Paths))
#12 C:\mes documents\diso-gestion\vendor\codeigniter4\framework\system\Commands\Server\rewrite.php(49): require_once('C:\\mes document...')
#13 {main}
CRITICAL - 2024-06-26 10:32:16 --> CodeIgniter\Database\Exceptions\DatabaseException: Unable to prepare statement: 1, ambiguous column name: is_delete
[Method: GET, Route: formation/AllUserTraining/0]
in SYSTEMPATH\Database\BaseConnection.php on line 686.
 1 SYSTEMPATH\Database\BaseBuilder.php(1637): CodeIgniter\Database\BaseConnection->query('SELECT *
FROM `user_training` `ut`
JOIN `training` `t` ON `ut`.`training_id` = `t`.`training_id`
JOIN `user` `u` ON `ut`.`id_user` = `u`.`user_id`
WHERE `user_id` = :user_id:
AND `is_delete` = :is_delete:', [...], false)
 2 APPPATH\Models\UserTrainingModel.php(79): CodeIgniter\Database\BaseBuilder->get()
 3 APPPATH\Controllers\FormationController.php(210): App\Models\UserTrainingModel->getAllUserTraining('0')
 4 SYSTEMPATH\CodeIgniter.php(933): App\Controllers\FormationController->getAllUserTraining('0')
 5 SYSTEMPATH\CodeIgniter.php(509): CodeIgniter\CodeIgniter->runController(Object(App\Controllers\FormationController))
 6 SYSTEMPATH\CodeIgniter.php(355): CodeIgniter\CodeIgniter->handleRequest(null, Object(Config\Cache), false)
 7 SYSTEMPATH\Boot.php(325): CodeIgniter\CodeIgniter->run()
 8 SYSTEMPATH\Boot.php(67): CodeIgniter\Boot::runCodeIgniter(Object(CodeIgniter\CodeIgniter))
 9 FCPATH\index.php(56): CodeIgniter\Boot::bootWeb(Object(Config\Paths))
10 SYSTEMPATH\Commands\Server\rewrite.php(49): require_once('C:\\mes documents\\diso-gestion\\public\\index.php')
CRITICAL - 2024-06-26 10:32:16 --> [Caused by] CodeIgniter\Database\Exceptions\DatabaseException: Unable to prepare statement: 1, ambiguous column name: is_delete
in SYSTEMPATH\Database\SQLite3\Connection.php on line 158.
 1 SYSTEMPATH\Database\BaseConnection.php(732): CodeIgniter\Database\SQLite3\Connection->execute('SELECT *
FROM `user_training` `ut`
JOIN `training` `t` ON `ut`.`training_id` = `t`.`training_id`
JOIN `user` `u` ON `ut`.`id_user` = `u`.`user_id`
WHERE `user_id` = \'0\'
AND `is_delete` = 0')
 2 SYSTEMPATH\Database\BaseConnection.php(646): CodeIgniter\Database\BaseConnection->simpleQuery('SELECT *
FROM `user_training` `ut`
JOIN `training` `t` ON `ut`.`training_id` = `t`.`training_id`
JOIN `user` `u` ON `ut`.`id_user` = `u`.`user_id`
WHERE `user_id` = \'0\'
AND `is_delete` = 0')
 3 SYSTEMPATH\Database\BaseBuilder.php(1637): CodeIgniter\Database\BaseConnection->query('SELECT *
FROM `user_training` `ut`
JOIN `training` `t` ON `ut`.`training_id` = `t`.`training_id`
JOIN `user` `u` ON `ut`.`id_user` = `u`.`user_id`
WHERE `user_id` = :user_id:
AND `is_delete` = :is_delete:', [...], false)
 4 APPPATH\Models\UserTrainingModel.php(79): CodeIgniter\Database\BaseBuilder->get()
 5 APPPATH\Controllers\FormationController.php(210): App\Models\UserTrainingModel->getAllUserTraining('0')
 6 SYSTEMPATH\CodeIgniter.php(933): App\Controllers\FormationController->getAllUserTraining('0')
 7 SYSTEMPATH\CodeIgniter.php(509): CodeIgniter\CodeIgniter->runController(Object(App\Controllers\FormationController))
 8 SYSTEMPATH\CodeIgniter.php(355): CodeIgniter\CodeIgniter->handleRequest(null, Object(Config\Cache), false)
 9 SYSTEMPATH\Boot.php(325): CodeIgniter\CodeIgniter->run()
10 SYSTEMPATH\Boot.php(67): CodeIgniter\Boot::runCodeIgniter(Object(CodeIgniter\CodeIgniter))
11 FCPATH\index.php(56): CodeIgniter\Boot::bootWeb(Object(Config\Paths))
12 SYSTEMPATH\Commands\Server\rewrite.php(49): require_once('C:\\mes documents\\diso-gestion\\public\\index.php')
CRITICAL - 2024-06-26 10:32:16 --> [Caused by] Exception: Unable to prepare statement: 1, ambiguous column name: is_delete
in SYSTEMPATH\Database\SQLite3\Connection.php on line 153.
 1 SYSTEMPATH\Database\SQLite3\Connection.php(153): SQLite3->query('SELECT *
FROM `user_training` `ut`
JOIN `training` `t` ON `ut`.`training_id` = `t`.`training_id`
JOIN `user` `u` ON `ut`.`id_user` = `u`.`user_id`
WHERE `user_id` = \'0\'
AND `is_delete` = 0')
 2 SYSTEMPATH\Database\BaseConnection.php(732): CodeIgniter\Database\SQLite3\Connection->execute('SELECT *
FROM `user_training` `ut`
JOIN `training` `t` ON `ut`.`training_id` = `t`.`training_id`
JOIN `user` `u` ON `ut`.`id_user` = `u`.`user_id`
WHERE `user_id` = \'0\'
AND `is_delete` = 0')
 3 SYSTEMPATH\Database\BaseConnection.php(646): CodeIgniter\Database\BaseConnection->simpleQuery('SELECT *
FROM `user_training` `ut`
JOIN `training` `t` ON `ut`.`training_id` = `t`.`training_id`
JOIN `user` `u` ON `ut`.`id_user` = `u`.`user_id`
WHERE `user_id` = \'0\'
AND `is_delete` = 0')
 4 SYSTEMPATH\Database\BaseBuilder.php(1637): CodeIgniter\Database\BaseConnection->query('SELECT *
FROM `user_training` `ut`
JOIN `training` `t` ON `ut`.`training_id` = `t`.`training_id`
JOIN `user` `u` ON `ut`.`id_user` = `u`.`user_id`
WHERE `user_id` = :user_id:
AND `is_delete` = :is_delete:', [...], false)
 5 APPPATH\Models\UserTrainingModel.php(79): CodeIgniter\Database\BaseBuilder->get()
 6 APPPATH\Controllers\FormationController.php(210): App\Models\UserTrainingModel->getAllUserTraining('0')
 7 SYSTEMPATH\CodeIgniter.php(933): App\Controllers\FormationController->getAllUserTraining('0')
 8 SYSTEMPATH\CodeIgniter.php(509): CodeIgniter\CodeIgniter->runController(Object(App\Controllers\FormationController))
 9 SYSTEMPATH\CodeIgniter.php(355): CodeIgniter\CodeIgniter->handleRequest(null, Object(Config\Cache), false)
10 SYSTEMPATH\Boot.php(325): CodeIgniter\CodeIgniter->run()
11 SYSTEMPATH\Boot.php(67): CodeIgniter\Boot::runCodeIgniter(Object(CodeIgniter\CodeIgniter))
12 FCPATH\index.php(56): CodeIgniter\Boot::bootWeb(Object(Config\Paths))
13 SYSTEMPATH\Commands\Server\rewrite.php(49): require_once('C:\\mes documents\\diso-gestion\\public\\index.php')
INFO - 2024-06-26 10:51:43 --> Session: Class initialized using 'CodeIgniter\Session\Handlers\FileHandler' driver.
INFO - 2024-06-26 12:46:02 --> Session: Class initialized using 'CodeIgniter\Session\Handlers\FileHandler' driver.
INFO - 2024-06-26 13:13:59 --> Session: Class initialized using 'CodeIgniter\Session\Handlers\FileHandler' driver.
CRITICAL - 2024-06-26 14:06:06 --> Error: Call to undefined function App\Controllers\getAllUserTraining()
[Method: GET, Route: formation/AllUserTraining/5]
in APPPATH\Controllers\FormationController.php on line 212.
 1 SYSTEMPATH\CodeIgniter.php(933): App\Controllers\FormationController->getAllUserTraining('5')
 2 SYSTEMPATH\CodeIgniter.php(509): CodeIgniter\CodeIgniter->runController(Object(App\Controllers\FormationController))
 3 SYSTEMPATH\CodeIgniter.php(355): CodeIgniter\CodeIgniter->handleRequest(null, Object(Config\Cache), false)
 4 SYSTEMPATH\Boot.php(325): CodeIgniter\CodeIgniter->run()
 5 SYSTEMPATH\Boot.php(67): CodeIgniter\Boot::runCodeIgniter(Object(CodeIgniter\CodeIgniter))
 6 FCPATH\index.php(56): CodeIgniter\Boot::bootWeb(Object(Config\Paths))
 7 SYSTEMPATH\Commands\Server\rewrite.php(49): require_once('C:\\mes documents\\diso-gestion\\public\\index.php')
CRITICAL - 2024-06-26 14:08:09 --> Error: Call to undefined function App\Controllers\getAllUserTraining()
[Method: GET, Route: formation/AllUserTraining/5]
in APPPATH\Controllers\FormationController.php on line 212.
 1 SYSTEMPATH\CodeIgniter.php(933): App\Controllers\FormationController->getAllUserTraining('5')
 2 SYSTEMPATH\CodeIgniter.php(509): CodeIgniter\CodeIgniter->runController(Object(App\Controllers\FormationController))
 3 SYSTEMPATH\CodeIgniter.php(355): CodeIgniter\CodeIgniter->handleRequest(null, Object(Config\Cache), false)
 4 SYSTEMPATH\Boot.php(325): CodeIgniter\CodeIgniter->run()
 5 SYSTEMPATH\Boot.php(67): CodeIgniter\Boot::runCodeIgniter(Object(CodeIgniter\CodeIgniter))
 6 FCPATH\index.php(56): CodeIgniter\Boot::bootWeb(Object(Config\Paths))
 7 SYSTEMPATH\Commands\Server\rewrite.php(49): require_once('C:\\mes documents\\diso-gestion\\public\\index.php')
CRITICAL - 2024-06-26 14:10:11 --> Error: Call to undefined function App\Controllers\getAllUserTraining()
[Method: GET, Route: formation/AllUserTraining/5]
in APPPATH\Controllers\FormationController.php on line 212.
 1 SYSTEMPATH\CodeIgniter.php(933): App\Controllers\FormationController->getAllUserTraining('5')
 2 SYSTEMPATH\CodeIgniter.php(509): CodeIgniter\CodeIgniter->runController(Object(App\Controllers\FormationController))
 3 SYSTEMPATH\CodeIgniter.php(355): CodeIgniter\CodeIgniter->handleRequest(null, Object(Config\Cache), false)
 4 SYSTEMPATH\Boot.php(325): CodeIgniter\CodeIgniter->run()
 5 SYSTEMPATH\Boot.php(67): CodeIgniter\Boot::runCodeIgniter(Object(CodeIgniter\CodeIgniter))
 6 FCPATH\index.php(56): CodeIgniter\Boot::bootWeb(Object(Config\Paths))
 7 SYSTEMPATH\Commands\Server\rewrite.php(49): require_once('C:\\mes documents\\diso-gestion\\public\\index.php')
CRITICAL - 2024-06-26 14:23:13 --> Error: Call to undefined function App\Controllers\getAllUserTraining()
[Method: GET, Route: formation/AllUserTraining/5]
in APPPATH\Controllers\FormationController.php on line 212.
 1 SYSTEMPATH\CodeIgniter.php(933): App\Controllers\FormationController->getAllUserTraining('5')
 2 SYSTEMPATH\CodeIgniter.php(509): CodeIgniter\CodeIgniter->runController(Object(App\Controllers\FormationController))
 3 SYSTEMPATH\CodeIgniter.php(355): CodeIgniter\CodeIgniter->handleRequest(null, Object(Config\Cache), false)
 4 SYSTEMPATH\Boot.php(325): CodeIgniter\CodeIgniter->run()
 5 SYSTEMPATH\Boot.php(67): CodeIgniter\Boot::runCodeIgniter(Object(CodeIgniter\CodeIgniter))
 6 FCPATH\index.php(56): CodeIgniter\Boot::bootWeb(Object(Config\Paths))
 7 SYSTEMPATH\Commands\Server\rewrite.php(49): require_once('C:\\mes documents\\diso-gestion\\public\\index.php')
