WARNING - 2024-10-03 02:31:10 --> [DEPRECATED] Creation of dynamic property App\Controllers\AuthentificationController::$UserModel is deprecated in APPPATH/Controllers/AuthentificationController.php on line 21.
 1 SYSTEMPATH/CodeIgniter.php(903): App\Controllers\AuthentificationController->__construct()
 2 SYSTEMPATH/CodeIgniter.php(500): CodeIgniter\CodeIgniter->createController()
 3 SYSTEMPATH/CodeIgniter.php(355): CodeIgniter\CodeIgniter->handleRequest(null, Object(Config\Cache), false)
 4 SYSTEMPATH/Boot.php(325): CodeIgniter\CodeIgniter->run()
 5 SYSTEMPATH/Boot.php(67): CodeIgniter\Boot::runCodeIgniter(Object(CodeIgniter\CodeIgniter))
 6 FCPATH/index.php(56): CodeIgniter\Boot::bootWeb(Object(Config\Paths))
 7 SYSTEMPATH/Commands/Server/rewrite.php(49): require_once('/var/www/html/appGes/public/index.php')
INFO - 2024-10-03 02:31:10 --> Session: Class initialized using 'CodeIgniter\Session\Handlers\FileHandler' driver.
CRITICAL - 2024-10-03 02:31:25 --> ParseError: syntax error, unexpected variable "$response"
[Method: POST, Route: produit/vente/1]
in APPPATH/Controllers/AcheterController.php on line 181.
 1 VENDORPATH/composer/ClassLoader.php(427): Composer\Autoload\{closure}()
 2 [internal function]: Composer\Autoload\ClassLoader->loadClass()
 3 SYSTEMPATH/CodeIgniter.php(887): class_exists()
 4 SYSTEMPATH/CodeIgniter.php(496): CodeIgniter\CodeIgniter->startController()
 5 SYSTEMPATH/CodeIgniter.php(355): CodeIgniter\CodeIgniter->handleRequest()
 6 SYSTEMPATH/Boot.php(325): CodeIgniter\CodeIgniter->run()
 7 SYSTEMPATH/Boot.php(67): CodeIgniter\Boot::runCodeIgniter()
 8 FCPATH/index.php(56): CodeIgniter\Boot::bootWeb()
 9 SYSTEMPATH/Commands/Server/rewrite.php(49): require_once('/var/www/html/appGes/public/index.php')
CRITICAL - 2024-10-03 02:31:33 --> ParseError: syntax error, unexpected variable "$response"
[Method: POST, Route: produit/vente/1]
in APPPATH/Controllers/AcheterController.php on line 181.
 1 VENDORPATH/composer/ClassLoader.php(427): Composer\Autoload\{closure}()
 2 [internal function]: Composer\Autoload\ClassLoader->loadClass()
 3 SYSTEMPATH/CodeIgniter.php(887): class_exists()
 4 SYSTEMPATH/CodeIgniter.php(496): CodeIgniter\CodeIgniter->startController()
 5 SYSTEMPATH/CodeIgniter.php(355): CodeIgniter\CodeIgniter->handleRequest()
 6 SYSTEMPATH/Boot.php(325): CodeIgniter\CodeIgniter->run()
 7 SYSTEMPATH/Boot.php(67): CodeIgniter\Boot::runCodeIgniter()
 8 FCPATH/index.php(56): CodeIgniter\Boot::bootWeb()
 9 SYSTEMPATH/Commands/Server/rewrite.php(49): require_once('/var/www/html/appGes/public/index.php')
WARNING - 2024-10-03 08:20:42 --> [DEPRECATED] Creation of dynamic property App\Controllers\AuthentificationController::$UserModel is deprecated in APPPATH/Controllers/AuthentificationController.php on line 21.
 1 SYSTEMPATH/CodeIgniter.php(903): App\Controllers\AuthentificationController->__construct()
 2 SYSTEMPATH/CodeIgniter.php(500): CodeIgniter\CodeIgniter->createController()
 3 SYSTEMPATH/CodeIgniter.php(355): CodeIgniter\CodeIgniter->handleRequest(null, Object(Config\Cache), false)
 4 SYSTEMPATH/Boot.php(325): CodeIgniter\CodeIgniter->run()
 5 SYSTEMPATH/Boot.php(67): CodeIgniter\Boot::runCodeIgniter(Object(CodeIgniter\CodeIgniter))
 6 FCPATH/index.php(56): CodeIgniter\Boot::bootWeb(Object(Config\Paths))
 7 SYSTEMPATH/Commands/Server/rewrite.php(49): require_once('/var/www/html/appGes/public/index.php')
INFO - 2024-10-03 08:20:42 --> Session: Class initialized using 'CodeIgniter\Session\Handlers\FileHandler' driver.
CRITICAL - 2024-10-03 08:37:44 --> Error: Class "App\Controllers\ClientModel" not found
[Method: GET, Route: payement/List_payement]
in APPPATH/Controllers/PayementController.php on line 12.
 1 SYSTEMPATH/CodeIgniter.php(933): App\Controllers\PayementController->list()
 2 SYSTEMPATH/CodeIgniter.php(509): CodeIgniter\CodeIgniter->runController()
 3 SYSTEMPATH/CodeIgniter.php(355): CodeIgniter\CodeIgniter->handleRequest()
 4 SYSTEMPATH/Boot.php(325): CodeIgniter\CodeIgniter->run()
 5 SYSTEMPATH/Boot.php(67): CodeIgniter\Boot::runCodeIgniter()
 6 FCPATH/index.php(56): CodeIgniter\Boot::bootWeb()
 7 SYSTEMPATH/Commands/Server/rewrite.php(49): require_once('/var/www/html/appGes/public/index.php')
CRITICAL - 2024-10-03 10:16:15 --> CodeIgniter\View\Exceptions\ViewException: Invalid file: "solde_client.php"
[Method: GET, Route: client/Solde_client/2]
in SYSTEMPATH/Exceptions/FrameworkException.php on line 41.
 1 SYSTEMPATH/View/View.php(222): CodeIgniter\Exceptions\FrameworkException::forInvalidFile()
 2 SYSTEMPATH/Common.php(1171): CodeIgniter\View\View->render()
 3 APPPATH/Controllers/AcheterController.php(289): view()
 4 SYSTEMPATH/CodeIgniter.php(933): App\Controllers\AcheterController->solde_client()
 5 SYSTEMPATH/CodeIgniter.php(509): CodeIgniter\CodeIgniter->runController()
 6 SYSTEMPATH/CodeIgniter.php(355): CodeIgniter\CodeIgniter->handleRequest()
 7 SYSTEMPATH/Boot.php(325): CodeIgniter\CodeIgniter->run()
 8 SYSTEMPATH/Boot.php(67): CodeIgniter\Boot::runCodeIgniter()
 9 FCPATH/index.php(56): CodeIgniter\Boot::bootWeb()
10 SYSTEMPATH/Commands/Server/rewrite.php(49): require_once('/var/www/html/appGes/public/index.php')
CRITICAL - 2024-10-03 10:17:10 --> CodeIgniter\View\Exceptions\ViewException: Invalid file: "solde_client.php"
[Method: GET, Route: client/Solde_client/2]
in SYSTEMPATH/Exceptions/FrameworkException.php on line 41.
 1 SYSTEMPATH/View/View.php(222): CodeIgniter\Exceptions\FrameworkException::forInvalidFile()
 2 SYSTEMPATH/Common.php(1171): CodeIgniter\View\View->render()
 3 APPPATH/Controllers/AcheterController.php(289): view()
 4 SYSTEMPATH/CodeIgniter.php(933): App\Controllers\AcheterController->solde_client()
 5 SYSTEMPATH/CodeIgniter.php(509): CodeIgniter\CodeIgniter->runController()
 6 SYSTEMPATH/CodeIgniter.php(355): CodeIgniter\CodeIgniter->handleRequest()
 7 SYSTEMPATH/Boot.php(325): CodeIgniter\CodeIgniter->run()
 8 SYSTEMPATH/Boot.php(67): CodeIgniter\Boot::runCodeIgniter()
 9 FCPATH/index.php(56): CodeIgniter\Boot::bootWeb()
10 SYSTEMPATH/Commands/Server/rewrite.php(49): require_once('/var/www/html/appGes/public/index.php')
CRITICAL - 2024-10-03 10:34:57 --> ErrorException: Undefined variable $ClientModel
[Method: GET, Route: client/Solde_client/3]
in APPPATH/Controllers/AcheterController.php on line 290.
 1 APPPATH/Controllers/AcheterController.php(290): CodeIgniter\Debug\Exceptions->errorHandler()
 2 SYSTEMPATH/CodeIgniter.php(933): App\Controllers\AcheterController->solde_client()
 3 SYSTEMPATH/CodeIgniter.php(509): CodeIgniter\CodeIgniter->runController()
 4 SYSTEMPATH/CodeIgniter.php(355): CodeIgniter\CodeIgniter->handleRequest()
 5 SYSTEMPATH/Boot.php(325): CodeIgniter\CodeIgniter->run()
 6 SYSTEMPATH/Boot.php(67): CodeIgniter\Boot::runCodeIgniter()
 7 FCPATH/index.php(56): CodeIgniter\Boot::bootWeb()
 8 SYSTEMPATH/Commands/Server/rewrite.php(49): require_once('/var/www/html/appGes/public/index.php')
CRITICAL - 2024-10-03 10:39:15 --> ErrorException: Trying to access array offset on null
[Method: GET, Route: client/Solde_client/3]
in APPPATH/Controllers/AcheterController.php on line 304.
 1 APPPATH/Controllers/AcheterController.php(304): CodeIgniter\Debug\Exceptions->errorHandler()
 2 SYSTEMPATH/CodeIgniter.php(933): App\Controllers\AcheterController->solde_client()
 3 SYSTEMPATH/CodeIgniter.php(509): CodeIgniter\CodeIgniter->runController()
 4 SYSTEMPATH/CodeIgniter.php(355): CodeIgniter\CodeIgniter->handleRequest()
 5 SYSTEMPATH/Boot.php(325): CodeIgniter\CodeIgniter->run()
 6 SYSTEMPATH/Boot.php(67): CodeIgniter\Boot::runCodeIgniter()
 7 FCPATH/index.php(56): CodeIgniter\Boot::bootWeb()
 8 SYSTEMPATH/Commands/Server/rewrite.php(49): require_once('/var/www/html/appGes/public/index.php')
CRITICAL - 2024-10-03 10:41:29 --> ErrorException: Undefined array key 0
[Method: GET, Route: client/Solde_client/3]
in APPPATH/Controllers/AcheterController.php on line 304.
 1 APPPATH/Controllers/AcheterController.php(304): CodeIgniter\Debug\Exceptions->errorHandler()
 2 SYSTEMPATH/CodeIgniter.php(933): App\Controllers\AcheterController->solde_client()
 3 SYSTEMPATH/CodeIgniter.php(509): CodeIgniter\CodeIgniter->runController()
 4 SYSTEMPATH/CodeIgniter.php(355): CodeIgniter\CodeIgniter->handleRequest()
 5 SYSTEMPATH/Boot.php(325): CodeIgniter\CodeIgniter->run()
 6 SYSTEMPATH/Boot.php(67): CodeIgniter\Boot::runCodeIgniter()
 7 FCPATH/index.php(56): CodeIgniter\Boot::bootWeb()
 8 SYSTEMPATH/Commands/Server/rewrite.php(49): require_once('/var/www/html/appGes/public/index.php')
CRITICAL - 2024-10-03 10:41:58 --> ErrorException: Undefined array key "nameClient"
[Method: GET, Route: client/Solde_client/3]
in APPPATH/Controllers/AcheterController.php on line 304.
 1 APPPATH/Controllers/AcheterController.php(304): CodeIgniter\Debug\Exceptions->errorHandler()
 2 SYSTEMPATH/CodeIgniter.php(933): App\Controllers\AcheterController->solde_client()
 3 SYSTEMPATH/CodeIgniter.php(509): CodeIgniter\CodeIgniter->runController()
 4 SYSTEMPATH/CodeIgniter.php(355): CodeIgniter\CodeIgniter->handleRequest()
 5 SYSTEMPATH/Boot.php(325): CodeIgniter\CodeIgniter->run()
 6 SYSTEMPATH/Boot.php(67): CodeIgniter\Boot::runCodeIgniter()
 7 FCPATH/index.php(56): CodeIgniter\Boot::bootWeb()
 8 SYSTEMPATH/Commands/Server/rewrite.php(49): require_once('/var/www/html/appGes/public/index.php')
CRITICAL - 2024-10-03 10:43:31 --> ErrorException: Undefined array key "idClient"
[Method: GET, Route: client/Solde_client/3]
in APPPATH/Controllers/AcheterController.php on line 304.
 1 APPPATH/Controllers/AcheterController.php(304): CodeIgniter\Debug\Exceptions->errorHandler()
 2 SYSTEMPATH/CodeIgniter.php(933): App\Controllers\AcheterController->solde_client()
 3 SYSTEMPATH/CodeIgniter.php(509): CodeIgniter\CodeIgniter->runController()
 4 SYSTEMPATH/CodeIgniter.php(355): CodeIgniter\CodeIgniter->handleRequest()
 5 SYSTEMPATH/Boot.php(325): CodeIgniter\CodeIgniter->run()
 6 SYSTEMPATH/Boot.php(67): CodeIgniter\Boot::runCodeIgniter()
 7 FCPATH/index.php(56): CodeIgniter\Boot::bootWeb()
 8 SYSTEMPATH/Commands/Server/rewrite.php(49): require_once('/var/www/html/appGes/public/index.php')
CRITICAL - 2024-10-03 10:46:25 --> ErrorException: Undefined array key "numAcheter"
[Method: GET, Route: client/Solde_client/3]
in APPPATH/Controllers/AcheterController.php on line 304.
 1 APPPATH/Controllers/AcheterController.php(304): CodeIgniter\Debug\Exceptions->errorHandler()
 2 SYSTEMPATH/CodeIgniter.php(933): App\Controllers\AcheterController->solde_client()
 3 SYSTEMPATH/CodeIgniter.php(509): CodeIgniter\CodeIgniter->runController()
 4 SYSTEMPATH/CodeIgniter.php(355): CodeIgniter\CodeIgniter->handleRequest()
 5 SYSTEMPATH/Boot.php(325): CodeIgniter\CodeIgniter->run()
 6 SYSTEMPATH/Boot.php(67): CodeIgniter\Boot::runCodeIgniter()
 7 FCPATH/index.php(56): CodeIgniter\Boot::bootWeb()
 8 SYSTEMPATH/Commands/Server/rewrite.php(49): require_once('/var/www/html/appGes/public/index.php')
CRITICAL - 2024-10-03 10:46:55 --> ErrorException: Undefined array key 0
[Method: GET, Route: client/Solde_client/3]
in APPPATH/Controllers/AcheterController.php on line 304.
 1 APPPATH/Controllers/AcheterController.php(304): CodeIgniter\Debug\Exceptions->errorHandler()
 2 SYSTEMPATH/CodeIgniter.php(933): App\Controllers\AcheterController->solde_client()
 3 SYSTEMPATH/CodeIgniter.php(509): CodeIgniter\CodeIgniter->runController()
 4 SYSTEMPATH/CodeIgniter.php(355): CodeIgniter\CodeIgniter->handleRequest()
 5 SYSTEMPATH/Boot.php(325): CodeIgniter\CodeIgniter->run()
 6 SYSTEMPATH/Boot.php(67): CodeIgniter\Boot::runCodeIgniter()
 7 FCPATH/index.php(56): CodeIgniter\Boot::bootWeb()
 8 SYSTEMPATH/Commands/Server/rewrite.php(49): require_once('/var/www/html/appGes/public/index.php')
CRITICAL - 2024-10-03 10:48:07 --> ErrorException: Undefined array key 0
[Method: GET, Route: client/Solde_client/3]
in APPPATH/Controllers/AcheterController.php on line 304.
 1 APPPATH/Controllers/AcheterController.php(304): CodeIgniter\Debug\Exceptions->errorHandler()
 2 SYSTEMPATH/CodeIgniter.php(933): App\Controllers\AcheterController->solde_client()
 3 SYSTEMPATH/CodeIgniter.php(509): CodeIgniter\CodeIgniter->runController()
 4 SYSTEMPATH/CodeIgniter.php(355): CodeIgniter\CodeIgniter->handleRequest()
 5 SYSTEMPATH/Boot.php(325): CodeIgniter\CodeIgniter->run()
 6 SYSTEMPATH/Boot.php(67): CodeIgniter\Boot::runCodeIgniter()
 7 FCPATH/index.php(56): CodeIgniter\Boot::bootWeb()
 8 SYSTEMPATH/Commands/Server/rewrite.php(49): require_once('/var/www/html/appGes/public/index.php')
CRITICAL - 2024-10-03 10:48:38 --> ErrorException: Undefined array key "numAcheter"
[Method: GET, Route: client/Solde_client/3]
in APPPATH/Controllers/AcheterController.php on line 304.
 1 APPPATH/Controllers/AcheterController.php(304): CodeIgniter\Debug\Exceptions->errorHandler()
 2 SYSTEMPATH/CodeIgniter.php(933): App\Controllers\AcheterController->solde_client()
 3 SYSTEMPATH/CodeIgniter.php(509): CodeIgniter\CodeIgniter->runController()
 4 SYSTEMPATH/CodeIgniter.php(355): CodeIgniter\CodeIgniter->handleRequest()
 5 SYSTEMPATH/Boot.php(325): CodeIgniter\CodeIgniter->run()
 6 SYSTEMPATH/Boot.php(67): CodeIgniter\Boot::runCodeIgniter()
 7 FCPATH/index.php(56): CodeIgniter\Boot::bootWeb()
 8 SYSTEMPATH/Commands/Server/rewrite.php(49): require_once('/var/www/html/appGes/public/index.php')
CRITICAL - 2024-10-03 11:10:09 --> ErrorException: Cannot redeclare App\Controllers\AcheterController::solde_client()
[Method: GET, Route: client/Solde_client/1]
in APPPATH/Controllers/AcheterController.php on line 319.
 1 [internal function]: CodeIgniter\Debug\Exceptions->shutdownHandler()
CRITICAL - 2024-10-03 11:10:28 --> ErrorException: Cannot redeclare App\Controllers\AcheterController::solde_client()
[Method: GET, Route: client/Solde_client/1]
in APPPATH/Controllers/AcheterController.php on line 319.
 1 [internal function]: CodeIgniter\Debug\Exceptions->shutdownHandler()
WARNING - 2024-10-03 12:41:56 --> [DEPRECATED] Creation of dynamic property App\Controllers\AuthentificationController::$UserModel is deprecated in APPPATH/Controllers/AuthentificationController.php on line 21.
 1 SYSTEMPATH/CodeIgniter.php(903): App\Controllers\AuthentificationController->__construct()
 2 SYSTEMPATH/CodeIgniter.php(500): CodeIgniter\CodeIgniter->createController()
 3 SYSTEMPATH/CodeIgniter.php(355): CodeIgniter\CodeIgniter->handleRequest(null, Object(Config\Cache), false)
 4 SYSTEMPATH/Boot.php(325): CodeIgniter\CodeIgniter->run()
 5 SYSTEMPATH/Boot.php(67): CodeIgniter\Boot::runCodeIgniter(Object(CodeIgniter\CodeIgniter))
 6 FCPATH/index.php(56): CodeIgniter\Boot::bootWeb(Object(Config\Paths))
 7 SYSTEMPATH/Commands/Server/rewrite.php(49): require_once('/var/www/html/appGes/public/index.php')
INFO - 2024-10-03 12:41:56 --> Session: Class initialized using 'CodeIgniter\Session\Handlers\FileHandler' driver.
CRITICAL - 2024-10-03 13:36:35 --> CodeIgniter\HTTP\Exceptions\BadRequestException: The URI you submitted has disallowed characters: "2 line 74 > inlineScript"
[Method: GET, Route: client/Solde_client/2%20line%2074%20%3E%20inlineScript]
in SYSTEMPATH/Router/Router.php on line 736.
 1 SYSTEMPATH/Router/Router.php(203): CodeIgniter\Router\Router->checkDisallowedChars()
 2 SYSTEMPATH/CodeIgniter.php(834): CodeIgniter\Router\Router->handle()
 3 SYSTEMPATH/CodeIgniter.php(457): CodeIgniter\CodeIgniter->tryToRouteIt()
 4 SYSTEMPATH/CodeIgniter.php(355): CodeIgniter\CodeIgniter->handleRequest()
 5 SYSTEMPATH/Boot.php(325): CodeIgniter\CodeIgniter->run()
 6 SYSTEMPATH/Boot.php(67): CodeIgniter\Boot::runCodeIgniter()
 7 FCPATH/index.php(56): CodeIgniter\Boot::bootWeb()
 8 SYSTEMPATH/Commands/Server/rewrite.php(49): require_once('/var/www/html/appGes/public/index.php')
CRITICAL - 2024-10-03 13:46:55 --> Error: Class "App\Controllers\ClientModel" not found
[Method: POST, Route: payement/List_payement_client]
in APPPATH/Controllers/PayementController.php on line 76.
 1 SYSTEMPATH/CodeIgniter.php(933): App\Controllers\PayementController->listPayementClient()
 2 SYSTEMPATH/CodeIgniter.php(509): CodeIgniter\CodeIgniter->runController()
 3 SYSTEMPATH/CodeIgniter.php(355): CodeIgniter\CodeIgniter->handleRequest()
 4 SYSTEMPATH/Boot.php(325): CodeIgniter\CodeIgniter->run()
 5 SYSTEMPATH/Boot.php(67): CodeIgniter\Boot::runCodeIgniter()
 6 FCPATH/index.php(56): CodeIgniter\Boot::bootWeb()
 7 SYSTEMPATH/Commands/Server/rewrite.php(49): require_once('/var/www/html/appGes/public/index.php')
CRITICAL - 2024-10-03 14:13:40 --> ArgumentCountError: Too few arguments to function App\Models\PayementModel::getPayementByIdClient(), 0 passed in /var/www/html/appGes/app/Controllers/PayementController.php on line 94 and exactly 1 expected
[Method: POST, Route: payement/List_payement_client]
in APPPATH/Models/PayementModel.php on line 83.
 1 APPPATH/Controllers/PayementController.php(94): App\Models\PayementModel->getPayementByIdClient()
 2 SYSTEMPATH/CodeIgniter.php(933): App\Controllers\PayementController->listPayementClient()
 3 SYSTEMPATH/CodeIgniter.php(509): CodeIgniter\CodeIgniter->runController()
 4 SYSTEMPATH/CodeIgniter.php(355): CodeIgniter\CodeIgniter->handleRequest()
 5 SYSTEMPATH/Boot.php(325): CodeIgniter\CodeIgniter->run()
 6 SYSTEMPATH/Boot.php(67): CodeIgniter\Boot::runCodeIgniter()
 7 FCPATH/index.php(56): CodeIgniter\Boot::bootWeb()
 8 SYSTEMPATH/Commands/Server/rewrite.php(49): require_once('/var/www/html/appGes/public/index.php')
CRITICAL - 2024-10-03 14:15:15 --> ArgumentCountError: Too few arguments to function App\Models\PayementModel::getPayementByIdClient(), 0 passed in /var/www/html/appGes/app/Controllers/PayementController.php on line 93 and exactly 1 expected
[Method: POST, Route: payement/List_payement_client]
in APPPATH/Models/PayementModel.php on line 83.
 1 APPPATH/Controllers/PayementController.php(93): App\Models\PayementModel->getPayementByIdClient()
 2 SYSTEMPATH/CodeIgniter.php(933): App\Controllers\PayementController->listPayementClient()
 3 SYSTEMPATH/CodeIgniter.php(509): CodeIgniter\CodeIgniter->runController()
 4 SYSTEMPATH/CodeIgniter.php(355): CodeIgniter\CodeIgniter->handleRequest()
 5 SYSTEMPATH/Boot.php(325): CodeIgniter\CodeIgniter->run()
 6 SYSTEMPATH/Boot.php(67): CodeIgniter\Boot::runCodeIgniter()
 7 FCPATH/index.php(56): CodeIgniter\Boot::bootWeb()
 8 SYSTEMPATH/Commands/Server/rewrite.php(49): require_once('/var/www/html/appGes/public/index.php')
CRITICAL - 2024-10-03 14:20:16 --> ArgumentCountError: Too few arguments to function App\Models\PayementModel::getPayementByIdClient(), 0 passed in /var/www/html/appGes/app/Controllers/PayementController.php on line 93 and exactly 1 expected
[Method: POST, Route: payement/List_payement_client]
in APPPATH/Models/PayementModel.php on line 83.
 1 APPPATH/Controllers/PayementController.php(93): App\Models\PayementModel->getPayementByIdClient()
 2 SYSTEMPATH/CodeIgniter.php(933): App\Controllers\PayementController->listPayementClient()
 3 SYSTEMPATH/CodeIgniter.php(509): CodeIgniter\CodeIgniter->runController()
 4 SYSTEMPATH/CodeIgniter.php(355): CodeIgniter\CodeIgniter->handleRequest()
 5 SYSTEMPATH/Boot.php(325): CodeIgniter\CodeIgniter->run()
 6 SYSTEMPATH/Boot.php(67): CodeIgniter\Boot::runCodeIgniter()
 7 FCPATH/index.php(56): CodeIgniter\Boot::bootWeb()
 8 SYSTEMPATH/Commands/Server/rewrite.php(49): require_once('/var/www/html/appGes/public/index.php')
ERROR - 2024-10-03 14:33:01 --> SQLite3Exception: Unable to prepare statement: near "`c`": syntax error in /var/www/html/appGes/vendor/codeigniter4/framework/system/Database/SQLite3/Connection.php:153
Stack trace:
#0 /var/www/html/appGes/vendor/codeigniter4/framework/system/Database/SQLite3/Connection.php(153): SQLite3->query()
#1 /var/www/html/appGes/vendor/codeigniter4/framework/system/Database/BaseConnection.php(732): CodeIgniter\Database\SQLite3\Connection->execute()
#2 /var/www/html/appGes/vendor/codeigniter4/framework/system/Database/BaseConnection.php(646): CodeIgniter\Database\BaseConnection->simpleQuery()
#3 /var/www/html/appGes/vendor/codeigniter4/framework/system/Database/BaseBuilder.php(1637): CodeIgniter\Database\BaseConnection->query()
#4 /var/www/html/appGes/app/Models/PayementModel.php(91): CodeIgniter\Database\BaseBuilder->get()
#5 /var/www/html/appGes/app/Controllers/PayementController.php(93): App\Models\PayementModel->getPayementByIdClient()
#6 /var/www/html/appGes/vendor/codeigniter4/framework/system/CodeIgniter.php(933): App\Controllers\PayementController->listPayementClient()
#7 /var/www/html/appGes/vendor/codeigniter4/framework/system/CodeIgniter.php(509): CodeIgniter\CodeIgniter->runController()
#8 /var/www/html/appGes/vendor/codeigniter4/framework/system/CodeIgniter.php(355): CodeIgniter\CodeIgniter->handleRequest()
#9 /var/www/html/appGes/vendor/codeigniter4/framework/system/Boot.php(325): CodeIgniter\CodeIgniter->run()
#10 /var/www/html/appGes/vendor/codeigniter4/framework/system/Boot.php(67): CodeIgniter\Boot::runCodeIgniter()
#11 /var/www/html/appGes/public/index.php(56): CodeIgniter\Boot::bootWeb()
#12 /var/www/html/appGes/vendor/codeigniter4/framework/system/Commands/Server/rewrite.php(49): require_once('...')
#13 {main}
CRITICAL - 2024-10-03 14:33:01 --> CodeIgniter\Database\Exceptions\DatabaseException: Unable to prepare statement: near "`c`": syntax error
[Method: GET, Route: payement/List_payement_client]
in SYSTEMPATH/Database/BaseConnection.php on line 686.
 1 SYSTEMPATH/Database/BaseBuilder.php(1637): CodeIgniter\Database\BaseConnection->query()
 2 APPPATH/Models/PayementModel.php(91): CodeIgniter\Database\BaseBuilder->get()
 3 APPPATH/Controllers/PayementController.php(93): App\Models\PayementModel->getPayementByIdClient()
 4 SYSTEMPATH/CodeIgniter.php(933): App\Controllers\PayementController->listPayementClient()
 5 SYSTEMPATH/CodeIgniter.php(509): CodeIgniter\CodeIgniter->runController()
 6 SYSTEMPATH/CodeIgniter.php(355): CodeIgniter\CodeIgniter->handleRequest()
 7 SYSTEMPATH/Boot.php(325): CodeIgniter\CodeIgniter->run()
 8 SYSTEMPATH/Boot.php(67): CodeIgniter\Boot::runCodeIgniter()
 9 FCPATH/index.php(56): CodeIgniter\Boot::bootWeb()
10 SYSTEMPATH/Commands/Server/rewrite.php(49): require_once('/var/www/html/appGes/public/index.php')
CRITICAL - 2024-10-03 14:33:01 --> [Caused by] CodeIgniter\Database\Exceptions\DatabaseException: Unable to prepare statement: near "`c`": syntax error
in SYSTEMPATH/Database/SQLite3/Connection.php on line 158.
 1 SYSTEMPATH/Database/BaseConnection.php(732): CodeIgniter\Database\SQLite3\Connection->execute()
 2 SYSTEMPATH/Database/BaseConnection.php(646): CodeIgniter\Database\BaseConnection->simpleQuery()
 3 SYSTEMPATH/Database/BaseBuilder.php(1637): CodeIgniter\Database\BaseConnection->query()
 4 APPPATH/Models/PayementModel.php(91): CodeIgniter\Database\BaseBuilder->get()
 5 APPPATH/Controllers/PayementController.php(93): App\Models\PayementModel->getPayementByIdClient()
 6 SYSTEMPATH/CodeIgniter.php(933): App\Controllers\PayementController->listPayementClient()
 7 SYSTEMPATH/CodeIgniter.php(509): CodeIgniter\CodeIgniter->runController()
 8 SYSTEMPATH/CodeIgniter.php(355): CodeIgniter\CodeIgniter->handleRequest()
 9 SYSTEMPATH/Boot.php(325): CodeIgniter\CodeIgniter->run()
10 SYSTEMPATH/Boot.php(67): CodeIgniter\Boot::runCodeIgniter()
11 FCPATH/index.php(56): CodeIgniter\Boot::bootWeb()
12 SYSTEMPATH/Commands/Server/rewrite.php(49): require_once('/var/www/html/appGes/public/index.php')
CRITICAL - 2024-10-03 14:33:01 --> [Caused by] SQLite3Exception: Unable to prepare statement: near "`c`": syntax error
in SYSTEMPATH/Database/SQLite3/Connection.php on line 153.
 1 SYSTEMPATH/Database/SQLite3/Connection.php(153): SQLite3->query()
 2 SYSTEMPATH/Database/BaseConnection.php(732): CodeIgniter\Database\SQLite3\Connection->execute()
 3 SYSTEMPATH/Database/BaseConnection.php(646): CodeIgniter\Database\BaseConnection->simpleQuery()
 4 SYSTEMPATH/Database/BaseBuilder.php(1637): CodeIgniter\Database\BaseConnection->query()
 5 APPPATH/Models/PayementModel.php(91): CodeIgniter\Database\BaseBuilder->get()
 6 APPPATH/Controllers/PayementController.php(93): App\Models\PayementModel->getPayementByIdClient()
 7 SYSTEMPATH/CodeIgniter.php(933): App\Controllers\PayementController->listPayementClient()
 8 SYSTEMPATH/CodeIgniter.php(509): CodeIgniter\CodeIgniter->runController()
 9 SYSTEMPATH/CodeIgniter.php(355): CodeIgniter\CodeIgniter->handleRequest()
10 SYSTEMPATH/Boot.php(325): CodeIgniter\CodeIgniter->run()
11 SYSTEMPATH/Boot.php(67): CodeIgniter\Boot::runCodeIgniter()
12 FCPATH/index.php(56): CodeIgniter\Boot::bootWeb()
13 SYSTEMPATH/Commands/Server/rewrite.php(49): require_once('/var/www/html/appGes/public/index.php')
ERROR - 2024-10-03 14:33:27 --> SQLite3Exception: Unable to prepare statement: near "`c`": syntax error in /var/www/html/appGes/vendor/codeigniter4/framework/system/Database/SQLite3/Connection.php:153
Stack trace:
#0 /var/www/html/appGes/vendor/codeigniter4/framework/system/Database/SQLite3/Connection.php(153): SQLite3->query()
#1 /var/www/html/appGes/vendor/codeigniter4/framework/system/Database/BaseConnection.php(732): CodeIgniter\Database\SQLite3\Connection->execute()
#2 /var/www/html/appGes/vendor/codeigniter4/framework/system/Database/BaseConnection.php(646): CodeIgniter\Database\BaseConnection->simpleQuery()
#3 /var/www/html/appGes/vendor/codeigniter4/framework/system/Database/BaseBuilder.php(1637): CodeIgniter\Database\BaseConnection->query()
#4 /var/www/html/appGes/app/Models/PayementModel.php(91): CodeIgniter\Database\BaseBuilder->get()
#5 /var/www/html/appGes/app/Controllers/PayementController.php(93): App\Models\PayementModel->getPayementByIdClient()
#6 /var/www/html/appGes/vendor/codeigniter4/framework/system/CodeIgniter.php(933): App\Controllers\PayementController->listPayementClient()
#7 /var/www/html/appGes/vendor/codeigniter4/framework/system/CodeIgniter.php(509): CodeIgniter\CodeIgniter->runController()
#8 /var/www/html/appGes/vendor/codeigniter4/framework/system/CodeIgniter.php(355): CodeIgniter\CodeIgniter->handleRequest()
#9 /var/www/html/appGes/vendor/codeigniter4/framework/system/Boot.php(325): CodeIgniter\CodeIgniter->run()
#10 /var/www/html/appGes/vendor/codeigniter4/framework/system/Boot.php(67): CodeIgniter\Boot::runCodeIgniter()
#11 /var/www/html/appGes/public/index.php(56): CodeIgniter\Boot::bootWeb()
#12 /var/www/html/appGes/vendor/codeigniter4/framework/system/Commands/Server/rewrite.php(49): require_once('...')
#13 {main}
CRITICAL - 2024-10-03 14:33:27 --> CodeIgniter\Database\Exceptions\DatabaseException: Unable to prepare statement: near "`c`": syntax error
[Method: GET, Route: payement/List_payement_client]
in SYSTEMPATH/Database/BaseConnection.php on line 686.
 1 SYSTEMPATH/Database/BaseBuilder.php(1637): CodeIgniter\Database\BaseConnection->query()
 2 APPPATH/Models/PayementModel.php(91): CodeIgniter\Database\BaseBuilder->get()
 3 APPPATH/Controllers/PayementController.php(93): App\Models\PayementModel->getPayementByIdClient()
 4 SYSTEMPATH/CodeIgniter.php(933): App\Controllers\PayementController->listPayementClient()
 5 SYSTEMPATH/CodeIgniter.php(509): CodeIgniter\CodeIgniter->runController()
 6 SYSTEMPATH/CodeIgniter.php(355): CodeIgniter\CodeIgniter->handleRequest()
 7 SYSTEMPATH/Boot.php(325): CodeIgniter\CodeIgniter->run()
 8 SYSTEMPATH/Boot.php(67): CodeIgniter\Boot::runCodeIgniter()
 9 FCPATH/index.php(56): CodeIgniter\Boot::bootWeb()
10 SYSTEMPATH/Commands/Server/rewrite.php(49): require_once('/var/www/html/appGes/public/index.php')
CRITICAL - 2024-10-03 14:33:27 --> [Caused by] CodeIgniter\Database\Exceptions\DatabaseException: Unable to prepare statement: near "`c`": syntax error
in SYSTEMPATH/Database/SQLite3/Connection.php on line 158.
 1 SYSTEMPATH/Database/BaseConnection.php(732): CodeIgniter\Database\SQLite3\Connection->execute()
 2 SYSTEMPATH/Database/BaseConnection.php(646): CodeIgniter\Database\BaseConnection->simpleQuery()
 3 SYSTEMPATH/Database/BaseBuilder.php(1637): CodeIgniter\Database\BaseConnection->query()
 4 APPPATH/Models/PayementModel.php(91): CodeIgniter\Database\BaseBuilder->get()
 5 APPPATH/Controllers/PayementController.php(93): App\Models\PayementModel->getPayementByIdClient()
 6 SYSTEMPATH/CodeIgniter.php(933): App\Controllers\PayementController->listPayementClient()
 7 SYSTEMPATH/CodeIgniter.php(509): CodeIgniter\CodeIgniter->runController()
 8 SYSTEMPATH/CodeIgniter.php(355): CodeIgniter\CodeIgniter->handleRequest()
 9 SYSTEMPATH/Boot.php(325): CodeIgniter\CodeIgniter->run()
10 SYSTEMPATH/Boot.php(67): CodeIgniter\Boot::runCodeIgniter()
11 FCPATH/index.php(56): CodeIgniter\Boot::bootWeb()
12 SYSTEMPATH/Commands/Server/rewrite.php(49): require_once('/var/www/html/appGes/public/index.php')
CRITICAL - 2024-10-03 14:33:27 --> [Caused by] SQLite3Exception: Unable to prepare statement: near "`c`": syntax error
in SYSTEMPATH/Database/SQLite3/Connection.php on line 153.
 1 SYSTEMPATH/Database/SQLite3/Connection.php(153): SQLite3->query()
 2 SYSTEMPATH/Database/BaseConnection.php(732): CodeIgniter\Database\SQLite3\Connection->execute()
 3 SYSTEMPATH/Database/BaseConnection.php(646): CodeIgniter\Database\BaseConnection->simpleQuery()
 4 SYSTEMPATH/Database/BaseBuilder.php(1637): CodeIgniter\Database\BaseConnection->query()
 5 APPPATH/Models/PayementModel.php(91): CodeIgniter\Database\BaseBuilder->get()
 6 APPPATH/Controllers/PayementController.php(93): App\Models\PayementModel->getPayementByIdClient()
 7 SYSTEMPATH/CodeIgniter.php(933): App\Controllers\PayementController->listPayementClient()
 8 SYSTEMPATH/CodeIgniter.php(509): CodeIgniter\CodeIgniter->runController()
 9 SYSTEMPATH/CodeIgniter.php(355): CodeIgniter\CodeIgniter->handleRequest()
10 SYSTEMPATH/Boot.php(325): CodeIgniter\CodeIgniter->run()
11 SYSTEMPATH/Boot.php(67): CodeIgniter\Boot::runCodeIgniter()
12 FCPATH/index.php(56): CodeIgniter\Boot::bootWeb()
13 SYSTEMPATH/Commands/Server/rewrite.php(49): require_once('/var/www/html/appGes/public/index.php')
ERROR - 2024-10-03 14:33:52 --> SQLite3Exception: Unable to prepare statement: ambiguous column name: is_delete in /var/www/html/appGes/vendor/codeigniter4/framework/system/Database/SQLite3/Connection.php:153
Stack trace:
#0 /var/www/html/appGes/vendor/codeigniter4/framework/system/Database/SQLite3/Connection.php(153): SQLite3->query()
#1 /var/www/html/appGes/vendor/codeigniter4/framework/system/Database/BaseConnection.php(732): CodeIgniter\Database\SQLite3\Connection->execute()
#2 /var/www/html/appGes/vendor/codeigniter4/framework/system/Database/BaseConnection.php(646): CodeIgniter\Database\BaseConnection->simpleQuery()
#3 /var/www/html/appGes/vendor/codeigniter4/framework/system/Database/BaseBuilder.php(1637): CodeIgniter\Database\BaseConnection->query()
#4 /var/www/html/appGes/app/Models/PayementModel.php(91): CodeIgniter\Database\BaseBuilder->get()
#5 /var/www/html/appGes/app/Controllers/PayementController.php(93): App\Models\PayementModel->getPayementByIdClient()
#6 /var/www/html/appGes/vendor/codeigniter4/framework/system/CodeIgniter.php(933): App\Controllers\PayementController->listPayementClient()
#7 /var/www/html/appGes/vendor/codeigniter4/framework/system/CodeIgniter.php(509): CodeIgniter\CodeIgniter->runController()
#8 /var/www/html/appGes/vendor/codeigniter4/framework/system/CodeIgniter.php(355): CodeIgniter\CodeIgniter->handleRequest()
#9 /var/www/html/appGes/vendor/codeigniter4/framework/system/Boot.php(325): CodeIgniter\CodeIgniter->run()
#10 /var/www/html/appGes/vendor/codeigniter4/framework/system/Boot.php(67): CodeIgniter\Boot::runCodeIgniter()
#11 /var/www/html/appGes/public/index.php(56): CodeIgniter\Boot::bootWeb()
#12 /var/www/html/appGes/vendor/codeigniter4/framework/system/Commands/Server/rewrite.php(49): require_once('...')
#13 {main}
CRITICAL - 2024-10-03 14:33:52 --> CodeIgniter\Database\Exceptions\DatabaseException: Unable to prepare statement: ambiguous column name: is_delete
[Method: GET, Route: payement/List_payement_client]
in SYSTEMPATH/Database/BaseConnection.php on line 686.
 1 SYSTEMPATH/Database/BaseBuilder.php(1637): CodeIgniter\Database\BaseConnection->query()
 2 APPPATH/Models/PayementModel.php(91): CodeIgniter\Database\BaseBuilder->get()
 3 APPPATH/Controllers/PayementController.php(93): App\Models\PayementModel->getPayementByIdClient()
 4 SYSTEMPATH/CodeIgniter.php(933): App\Controllers\PayementController->listPayementClient()
 5 SYSTEMPATH/CodeIgniter.php(509): CodeIgniter\CodeIgniter->runController()
 6 SYSTEMPATH/CodeIgniter.php(355): CodeIgniter\CodeIgniter->handleRequest()
 7 SYSTEMPATH/Boot.php(325): CodeIgniter\CodeIgniter->run()
 8 SYSTEMPATH/Boot.php(67): CodeIgniter\Boot::runCodeIgniter()
 9 FCPATH/index.php(56): CodeIgniter\Boot::bootWeb()
10 SYSTEMPATH/Commands/Server/rewrite.php(49): require_once('/var/www/html/appGes/public/index.php')
CRITICAL - 2024-10-03 14:33:52 --> [Caused by] CodeIgniter\Database\Exceptions\DatabaseException: Unable to prepare statement: ambiguous column name: is_delete
in SYSTEMPATH/Database/SQLite3/Connection.php on line 158.
 1 SYSTEMPATH/Database/BaseConnection.php(732): CodeIgniter\Database\SQLite3\Connection->execute()
 2 SYSTEMPATH/Database/BaseConnection.php(646): CodeIgniter\Database\BaseConnection->simpleQuery()
 3 SYSTEMPATH/Database/BaseBuilder.php(1637): CodeIgniter\Database\BaseConnection->query()
 4 APPPATH/Models/PayementModel.php(91): CodeIgniter\Database\BaseBuilder->get()
 5 APPPATH/Controllers/PayementController.php(93): App\Models\PayementModel->getPayementByIdClient()
 6 SYSTEMPATH/CodeIgniter.php(933): App\Controllers\PayementController->listPayementClient()
 7 SYSTEMPATH/CodeIgniter.php(509): CodeIgniter\CodeIgniter->runController()
 8 SYSTEMPATH/CodeIgniter.php(355): CodeIgniter\CodeIgniter->handleRequest()
 9 SYSTEMPATH/Boot.php(325): CodeIgniter\CodeIgniter->run()
10 SYSTEMPATH/Boot.php(67): CodeIgniter\Boot::runCodeIgniter()
11 FCPATH/index.php(56): CodeIgniter\Boot::bootWeb()
12 SYSTEMPATH/Commands/Server/rewrite.php(49): require_once('/var/www/html/appGes/public/index.php')
CRITICAL - 2024-10-03 14:33:52 --> [Caused by] SQLite3Exception: Unable to prepare statement: ambiguous column name: is_delete
in SYSTEMPATH/Database/SQLite3/Connection.php on line 153.
 1 SYSTEMPATH/Database/SQLite3/Connection.php(153): SQLite3->query()
 2 SYSTEMPATH/Database/BaseConnection.php(732): CodeIgniter\Database\SQLite3\Connection->execute()
 3 SYSTEMPATH/Database/BaseConnection.php(646): CodeIgniter\Database\BaseConnection->simpleQuery()
 4 SYSTEMPATH/Database/BaseBuilder.php(1637): CodeIgniter\Database\BaseConnection->query()
 5 APPPATH/Models/PayementModel.php(91): CodeIgniter\Database\BaseBuilder->get()
 6 APPPATH/Controllers/PayementController.php(93): App\Models\PayementModel->getPayementByIdClient()
 7 SYSTEMPATH/CodeIgniter.php(933): App\Controllers\PayementController->listPayementClient()
 8 SYSTEMPATH/CodeIgniter.php(509): CodeIgniter\CodeIgniter->runController()
 9 SYSTEMPATH/CodeIgniter.php(355): CodeIgniter\CodeIgniter->handleRequest()
10 SYSTEMPATH/Boot.php(325): CodeIgniter\CodeIgniter->run()
11 SYSTEMPATH/Boot.php(67): CodeIgniter\Boot::runCodeIgniter()
12 FCPATH/index.php(56): CodeIgniter\Boot::bootWeb()
13 SYSTEMPATH/Commands/Server/rewrite.php(49): require_once('/var/www/html/appGes/public/index.php')
ERROR - 2024-10-03 14:34:24 --> SQLite3Exception: Unable to prepare statement: ambiguous column name: idClient in /var/www/html/appGes/vendor/codeigniter4/framework/system/Database/SQLite3/Connection.php:153
Stack trace:
#0 /var/www/html/appGes/vendor/codeigniter4/framework/system/Database/SQLite3/Connection.php(153): SQLite3->query()
#1 /var/www/html/appGes/vendor/codeigniter4/framework/system/Database/BaseConnection.php(732): CodeIgniter\Database\SQLite3\Connection->execute()
#2 /var/www/html/appGes/vendor/codeigniter4/framework/system/Database/BaseConnection.php(646): CodeIgniter\Database\BaseConnection->simpleQuery()
#3 /var/www/html/appGes/vendor/codeigniter4/framework/system/Database/BaseBuilder.php(1637): CodeIgniter\Database\BaseConnection->query()
#4 /var/www/html/appGes/app/Models/PayementModel.php(91): CodeIgniter\Database\BaseBuilder->get()
#5 /var/www/html/appGes/app/Controllers/PayementController.php(93): App\Models\PayementModel->getPayementByIdClient()
#6 /var/www/html/appGes/vendor/codeigniter4/framework/system/CodeIgniter.php(933): App\Controllers\PayementController->listPayementClient()
#7 /var/www/html/appGes/vendor/codeigniter4/framework/system/CodeIgniter.php(509): CodeIgniter\CodeIgniter->runController()
#8 /var/www/html/appGes/vendor/codeigniter4/framework/system/CodeIgniter.php(355): CodeIgniter\CodeIgniter->handleRequest()
#9 /var/www/html/appGes/vendor/codeigniter4/framework/system/Boot.php(325): CodeIgniter\CodeIgniter->run()
#10 /var/www/html/appGes/vendor/codeigniter4/framework/system/Boot.php(67): CodeIgniter\Boot::runCodeIgniter()
#11 /var/www/html/appGes/public/index.php(56): CodeIgniter\Boot::bootWeb()
#12 /var/www/html/appGes/vendor/codeigniter4/framework/system/Commands/Server/rewrite.php(49): require_once('...')
#13 {main}
CRITICAL - 2024-10-03 14:34:24 --> CodeIgniter\Database\Exceptions\DatabaseException: Unable to prepare statement: ambiguous column name: idClient
[Method: GET, Route: payement/List_payement_client]
in SYSTEMPATH/Database/BaseConnection.php on line 686.
 1 SYSTEMPATH/Database/BaseBuilder.php(1637): CodeIgniter\Database\BaseConnection->query()
 2 APPPATH/Models/PayementModel.php(91): CodeIgniter\Database\BaseBuilder->get()
 3 APPPATH/Controllers/PayementController.php(93): App\Models\PayementModel->getPayementByIdClient()
 4 SYSTEMPATH/CodeIgniter.php(933): App\Controllers\PayementController->listPayementClient()
 5 SYSTEMPATH/CodeIgniter.php(509): CodeIgniter\CodeIgniter->runController()
 6 SYSTEMPATH/CodeIgniter.php(355): CodeIgniter\CodeIgniter->handleRequest()
 7 SYSTEMPATH/Boot.php(325): CodeIgniter\CodeIgniter->run()
 8 SYSTEMPATH/Boot.php(67): CodeIgniter\Boot::runCodeIgniter()
 9 FCPATH/index.php(56): CodeIgniter\Boot::bootWeb()
10 SYSTEMPATH/Commands/Server/rewrite.php(49): require_once('/var/www/html/appGes/public/index.php')
CRITICAL - 2024-10-03 14:34:24 --> [Caused by] CodeIgniter\Database\Exceptions\DatabaseException: Unable to prepare statement: ambiguous column name: idClient
in SYSTEMPATH/Database/SQLite3/Connection.php on line 158.
 1 SYSTEMPATH/Database/BaseConnection.php(732): CodeIgniter\Database\SQLite3\Connection->execute()
 2 SYSTEMPATH/Database/BaseConnection.php(646): CodeIgniter\Database\BaseConnection->simpleQuery()
 3 SYSTEMPATH/Database/BaseBuilder.php(1637): CodeIgniter\Database\BaseConnection->query()
 4 APPPATH/Models/PayementModel.php(91): CodeIgniter\Database\BaseBuilder->get()
 5 APPPATH/Controllers/PayementController.php(93): App\Models\PayementModel->getPayementByIdClient()
 6 SYSTEMPATH/CodeIgniter.php(933): App\Controllers\PayementController->listPayementClient()
 7 SYSTEMPATH/CodeIgniter.php(509): CodeIgniter\CodeIgniter->runController()
 8 SYSTEMPATH/CodeIgniter.php(355): CodeIgniter\CodeIgniter->handleRequest()
 9 SYSTEMPATH/Boot.php(325): CodeIgniter\CodeIgniter->run()
10 SYSTEMPATH/Boot.php(67): CodeIgniter\Boot::runCodeIgniter()
11 FCPATH/index.php(56): CodeIgniter\Boot::bootWeb()
12 SYSTEMPATH/Commands/Server/rewrite.php(49): require_once('/var/www/html/appGes/public/index.php')
CRITICAL - 2024-10-03 14:34:24 --> [Caused by] SQLite3Exception: Unable to prepare statement: ambiguous column name: idClient
in SYSTEMPATH/Database/SQLite3/Connection.php on line 153.
 1 SYSTEMPATH/Database/SQLite3/Connection.php(153): SQLite3->query()
 2 SYSTEMPATH/Database/BaseConnection.php(732): CodeIgniter\Database\SQLite3\Connection->execute()
 3 SYSTEMPATH/Database/BaseConnection.php(646): CodeIgniter\Database\BaseConnection->simpleQuery()
 4 SYSTEMPATH/Database/BaseBuilder.php(1637): CodeIgniter\Database\BaseConnection->query()
 5 APPPATH/Models/PayementModel.php(91): CodeIgniter\Database\BaseBuilder->get()
 6 APPPATH/Controllers/PayementController.php(93): App\Models\PayementModel->getPayementByIdClient()
 7 SYSTEMPATH/CodeIgniter.php(933): App\Controllers\PayementController->listPayementClient()
 8 SYSTEMPATH/CodeIgniter.php(509): CodeIgniter\CodeIgniter->runController()
 9 SYSTEMPATH/CodeIgniter.php(355): CodeIgniter\CodeIgniter->handleRequest()
10 SYSTEMPATH/Boot.php(325): CodeIgniter\CodeIgniter->run()
11 SYSTEMPATH/Boot.php(67): CodeIgniter\Boot::runCodeIgniter()
12 FCPATH/index.php(56): CodeIgniter\Boot::bootWeb()
13 SYSTEMPATH/Commands/Server/rewrite.php(49): require_once('/var/www/html/appGes/public/index.php')
CRITICAL - 2024-10-03 16:12:52 --> ParseError: syntax error, unexpected token "}"
[Method: POST, Route: produit/vente/1]
in APPPATH/Controllers/AcheterController.php on line 62.
 1 VENDORPATH/composer/ClassLoader.php(427): Composer\Autoload\{closure}()
 2 [internal function]: Composer\Autoload\ClassLoader->loadClass()
 3 SYSTEMPATH/CodeIgniter.php(887): class_exists()
 4 SYSTEMPATH/CodeIgniter.php(496): CodeIgniter\CodeIgniter->startController()
 5 SYSTEMPATH/CodeIgniter.php(355): CodeIgniter\CodeIgniter->handleRequest()
 6 SYSTEMPATH/Boot.php(325): CodeIgniter\CodeIgniter->run()
 7 SYSTEMPATH/Boot.php(67): CodeIgniter\Boot::runCodeIgniter()
 8 FCPATH/index.php(56): CodeIgniter\Boot::bootWeb()
 9 SYSTEMPATH/Commands/Server/rewrite.php(49): require_once('/var/www/html/appGes/public/index.php')
CRITICAL - 2024-10-03 16:13:25 --> ParseError: syntax error, unexpected token "}"
[Method: POST, Route: produit/vente/1]
in APPPATH/Controllers/AcheterController.php on line 62.
 1 VENDORPATH/composer/ClassLoader.php(427): Composer\Autoload\{closure}()
 2 [internal function]: Composer\Autoload\ClassLoader->loadClass()
 3 SYSTEMPATH/CodeIgniter.php(887): class_exists()
 4 SYSTEMPATH/CodeIgniter.php(496): CodeIgniter\CodeIgniter->startController()
 5 SYSTEMPATH/CodeIgniter.php(355): CodeIgniter\CodeIgniter->handleRequest()
 6 SYSTEMPATH/Boot.php(325): CodeIgniter\CodeIgniter->run()
 7 SYSTEMPATH/Boot.php(67): CodeIgniter\Boot::runCodeIgniter()
 8 FCPATH/index.php(56): CodeIgniter\Boot::bootWeb()
 9 SYSTEMPATH/Commands/Server/rewrite.php(49): require_once('/var/www/html/appGes/public/index.php')
CRITICAL - 2024-10-03 16:31:46 --> CodeIgniter\Validation\Exceptions\ValidationException: "array" is not a valid rule.
[Method: POST, Route: produit/vente/1]
in SYSTEMPATH/Validation/Validation.php on line 345.
 1 SYSTEMPATH/Validation/Validation.php(345): CodeIgniter\Validation\Exceptions\ValidationException::forRuleNotFound()
 2 SYSTEMPATH/Validation/Validation.php(201): CodeIgniter\Validation\Validation->processRules()
 3 SYSTEMPATH/Controller.php(137): CodeIgniter\Validation\Validation->run()
 4 APPPATH/Controllers/AcheterController.php(32): CodeIgniter\Controller->validate()
 5 SYSTEMPATH/CodeIgniter.php(933): App\Controllers\AcheterController->vente()
 6 SYSTEMPATH/CodeIgniter.php(509): CodeIgniter\CodeIgniter->runController()
 7 SYSTEMPATH/CodeIgniter.php(355): CodeIgniter\CodeIgniter->handleRequest()
 8 SYSTEMPATH/Boot.php(325): CodeIgniter\CodeIgniter->run()
 9 SYSTEMPATH/Boot.php(67): CodeIgniter\Boot::runCodeIgniter()
10 FCPATH/index.php(56): CodeIgniter\Boot::bootWeb()
11 SYSTEMPATH/Commands/Server/rewrite.php(49): require_once('/var/www/html/appGes/public/index.php')
