WARNING - 2024-10-21 10:00:37 --> [DEPRECATED] Creation of dynamic property App\Controllers\AuthentificationController::$UserModel is deprecated in APPPATH/Controllers/AuthentificationController.php on line 21.
 1 SYSTEMPATH/CodeIgniter.php(903): App\Controllers\AuthentificationController->__construct()
 2 SYSTEMPATH/CodeIgniter.php(500): CodeIgniter\CodeIgniter->createController()
 3 SYSTEMPATH/CodeIgniter.php(355): CodeIgniter\CodeIgniter->handleRequest(null, Object(Config\Cache), false)
 4 SYSTEMPATH/Boot.php(325): CodeIgniter\CodeIgniter->run()
 5 SYSTEMPATH/Boot.php(67): CodeIgniter\Boot::runCodeIgniter(Object(CodeIgniter\CodeIgniter))
 6 FCPATH/index.php(56): CodeIgniter\Boot::bootWeb(Object(Config\Paths))
 7 SYSTEMPATH/Commands/Server/rewrite.php(49): require_once('/home/auriot/Documents/gestionDepot/public/index.php')
INFO - 2024-10-21 10:00:37 --> Session: Class initialized using 'CodeIgniter\Session\Handlers\FileHandler' driver.
WARNING - 2024-10-21 10:29:28 --> [DEPRECATED] Creation of dynamic property App\Controllers\AuthentificationController::$UserModel is deprecated in APPPATH/Controllers/AuthentificationController.php on line 21.
 1 SYSTEMPATH/CodeIgniter.php(903): App\Controllers\AuthentificationController->__construct()
 2 SYSTEMPATH/CodeIgniter.php(500): CodeIgniter\CodeIgniter->createController()
 3 SYSTEMPATH/CodeIgniter.php(355): CodeIgniter\CodeIgniter->handleRequest(null, Object(Config\Cache), false)
 4 SYSTEMPATH/Boot.php(325): CodeIgniter\CodeIgniter->run()
 5 SYSTEMPATH/Boot.php(67): CodeIgniter\Boot::runCodeIgniter(Object(CodeIgniter\CodeIgniter))
 6 FCPATH/index.php(56): CodeIgniter\Boot::bootWeb(Object(Config\Paths))
 7 SYSTEMPATH/Commands/Server/rewrite.php(49): require_once('/home/auriot/Documents/gestionDepot/public/index.php')
INFO - 2024-10-21 10:29:28 --> Session: Class initialized using 'CodeIgniter\Session\Handlers\FileHandler' driver.
INFO - 2024-10-21 12:41:22 --> Session: Class initialized using 'CodeIgniter\Session\Handlers\FileHandler' driver.
CRITICAL - 2024-10-21 12:41:22 --> ErrorException: Undefined variable $data_produit
[Method: POST, Route: categorie/Save_categorie]
in APPPATH/Controllers/CategorieController.php on line 45.
 1 APPPATH/Controllers/CategorieController.php(45): CodeIgniter\Debug\Exceptions->errorHandler()
 2 SYSTEMPATH/CodeIgniter.php(933): App\Controllers\CategorieController->save()
 3 SYSTEMPATH/CodeIgniter.php(509): CodeIgniter\CodeIgniter->runController()
 4 SYSTEMPATH/CodeIgniter.php(355): CodeIgniter\CodeIgniter->handleRequest()
 5 SYSTEMPATH/Boot.php(325): CodeIgniter\CodeIgniter->run()
 6 SYSTEMPATH/Boot.php(67): CodeIgniter\Boot::runCodeIgniter()
 7 FCPATH/index.php(56): CodeIgniter\Boot::bootWeb()
 8 SYSTEMPATH/Commands/Server/rewrite.php(49): require_once('/home/auriot/Documents/gestionDepot/public/index.php')
INFO - 2024-10-21 12:41:33 --> Session: Class initialized using 'CodeIgniter\Session\Handlers\FileHandler' driver.
CRITICAL - 2024-10-21 12:41:33 --> ErrorException: Undefined variable $data_produit
[Method: POST, Route: categorie/Save_categorie]
in APPPATH/Controllers/CategorieController.php on line 45.
 1 APPPATH/Controllers/CategorieController.php(45): CodeIgniter\Debug\Exceptions->errorHandler()
 2 SYSTEMPATH/CodeIgniter.php(933): App\Controllers\CategorieController->save()
 3 SYSTEMPATH/CodeIgniter.php(509): CodeIgniter\CodeIgniter->runController()
 4 SYSTEMPATH/CodeIgniter.php(355): CodeIgniter\CodeIgniter->handleRequest()
 5 SYSTEMPATH/Boot.php(325): CodeIgniter\CodeIgniter->run()
 6 SYSTEMPATH/Boot.php(67): CodeIgniter\Boot::runCodeIgniter()
 7 FCPATH/index.php(56): CodeIgniter\Boot::bootWeb()
 8 SYSTEMPATH/Commands/Server/rewrite.php(49): require_once('/home/auriot/Documents/gestionDepot/public/index.php')
INFO - 2024-10-21 12:41:56 --> Session: Class initialized using 'CodeIgniter\Session\Handlers\FileHandler' driver.
INFO - 2024-10-21 12:43:19 --> Session: Class initialized using 'CodeIgniter\Session\Handlers\FileHandler' driver.
INFO - 2024-10-21 12:43:50 --> Session: Class initialized using 'CodeIgniter\Session\Handlers\FileHandler' driver.
INFO - 2024-10-21 12:47:44 --> Session: Class initialized using 'CodeIgniter\Session\Handlers\FileHandler' driver.
INFO - 2024-10-21 12:48:12 --> Session: Class initialized using 'CodeIgniter\Session\Handlers\FileHandler' driver.
INFO - 2024-10-21 12:50:32 --> Session: Class initialized using 'CodeIgniter\Session\Handlers\FileHandler' driver.
WARNING - 2024-10-21 12:51:07 --> [DEPRECATED] Creation of dynamic property App\Controllers\AuthentificationController::$UserModel is deprecated in APPPATH/Controllers/AuthentificationController.php on line 21.
 1 SYSTEMPATH/CodeIgniter.php(903): App\Controllers\AuthentificationController->__construct()
 2 SYSTEMPATH/CodeIgniter.php(500): CodeIgniter\CodeIgniter->createController()
 3 SYSTEMPATH/CodeIgniter.php(355): CodeIgniter\CodeIgniter->handleRequest(null, Object(Config\Cache), false)
 4 SYSTEMPATH/Boot.php(325): CodeIgniter\CodeIgniter->run()
 5 SYSTEMPATH/Boot.php(67): CodeIgniter\Boot::runCodeIgniter(Object(CodeIgniter\CodeIgniter))
 6 FCPATH/index.php(56): CodeIgniter\Boot::bootWeb(Object(Config\Paths))
 7 SYSTEMPATH/Commands/Server/rewrite.php(49): require_once('/home/auriot/Documents/gestionDepot/public/index.php')
INFO - 2024-10-21 12:51:07 --> Session: Class initialized using 'CodeIgniter\Session\Handlers\FileHandler' driver.
WARNING - 2024-10-21 12:51:09 --> [DEPRECATED] Creation of dynamic property App\Controllers\AuthentificationController::$UserModel is deprecated in APPPATH/Controllers/AuthentificationController.php on line 21.
 1 SYSTEMPATH/CodeIgniter.php(903): App\Controllers\AuthentificationController->__construct()
 2 SYSTEMPATH/CodeIgniter.php(500): CodeIgniter\CodeIgniter->createController()
 3 SYSTEMPATH/CodeIgniter.php(355): CodeIgniter\CodeIgniter->handleRequest(null, Object(Config\Cache), false)
 4 SYSTEMPATH/Boot.php(325): CodeIgniter\CodeIgniter->run()
 5 SYSTEMPATH/Boot.php(67): CodeIgniter\Boot::runCodeIgniter(Object(CodeIgniter\CodeIgniter))
 6 FCPATH/index.php(56): CodeIgniter\Boot::bootWeb(Object(Config\Paths))
 7 SYSTEMPATH/Commands/Server/rewrite.php(49): require_once('/home/auriot/Documents/gestionDepot/public/index.php')
INFO - 2024-10-21 12:51:09 --> Session: Class initialized using 'CodeIgniter\Session\Handlers\FileHandler' driver.
INFO - 2024-10-21 12:51:28 --> Session: Class initialized using 'CodeIgniter\Session\Handlers\FileHandler' driver.
INFO - 2024-10-21 12:52:20 --> Session: Class initialized using 'CodeIgniter\Session\Handlers\FileHandler' driver.
INFO - 2024-10-21 14:36:33 --> Session: Class initialized using 'CodeIgniter\Session\Handlers\FileHandler' driver.
ERROR - 2024-10-21 14:36:33 --> SQLite3Exception: Unable to prepare statement: no such column: designation in /home/auriot/Documents/gestionDepot/vendor/codeigniter4/framework/system/Database/SQLite3/Connection.php:153
Stack trace:
#0 /home/auriot/Documents/gestionDepot/vendor/codeigniter4/framework/system/Database/SQLite3/Connection.php(153): SQLite3->query()
#1 /home/auriot/Documents/gestionDepot/vendor/codeigniter4/framework/system/Database/BaseConnection.php(732): CodeIgniter\Database\SQLite3\Connection->execute()
#2 /home/auriot/Documents/gestionDepot/vendor/codeigniter4/framework/system/Database/BaseConnection.php(646): CodeIgniter\Database\BaseConnection->simpleQuery()
#3 /home/auriot/Documents/gestionDepot/vendor/codeigniter4/framework/system/Database/BaseBuilder.php(1637): CodeIgniter\Database\BaseConnection->query()
#4 /home/auriot/Documents/gestionDepot/app/Models/ProduitModel.php(87): CodeIgniter\Database\BaseBuilder->get()
#5 /home/auriot/Documents/gestionDepot/app/Controllers/ProduitController.php(59): App\Models\ProduitModel->getProduit()
#6 /home/auriot/Documents/gestionDepot/vendor/codeigniter4/framework/system/CodeIgniter.php(933): App\Controllers\ProduitController->save()
#7 /home/auriot/Documents/gestionDepot/vendor/codeigniter4/framework/system/CodeIgniter.php(509): CodeIgniter\CodeIgniter->runController()
#8 /home/auriot/Documents/gestionDepot/vendor/codeigniter4/framework/system/CodeIgniter.php(355): CodeIgniter\CodeIgniter->handleRequest()
#9 /home/auriot/Documents/gestionDepot/vendor/codeigniter4/framework/system/Boot.php(325): CodeIgniter\CodeIgniter->run()
#10 /home/auriot/Documents/gestionDepot/vendor/codeigniter4/framework/system/Boot.php(67): CodeIgniter\Boot::runCodeIgniter()
#11 /home/auriot/Documents/gestionDepot/public/index.php(56): CodeIgniter\Boot::bootWeb()
#12 /home/auriot/Documents/gestionDepot/vendor/codeigniter4/framework/system/Commands/Server/rewrite.php(49): require_once('...')
#13 {main}
CRITICAL - 2024-10-21 14:36:33 --> CodeIgniter\Database\Exceptions\DatabaseException: Unable to prepare statement: no such column: designation
[Method: POST, Route: produit/Save_produit]
in SYSTEMPATH/Database/BaseConnection.php on line 686.
 1 SYSTEMPATH/Database/BaseBuilder.php(1637): CodeIgniter\Database\BaseConnection->query()
 2 APPPATH/Models/ProduitModel.php(87): CodeIgniter\Database\BaseBuilder->get()
 3 APPPATH/Controllers/ProduitController.php(59): App\Models\ProduitModel->getProduit()
 4 SYSTEMPATH/CodeIgniter.php(933): App\Controllers\ProduitController->save()
 5 SYSTEMPATH/CodeIgniter.php(509): CodeIgniter\CodeIgniter->runController()
 6 SYSTEMPATH/CodeIgniter.php(355): CodeIgniter\CodeIgniter->handleRequest()
 7 SYSTEMPATH/Boot.php(325): CodeIgniter\CodeIgniter->run()
 8 SYSTEMPATH/Boot.php(67): CodeIgniter\Boot::runCodeIgniter()
 9 FCPATH/index.php(56): CodeIgniter\Boot::bootWeb()
10 SYSTEMPATH/Commands/Server/rewrite.php(49): require_once('/home/auriot/Documents/gestionDepot/public/index.php')
CRITICAL - 2024-10-21 14:36:33 --> [Caused by] CodeIgniter\Database\Exceptions\DatabaseException: Unable to prepare statement: no such column: designation
in SYSTEMPATH/Database/SQLite3/Connection.php on line 158.
 1 SYSTEMPATH/Database/BaseConnection.php(732): CodeIgniter\Database\SQLite3\Connection->execute()
 2 SYSTEMPATH/Database/BaseConnection.php(646): CodeIgniter\Database\BaseConnection->simpleQuery()
 3 SYSTEMPATH/Database/BaseBuilder.php(1637): CodeIgniter\Database\BaseConnection->query()
 4 APPPATH/Models/ProduitModel.php(87): CodeIgniter\Database\BaseBuilder->get()
 5 APPPATH/Controllers/ProduitController.php(59): App\Models\ProduitModel->getProduit()
 6 SYSTEMPATH/CodeIgniter.php(933): App\Controllers\ProduitController->save()
 7 SYSTEMPATH/CodeIgniter.php(509): CodeIgniter\CodeIgniter->runController()
 8 SYSTEMPATH/CodeIgniter.php(355): CodeIgniter\CodeIgniter->handleRequest()
 9 SYSTEMPATH/Boot.php(325): CodeIgniter\CodeIgniter->run()
10 SYSTEMPATH/Boot.php(67): CodeIgniter\Boot::runCodeIgniter()
11 FCPATH/index.php(56): CodeIgniter\Boot::bootWeb()
12 SYSTEMPATH/Commands/Server/rewrite.php(49): require_once('/home/auriot/Documents/gestionDepot/public/index.php')
CRITICAL - 2024-10-21 14:36:33 --> [Caused by] SQLite3Exception: Unable to prepare statement: no such column: designation
in SYSTEMPATH/Database/SQLite3/Connection.php on line 153.
 1 SYSTEMPATH/Database/SQLite3/Connection.php(153): SQLite3->query()
 2 SYSTEMPATH/Database/BaseConnection.php(732): CodeIgniter\Database\SQLite3\Connection->execute()
 3 SYSTEMPATH/Database/BaseConnection.php(646): CodeIgniter\Database\BaseConnection->simpleQuery()
 4 SYSTEMPATH/Database/BaseBuilder.php(1637): CodeIgniter\Database\BaseConnection->query()
 5 APPPATH/Models/ProduitModel.php(87): CodeIgniter\Database\BaseBuilder->get()
 6 APPPATH/Controllers/ProduitController.php(59): App\Models\ProduitModel->getProduit()
 7 SYSTEMPATH/CodeIgniter.php(933): App\Controllers\ProduitController->save()
 8 SYSTEMPATH/CodeIgniter.php(509): CodeIgniter\CodeIgniter->runController()
 9 SYSTEMPATH/CodeIgniter.php(355): CodeIgniter\CodeIgniter->handleRequest()
10 SYSTEMPATH/Boot.php(325): CodeIgniter\CodeIgniter->run()
11 SYSTEMPATH/Boot.php(67): CodeIgniter\Boot::runCodeIgniter()
12 FCPATH/index.php(56): CodeIgniter\Boot::bootWeb()
13 SYSTEMPATH/Commands/Server/rewrite.php(49): require_once('/home/auriot/Documents/gestionDepot/public/index.php')
INFO - 2024-10-21 14:36:42 --> Session: Class initialized using 'CodeIgniter\Session\Handlers\FileHandler' driver.
ERROR - 2024-10-21 14:36:42 --> SQLite3Exception: Unable to prepare statement: no such column: designation in /home/auriot/Documents/gestionDepot/vendor/codeigniter4/framework/system/Database/SQLite3/Connection.php:153
Stack trace:
#0 /home/auriot/Documents/gestionDepot/vendor/codeigniter4/framework/system/Database/SQLite3/Connection.php(153): SQLite3->query()
#1 /home/auriot/Documents/gestionDepot/vendor/codeigniter4/framework/system/Database/BaseConnection.php(732): CodeIgniter\Database\SQLite3\Connection->execute()
#2 /home/auriot/Documents/gestionDepot/vendor/codeigniter4/framework/system/Database/BaseConnection.php(646): CodeIgniter\Database\BaseConnection->simpleQuery()
#3 /home/auriot/Documents/gestionDepot/vendor/codeigniter4/framework/system/Database/BaseBuilder.php(1637): CodeIgniter\Database\BaseConnection->query()
#4 /home/auriot/Documents/gestionDepot/app/Models/ProduitModel.php(87): CodeIgniter\Database\BaseBuilder->get()
#5 /home/auriot/Documents/gestionDepot/app/Controllers/ProduitController.php(59): App\Models\ProduitModel->getProduit()
#6 /home/auriot/Documents/gestionDepot/vendor/codeigniter4/framework/system/CodeIgniter.php(933): App\Controllers\ProduitController->save()
#7 /home/auriot/Documents/gestionDepot/vendor/codeigniter4/framework/system/CodeIgniter.php(509): CodeIgniter\CodeIgniter->runController()
#8 /home/auriot/Documents/gestionDepot/vendor/codeigniter4/framework/system/CodeIgniter.php(355): CodeIgniter\CodeIgniter->handleRequest()
#9 /home/auriot/Documents/gestionDepot/vendor/codeigniter4/framework/system/Boot.php(325): CodeIgniter\CodeIgniter->run()
#10 /home/auriot/Documents/gestionDepot/vendor/codeigniter4/framework/system/Boot.php(67): CodeIgniter\Boot::runCodeIgniter()
#11 /home/auriot/Documents/gestionDepot/public/index.php(56): CodeIgniter\Boot::bootWeb()
#12 /home/auriot/Documents/gestionDepot/vendor/codeigniter4/framework/system/Commands/Server/rewrite.php(49): require_once('...')
#13 {main}
CRITICAL - 2024-10-21 14:36:42 --> CodeIgniter\Database\Exceptions\DatabaseException: Unable to prepare statement: no such column: designation
[Method: POST, Route: produit/Save_produit]
in SYSTEMPATH/Database/BaseConnection.php on line 686.
 1 SYSTEMPATH/Database/BaseBuilder.php(1637): CodeIgniter\Database\BaseConnection->query()
 2 APPPATH/Models/ProduitModel.php(87): CodeIgniter\Database\BaseBuilder->get()
 3 APPPATH/Controllers/ProduitController.php(59): App\Models\ProduitModel->getProduit()
 4 SYSTEMPATH/CodeIgniter.php(933): App\Controllers\ProduitController->save()
 5 SYSTEMPATH/CodeIgniter.php(509): CodeIgniter\CodeIgniter->runController()
 6 SYSTEMPATH/CodeIgniter.php(355): CodeIgniter\CodeIgniter->handleRequest()
 7 SYSTEMPATH/Boot.php(325): CodeIgniter\CodeIgniter->run()
 8 SYSTEMPATH/Boot.php(67): CodeIgniter\Boot::runCodeIgniter()
 9 FCPATH/index.php(56): CodeIgniter\Boot::bootWeb()
10 SYSTEMPATH/Commands/Server/rewrite.php(49): require_once('/home/auriot/Documents/gestionDepot/public/index.php')
CRITICAL - 2024-10-21 14:36:42 --> [Caused by] CodeIgniter\Database\Exceptions\DatabaseException: Unable to prepare statement: no such column: designation
in SYSTEMPATH/Database/SQLite3/Connection.php on line 158.
 1 SYSTEMPATH/Database/BaseConnection.php(732): CodeIgniter\Database\SQLite3\Connection->execute()
 2 SYSTEMPATH/Database/BaseConnection.php(646): CodeIgniter\Database\BaseConnection->simpleQuery()
 3 SYSTEMPATH/Database/BaseBuilder.php(1637): CodeIgniter\Database\BaseConnection->query()
 4 APPPATH/Models/ProduitModel.php(87): CodeIgniter\Database\BaseBuilder->get()
 5 APPPATH/Controllers/ProduitController.php(59): App\Models\ProduitModel->getProduit()
 6 SYSTEMPATH/CodeIgniter.php(933): App\Controllers\ProduitController->save()
 7 SYSTEMPATH/CodeIgniter.php(509): CodeIgniter\CodeIgniter->runController()
 8 SYSTEMPATH/CodeIgniter.php(355): CodeIgniter\CodeIgniter->handleRequest()
 9 SYSTEMPATH/Boot.php(325): CodeIgniter\CodeIgniter->run()
10 SYSTEMPATH/Boot.php(67): CodeIgniter\Boot::runCodeIgniter()
11 FCPATH/index.php(56): CodeIgniter\Boot::bootWeb()
12 SYSTEMPATH/Commands/Server/rewrite.php(49): require_once('/home/auriot/Documents/gestionDepot/public/index.php')
CRITICAL - 2024-10-21 14:36:42 --> [Caused by] SQLite3Exception: Unable to prepare statement: no such column: designation
in SYSTEMPATH/Database/SQLite3/Connection.php on line 153.
 1 SYSTEMPATH/Database/SQLite3/Connection.php(153): SQLite3->query()
 2 SYSTEMPATH/Database/BaseConnection.php(732): CodeIgniter\Database\SQLite3\Connection->execute()
 3 SYSTEMPATH/Database/BaseConnection.php(646): CodeIgniter\Database\BaseConnection->simpleQuery()
 4 SYSTEMPATH/Database/BaseBuilder.php(1637): CodeIgniter\Database\BaseConnection->query()
 5 APPPATH/Models/ProduitModel.php(87): CodeIgniter\Database\BaseBuilder->get()
 6 APPPATH/Controllers/ProduitController.php(59): App\Models\ProduitModel->getProduit()
 7 SYSTEMPATH/CodeIgniter.php(933): App\Controllers\ProduitController->save()
 8 SYSTEMPATH/CodeIgniter.php(509): CodeIgniter\CodeIgniter->runController()
 9 SYSTEMPATH/CodeIgniter.php(355): CodeIgniter\CodeIgniter->handleRequest()
10 SYSTEMPATH/Boot.php(325): CodeIgniter\CodeIgniter->run()
11 SYSTEMPATH/Boot.php(67): CodeIgniter\Boot::runCodeIgniter()
12 FCPATH/index.php(56): CodeIgniter\Boot::bootWeb()
13 SYSTEMPATH/Commands/Server/rewrite.php(49): require_once('/home/auriot/Documents/gestionDepot/public/index.php')
INFO - 2024-10-21 14:39:24 --> Session: Class initialized using 'CodeIgniter\Session\Handlers\FileHandler' driver.
ERROR - 2024-10-21 14:39:24 --> SQLite3Exception: Unable to prepare statement: no such column: designation in /home/auriot/Documents/gestionDepot/vendor/codeigniter4/framework/system/Database/SQLite3/Connection.php:153
Stack trace:
#0 /home/auriot/Documents/gestionDepot/vendor/codeigniter4/framework/system/Database/SQLite3/Connection.php(153): SQLite3->query()
#1 /home/auriot/Documents/gestionDepot/vendor/codeigniter4/framework/system/Database/BaseConnection.php(732): CodeIgniter\Database\SQLite3\Connection->execute()
#2 /home/auriot/Documents/gestionDepot/vendor/codeigniter4/framework/system/Database/BaseConnection.php(646): CodeIgniter\Database\BaseConnection->simpleQuery()
#3 /home/auriot/Documents/gestionDepot/vendor/codeigniter4/framework/system/Database/BaseBuilder.php(1637): CodeIgniter\Database\BaseConnection->query()
#4 /home/auriot/Documents/gestionDepot/app/Models/ProduitModel.php(87): CodeIgniter\Database\BaseBuilder->get()
#5 /home/auriot/Documents/gestionDepot/app/Controllers/ProduitController.php(59): App\Models\ProduitModel->getProduit()
#6 /home/auriot/Documents/gestionDepot/vendor/codeigniter4/framework/system/CodeIgniter.php(933): App\Controllers\ProduitController->save()
#7 /home/auriot/Documents/gestionDepot/vendor/codeigniter4/framework/system/CodeIgniter.php(509): CodeIgniter\CodeIgniter->runController()
#8 /home/auriot/Documents/gestionDepot/vendor/codeigniter4/framework/system/CodeIgniter.php(355): CodeIgniter\CodeIgniter->handleRequest()
#9 /home/auriot/Documents/gestionDepot/vendor/codeigniter4/framework/system/Boot.php(325): CodeIgniter\CodeIgniter->run()
#10 /home/auriot/Documents/gestionDepot/vendor/codeigniter4/framework/system/Boot.php(67): CodeIgniter\Boot::runCodeIgniter()
#11 /home/auriot/Documents/gestionDepot/public/index.php(56): CodeIgniter\Boot::bootWeb()
#12 /home/auriot/Documents/gestionDepot/vendor/codeigniter4/framework/system/Commands/Server/rewrite.php(49): require_once('...')
#13 {main}
CRITICAL - 2024-10-21 14:39:24 --> CodeIgniter\Database\Exceptions\DatabaseException: Unable to prepare statement: no such column: designation
[Method: POST, Route: produit/Save_produit]
in SYSTEMPATH/Database/BaseConnection.php on line 686.
 1 SYSTEMPATH/Database/BaseBuilder.php(1637): CodeIgniter\Database\BaseConnection->query()
 2 APPPATH/Models/ProduitModel.php(87): CodeIgniter\Database\BaseBuilder->get()
 3 APPPATH/Controllers/ProduitController.php(59): App\Models\ProduitModel->getProduit()
 4 SYSTEMPATH/CodeIgniter.php(933): App\Controllers\ProduitController->save()
 5 SYSTEMPATH/CodeIgniter.php(509): CodeIgniter\CodeIgniter->runController()
 6 SYSTEMPATH/CodeIgniter.php(355): CodeIgniter\CodeIgniter->handleRequest()
 7 SYSTEMPATH/Boot.php(325): CodeIgniter\CodeIgniter->run()
 8 SYSTEMPATH/Boot.php(67): CodeIgniter\Boot::runCodeIgniter()
 9 FCPATH/index.php(56): CodeIgniter\Boot::bootWeb()
10 SYSTEMPATH/Commands/Server/rewrite.php(49): require_once('/home/auriot/Documents/gestionDepot/public/index.php')
CRITICAL - 2024-10-21 14:39:24 --> [Caused by] CodeIgniter\Database\Exceptions\DatabaseException: Unable to prepare statement: no such column: designation
in SYSTEMPATH/Database/SQLite3/Connection.php on line 158.
 1 SYSTEMPATH/Database/BaseConnection.php(732): CodeIgniter\Database\SQLite3\Connection->execute()
 2 SYSTEMPATH/Database/BaseConnection.php(646): CodeIgniter\Database\BaseConnection->simpleQuery()
 3 SYSTEMPATH/Database/BaseBuilder.php(1637): CodeIgniter\Database\BaseConnection->query()
 4 APPPATH/Models/ProduitModel.php(87): CodeIgniter\Database\BaseBuilder->get()
 5 APPPATH/Controllers/ProduitController.php(59): App\Models\ProduitModel->getProduit()
 6 SYSTEMPATH/CodeIgniter.php(933): App\Controllers\ProduitController->save()
 7 SYSTEMPATH/CodeIgniter.php(509): CodeIgniter\CodeIgniter->runController()
 8 SYSTEMPATH/CodeIgniter.php(355): CodeIgniter\CodeIgniter->handleRequest()
 9 SYSTEMPATH/Boot.php(325): CodeIgniter\CodeIgniter->run()
10 SYSTEMPATH/Boot.php(67): CodeIgniter\Boot::runCodeIgniter()
11 FCPATH/index.php(56): CodeIgniter\Boot::bootWeb()
12 SYSTEMPATH/Commands/Server/rewrite.php(49): require_once('/home/auriot/Documents/gestionDepot/public/index.php')
CRITICAL - 2024-10-21 14:39:24 --> [Caused by] SQLite3Exception: Unable to prepare statement: no such column: designation
in SYSTEMPATH/Database/SQLite3/Connection.php on line 153.
 1 SYSTEMPATH/Database/SQLite3/Connection.php(153): SQLite3->query()
 2 SYSTEMPATH/Database/BaseConnection.php(732): CodeIgniter\Database\SQLite3\Connection->execute()
 3 SYSTEMPATH/Database/BaseConnection.php(646): CodeIgniter\Database\BaseConnection->simpleQuery()
 4 SYSTEMPATH/Database/BaseBuilder.php(1637): CodeIgniter\Database\BaseConnection->query()
 5 APPPATH/Models/ProduitModel.php(87): CodeIgniter\Database\BaseBuilder->get()
 6 APPPATH/Controllers/ProduitController.php(59): App\Models\ProduitModel->getProduit()
 7 SYSTEMPATH/CodeIgniter.php(933): App\Controllers\ProduitController->save()
 8 SYSTEMPATH/CodeIgniter.php(509): CodeIgniter\CodeIgniter->runController()
 9 SYSTEMPATH/CodeIgniter.php(355): CodeIgniter\CodeIgniter->handleRequest()
10 SYSTEMPATH/Boot.php(325): CodeIgniter\CodeIgniter->run()
11 SYSTEMPATH/Boot.php(67): CodeIgniter\Boot::runCodeIgniter()
12 FCPATH/index.php(56): CodeIgniter\Boot::bootWeb()
13 SYSTEMPATH/Commands/Server/rewrite.php(49): require_once('/home/auriot/Documents/gestionDepot/public/index.php')
INFO - 2024-10-21 14:40:36 --> Session: Class initialized using 'CodeIgniter\Session\Handlers\FileHandler' driver.
ERROR - 2024-10-21 14:40:36 --> SQLite3Exception: Unable to prepare statement: no such column: designation in /home/auriot/Documents/gestionDepot/vendor/codeigniter4/framework/system/Database/SQLite3/Connection.php:153
Stack trace:
#0 /home/auriot/Documents/gestionDepot/vendor/codeigniter4/framework/system/Database/SQLite3/Connection.php(153): SQLite3->query()
#1 /home/auriot/Documents/gestionDepot/vendor/codeigniter4/framework/system/Database/BaseConnection.php(732): CodeIgniter\Database\SQLite3\Connection->execute()
#2 /home/auriot/Documents/gestionDepot/vendor/codeigniter4/framework/system/Database/BaseConnection.php(646): CodeIgniter\Database\BaseConnection->simpleQuery()
#3 /home/auriot/Documents/gestionDepot/vendor/codeigniter4/framework/system/Database/BaseBuilder.php(1637): CodeIgniter\Database\BaseConnection->query()
#4 /home/auriot/Documents/gestionDepot/app/Models/ProduitModel.php(87): CodeIgniter\Database\BaseBuilder->get()
#5 /home/auriot/Documents/gestionDepot/app/Controllers/ProduitController.php(59): App\Models\ProduitModel->getProduit()
#6 /home/auriot/Documents/gestionDepot/vendor/codeigniter4/framework/system/CodeIgniter.php(933): App\Controllers\ProduitController->save()
#7 /home/auriot/Documents/gestionDepot/vendor/codeigniter4/framework/system/CodeIgniter.php(509): CodeIgniter\CodeIgniter->runController()
#8 /home/auriot/Documents/gestionDepot/vendor/codeigniter4/framework/system/CodeIgniter.php(355): CodeIgniter\CodeIgniter->handleRequest()
#9 /home/auriot/Documents/gestionDepot/vendor/codeigniter4/framework/system/Boot.php(325): CodeIgniter\CodeIgniter->run()
#10 /home/auriot/Documents/gestionDepot/vendor/codeigniter4/framework/system/Boot.php(67): CodeIgniter\Boot::runCodeIgniter()
#11 /home/auriot/Documents/gestionDepot/public/index.php(56): CodeIgniter\Boot::bootWeb()
#12 /home/auriot/Documents/gestionDepot/vendor/codeigniter4/framework/system/Commands/Server/rewrite.php(49): require_once('...')
#13 {main}
CRITICAL - 2024-10-21 14:40:36 --> CodeIgniter\Database\Exceptions\DatabaseException: Unable to prepare statement: no such column: designation
[Method: POST, Route: produit/Save_produit]
in SYSTEMPATH/Database/BaseConnection.php on line 686.
 1 SYSTEMPATH/Database/BaseBuilder.php(1637): CodeIgniter\Database\BaseConnection->query()
 2 APPPATH/Models/ProduitModel.php(87): CodeIgniter\Database\BaseBuilder->get()
 3 APPPATH/Controllers/ProduitController.php(59): App\Models\ProduitModel->getProduit()
 4 SYSTEMPATH/CodeIgniter.php(933): App\Controllers\ProduitController->save()
 5 SYSTEMPATH/CodeIgniter.php(509): CodeIgniter\CodeIgniter->runController()
 6 SYSTEMPATH/CodeIgniter.php(355): CodeIgniter\CodeIgniter->handleRequest()
 7 SYSTEMPATH/Boot.php(325): CodeIgniter\CodeIgniter->run()
 8 SYSTEMPATH/Boot.php(67): CodeIgniter\Boot::runCodeIgniter()
 9 FCPATH/index.php(56): CodeIgniter\Boot::bootWeb()
10 SYSTEMPATH/Commands/Server/rewrite.php(49): require_once('/home/auriot/Documents/gestionDepot/public/index.php')
CRITICAL - 2024-10-21 14:40:36 --> [Caused by] CodeIgniter\Database\Exceptions\DatabaseException: Unable to prepare statement: no such column: designation
in SYSTEMPATH/Database/SQLite3/Connection.php on line 158.
 1 SYSTEMPATH/Database/BaseConnection.php(732): CodeIgniter\Database\SQLite3\Connection->execute()
 2 SYSTEMPATH/Database/BaseConnection.php(646): CodeIgniter\Database\BaseConnection->simpleQuery()
 3 SYSTEMPATH/Database/BaseBuilder.php(1637): CodeIgniter\Database\BaseConnection->query()
 4 APPPATH/Models/ProduitModel.php(87): CodeIgniter\Database\BaseBuilder->get()
 5 APPPATH/Controllers/ProduitController.php(59): App\Models\ProduitModel->getProduit()
 6 SYSTEMPATH/CodeIgniter.php(933): App\Controllers\ProduitController->save()
 7 SYSTEMPATH/CodeIgniter.php(509): CodeIgniter\CodeIgniter->runController()
 8 SYSTEMPATH/CodeIgniter.php(355): CodeIgniter\CodeIgniter->handleRequest()
 9 SYSTEMPATH/Boot.php(325): CodeIgniter\CodeIgniter->run()
10 SYSTEMPATH/Boot.php(67): CodeIgniter\Boot::runCodeIgniter()
11 FCPATH/index.php(56): CodeIgniter\Boot::bootWeb()
12 SYSTEMPATH/Commands/Server/rewrite.php(49): require_once('/home/auriot/Documents/gestionDepot/public/index.php')
CRITICAL - 2024-10-21 14:40:36 --> [Caused by] SQLite3Exception: Unable to prepare statement: no such column: designation
in SYSTEMPATH/Database/SQLite3/Connection.php on line 153.
 1 SYSTEMPATH/Database/SQLite3/Connection.php(153): SQLite3->query()
 2 SYSTEMPATH/Database/BaseConnection.php(732): CodeIgniter\Database\SQLite3\Connection->execute()
 3 SYSTEMPATH/Database/BaseConnection.php(646): CodeIgniter\Database\BaseConnection->simpleQuery()
 4 SYSTEMPATH/Database/BaseBuilder.php(1637): CodeIgniter\Database\BaseConnection->query()
 5 APPPATH/Models/ProduitModel.php(87): CodeIgniter\Database\BaseBuilder->get()
 6 APPPATH/Controllers/ProduitController.php(59): App\Models\ProduitModel->getProduit()
 7 SYSTEMPATH/CodeIgniter.php(933): App\Controllers\ProduitController->save()
 8 SYSTEMPATH/CodeIgniter.php(509): CodeIgniter\CodeIgniter->runController()
 9 SYSTEMPATH/CodeIgniter.php(355): CodeIgniter\CodeIgniter->handleRequest()
10 SYSTEMPATH/Boot.php(325): CodeIgniter\CodeIgniter->run()
11 SYSTEMPATH/Boot.php(67): CodeIgniter\Boot::runCodeIgniter()
12 FCPATH/index.php(56): CodeIgniter\Boot::bootWeb()
13 SYSTEMPATH/Commands/Server/rewrite.php(49): require_once('/home/auriot/Documents/gestionDepot/public/index.php')
INFO - 2024-10-21 14:41:07 --> Session: Class initialized using 'CodeIgniter\Session\Handlers\FileHandler' driver.
ERROR - 2024-10-21 14:41:07 --> SQLite3Exception: Unable to prepare statement: no such column: designation in /home/auriot/Documents/gestionDepot/vendor/codeigniter4/framework/system/Database/SQLite3/Connection.php:153
Stack trace:
#0 /home/auriot/Documents/gestionDepot/vendor/codeigniter4/framework/system/Database/SQLite3/Connection.php(153): SQLite3->query()
#1 /home/auriot/Documents/gestionDepot/vendor/codeigniter4/framework/system/Database/BaseConnection.php(732): CodeIgniter\Database\SQLite3\Connection->execute()
#2 /home/auriot/Documents/gestionDepot/vendor/codeigniter4/framework/system/Database/BaseConnection.php(646): CodeIgniter\Database\BaseConnection->simpleQuery()
#3 /home/auriot/Documents/gestionDepot/vendor/codeigniter4/framework/system/Database/BaseBuilder.php(1637): CodeIgniter\Database\BaseConnection->query()
#4 /home/auriot/Documents/gestionDepot/app/Models/ProduitModel.php(87): CodeIgniter\Database\BaseBuilder->get()
#5 /home/auriot/Documents/gestionDepot/app/Controllers/ProduitController.php(59): App\Models\ProduitModel->getProduit()
#6 /home/auriot/Documents/gestionDepot/vendor/codeigniter4/framework/system/CodeIgniter.php(933): App\Controllers\ProduitController->save()
#7 /home/auriot/Documents/gestionDepot/vendor/codeigniter4/framework/system/CodeIgniter.php(509): CodeIgniter\CodeIgniter->runController()
#8 /home/auriot/Documents/gestionDepot/vendor/codeigniter4/framework/system/CodeIgniter.php(355): CodeIgniter\CodeIgniter->handleRequest()
#9 /home/auriot/Documents/gestionDepot/vendor/codeigniter4/framework/system/Boot.php(325): CodeIgniter\CodeIgniter->run()
#10 /home/auriot/Documents/gestionDepot/vendor/codeigniter4/framework/system/Boot.php(67): CodeIgniter\Boot::runCodeIgniter()
#11 /home/auriot/Documents/gestionDepot/public/index.php(56): CodeIgniter\Boot::bootWeb()
#12 /home/auriot/Documents/gestionDepot/vendor/codeigniter4/framework/system/Commands/Server/rewrite.php(49): require_once('...')
#13 {main}
CRITICAL - 2024-10-21 14:41:07 --> CodeIgniter\Database\Exceptions\DatabaseException: Unable to prepare statement: no such column: designation
[Method: POST, Route: produit/Save_produit]
in SYSTEMPATH/Database/BaseConnection.php on line 686.
 1 SYSTEMPATH/Database/BaseBuilder.php(1637): CodeIgniter\Database\BaseConnection->query()
 2 APPPATH/Models/ProduitModel.php(87): CodeIgniter\Database\BaseBuilder->get()
 3 APPPATH/Controllers/ProduitController.php(59): App\Models\ProduitModel->getProduit()
 4 SYSTEMPATH/CodeIgniter.php(933): App\Controllers\ProduitController->save()
 5 SYSTEMPATH/CodeIgniter.php(509): CodeIgniter\CodeIgniter->runController()
 6 SYSTEMPATH/CodeIgniter.php(355): CodeIgniter\CodeIgniter->handleRequest()
 7 SYSTEMPATH/Boot.php(325): CodeIgniter\CodeIgniter->run()
 8 SYSTEMPATH/Boot.php(67): CodeIgniter\Boot::runCodeIgniter()
 9 FCPATH/index.php(56): CodeIgniter\Boot::bootWeb()
10 SYSTEMPATH/Commands/Server/rewrite.php(49): require_once('/home/auriot/Documents/gestionDepot/public/index.php')
CRITICAL - 2024-10-21 14:41:07 --> [Caused by] CodeIgniter\Database\Exceptions\DatabaseException: Unable to prepare statement: no such column: designation
in SYSTEMPATH/Database/SQLite3/Connection.php on line 158.
 1 SYSTEMPATH/Database/BaseConnection.php(732): CodeIgniter\Database\SQLite3\Connection->execute()
 2 SYSTEMPATH/Database/BaseConnection.php(646): CodeIgniter\Database\BaseConnection->simpleQuery()
 3 SYSTEMPATH/Database/BaseBuilder.php(1637): CodeIgniter\Database\BaseConnection->query()
 4 APPPATH/Models/ProduitModel.php(87): CodeIgniter\Database\BaseBuilder->get()
 5 APPPATH/Controllers/ProduitController.php(59): App\Models\ProduitModel->getProduit()
 6 SYSTEMPATH/CodeIgniter.php(933): App\Controllers\ProduitController->save()
 7 SYSTEMPATH/CodeIgniter.php(509): CodeIgniter\CodeIgniter->runController()
 8 SYSTEMPATH/CodeIgniter.php(355): CodeIgniter\CodeIgniter->handleRequest()
 9 SYSTEMPATH/Boot.php(325): CodeIgniter\CodeIgniter->run()
10 SYSTEMPATH/Boot.php(67): CodeIgniter\Boot::runCodeIgniter()
11 FCPATH/index.php(56): CodeIgniter\Boot::bootWeb()
12 SYSTEMPATH/Commands/Server/rewrite.php(49): require_once('/home/auriot/Documents/gestionDepot/public/index.php')
CRITICAL - 2024-10-21 14:41:07 --> [Caused by] SQLite3Exception: Unable to prepare statement: no such column: designation
in SYSTEMPATH/Database/SQLite3/Connection.php on line 153.
 1 SYSTEMPATH/Database/SQLite3/Connection.php(153): SQLite3->query()
 2 SYSTEMPATH/Database/BaseConnection.php(732): CodeIgniter\Database\SQLite3\Connection->execute()
 3 SYSTEMPATH/Database/BaseConnection.php(646): CodeIgniter\Database\BaseConnection->simpleQuery()
 4 SYSTEMPATH/Database/BaseBuilder.php(1637): CodeIgniter\Database\BaseConnection->query()
 5 APPPATH/Models/ProduitModel.php(87): CodeIgniter\Database\BaseBuilder->get()
 6 APPPATH/Controllers/ProduitController.php(59): App\Models\ProduitModel->getProduit()
 7 SYSTEMPATH/CodeIgniter.php(933): App\Controllers\ProduitController->save()
 8 SYSTEMPATH/CodeIgniter.php(509): CodeIgniter\CodeIgniter->runController()
 9 SYSTEMPATH/CodeIgniter.php(355): CodeIgniter\CodeIgniter->handleRequest()
10 SYSTEMPATH/Boot.php(325): CodeIgniter\CodeIgniter->run()
11 SYSTEMPATH/Boot.php(67): CodeIgniter\Boot::runCodeIgniter()
12 FCPATH/index.php(56): CodeIgniter\Boot::bootWeb()
13 SYSTEMPATH/Commands/Server/rewrite.php(49): require_once('/home/auriot/Documents/gestionDepot/public/index.php')
INFO - 2024-10-21 14:42:13 --> Session: Class initialized using 'CodeIgniter\Session\Handlers\FileHandler' driver.
ERROR - 2024-10-21 14:42:13 --> SQLite3Exception: Unable to prepare statement: no such column: designation in /home/auriot/Documents/gestionDepot/vendor/codeigniter4/framework/system/Database/SQLite3/Connection.php:153
Stack trace:
#0 /home/auriot/Documents/gestionDepot/vendor/codeigniter4/framework/system/Database/SQLite3/Connection.php(153): SQLite3->query()
#1 /home/auriot/Documents/gestionDepot/vendor/codeigniter4/framework/system/Database/BaseConnection.php(732): CodeIgniter\Database\SQLite3\Connection->execute()
#2 /home/auriot/Documents/gestionDepot/vendor/codeigniter4/framework/system/Database/BaseConnection.php(646): CodeIgniter\Database\BaseConnection->simpleQuery()
#3 /home/auriot/Documents/gestionDepot/vendor/codeigniter4/framework/system/Database/BaseBuilder.php(1637): CodeIgniter\Database\BaseConnection->query()
#4 /home/auriot/Documents/gestionDepot/app/Models/ProduitModel.php(87): CodeIgniter\Database\BaseBuilder->get()
#5 /home/auriot/Documents/gestionDepot/app/Controllers/ProduitController.php(59): App\Models\ProduitModel->getProduit()
#6 /home/auriot/Documents/gestionDepot/vendor/codeigniter4/framework/system/CodeIgniter.php(933): App\Controllers\ProduitController->save()
#7 /home/auriot/Documents/gestionDepot/vendor/codeigniter4/framework/system/CodeIgniter.php(509): CodeIgniter\CodeIgniter->runController()
#8 /home/auriot/Documents/gestionDepot/vendor/codeigniter4/framework/system/CodeIgniter.php(355): CodeIgniter\CodeIgniter->handleRequest()
#9 /home/auriot/Documents/gestionDepot/vendor/codeigniter4/framework/system/Boot.php(325): CodeIgniter\CodeIgniter->run()
#10 /home/auriot/Documents/gestionDepot/vendor/codeigniter4/framework/system/Boot.php(67): CodeIgniter\Boot::runCodeIgniter()
#11 /home/auriot/Documents/gestionDepot/public/index.php(56): CodeIgniter\Boot::bootWeb()
#12 /home/auriot/Documents/gestionDepot/vendor/codeigniter4/framework/system/Commands/Server/rewrite.php(49): require_once('...')
#13 {main}
CRITICAL - 2024-10-21 14:42:13 --> CodeIgniter\Database\Exceptions\DatabaseException: Unable to prepare statement: no such column: designation
[Method: POST, Route: produit/Save_produit]
in SYSTEMPATH/Database/BaseConnection.php on line 686.
 1 SYSTEMPATH/Database/BaseBuilder.php(1637): CodeIgniter\Database\BaseConnection->query()
 2 APPPATH/Models/ProduitModel.php(87): CodeIgniter\Database\BaseBuilder->get()
 3 APPPATH/Controllers/ProduitController.php(59): App\Models\ProduitModel->getProduit()
 4 SYSTEMPATH/CodeIgniter.php(933): App\Controllers\ProduitController->save()
 5 SYSTEMPATH/CodeIgniter.php(509): CodeIgniter\CodeIgniter->runController()
 6 SYSTEMPATH/CodeIgniter.php(355): CodeIgniter\CodeIgniter->handleRequest()
 7 SYSTEMPATH/Boot.php(325): CodeIgniter\CodeIgniter->run()
 8 SYSTEMPATH/Boot.php(67): CodeIgniter\Boot::runCodeIgniter()
 9 FCPATH/index.php(56): CodeIgniter\Boot::bootWeb()
10 SYSTEMPATH/Commands/Server/rewrite.php(49): require_once('/home/auriot/Documents/gestionDepot/public/index.php')
CRITICAL - 2024-10-21 14:42:13 --> [Caused by] CodeIgniter\Database\Exceptions\DatabaseException: Unable to prepare statement: no such column: designation
in SYSTEMPATH/Database/SQLite3/Connection.php on line 158.
 1 SYSTEMPATH/Database/BaseConnection.php(732): CodeIgniter\Database\SQLite3\Connection->execute()
 2 SYSTEMPATH/Database/BaseConnection.php(646): CodeIgniter\Database\BaseConnection->simpleQuery()
 3 SYSTEMPATH/Database/BaseBuilder.php(1637): CodeIgniter\Database\BaseConnection->query()
 4 APPPATH/Models/ProduitModel.php(87): CodeIgniter\Database\BaseBuilder->get()
 5 APPPATH/Controllers/ProduitController.php(59): App\Models\ProduitModel->getProduit()
 6 SYSTEMPATH/CodeIgniter.php(933): App\Controllers\ProduitController->save()
 7 SYSTEMPATH/CodeIgniter.php(509): CodeIgniter\CodeIgniter->runController()
 8 SYSTEMPATH/CodeIgniter.php(355): CodeIgniter\CodeIgniter->handleRequest()
 9 SYSTEMPATH/Boot.php(325): CodeIgniter\CodeIgniter->run()
10 SYSTEMPATH/Boot.php(67): CodeIgniter\Boot::runCodeIgniter()
11 FCPATH/index.php(56): CodeIgniter\Boot::bootWeb()
12 SYSTEMPATH/Commands/Server/rewrite.php(49): require_once('/home/auriot/Documents/gestionDepot/public/index.php')
CRITICAL - 2024-10-21 14:42:13 --> [Caused by] SQLite3Exception: Unable to prepare statement: no such column: designation
in SYSTEMPATH/Database/SQLite3/Connection.php on line 153.
 1 SYSTEMPATH/Database/SQLite3/Connection.php(153): SQLite3->query()
 2 SYSTEMPATH/Database/BaseConnection.php(732): CodeIgniter\Database\SQLite3\Connection->execute()
 3 SYSTEMPATH/Database/BaseConnection.php(646): CodeIgniter\Database\BaseConnection->simpleQuery()
 4 SYSTEMPATH/Database/BaseBuilder.php(1637): CodeIgniter\Database\BaseConnection->query()
 5 APPPATH/Models/ProduitModel.php(87): CodeIgniter\Database\BaseBuilder->get()
 6 APPPATH/Controllers/ProduitController.php(59): App\Models\ProduitModel->getProduit()
 7 SYSTEMPATH/CodeIgniter.php(933): App\Controllers\ProduitController->save()
 8 SYSTEMPATH/CodeIgniter.php(509): CodeIgniter\CodeIgniter->runController()
 9 SYSTEMPATH/CodeIgniter.php(355): CodeIgniter\CodeIgniter->handleRequest()
10 SYSTEMPATH/Boot.php(325): CodeIgniter\CodeIgniter->run()
11 SYSTEMPATH/Boot.php(67): CodeIgniter\Boot::runCodeIgniter()
12 FCPATH/index.php(56): CodeIgniter\Boot::bootWeb()
13 SYSTEMPATH/Commands/Server/rewrite.php(49): require_once('/home/auriot/Documents/gestionDepot/public/index.php')
INFO - 2024-10-21 14:43:22 --> Session: Class initialized using 'CodeIgniter\Session\Handlers\FileHandler' driver.
ERROR - 2024-10-21 14:43:22 --> SQLite3Exception: Unable to prepare statement: no such column: designation in /home/auriot/Documents/gestionDepot/vendor/codeigniter4/framework/system/Database/SQLite3/Connection.php:153
Stack trace:
#0 /home/auriot/Documents/gestionDepot/vendor/codeigniter4/framework/system/Database/SQLite3/Connection.php(153): SQLite3->query()
#1 /home/auriot/Documents/gestionDepot/vendor/codeigniter4/framework/system/Database/BaseConnection.php(732): CodeIgniter\Database\SQLite3\Connection->execute()
#2 /home/auriot/Documents/gestionDepot/vendor/codeigniter4/framework/system/Database/BaseConnection.php(646): CodeIgniter\Database\BaseConnection->simpleQuery()
#3 /home/auriot/Documents/gestionDepot/vendor/codeigniter4/framework/system/Database/BaseBuilder.php(1637): CodeIgniter\Database\BaseConnection->query()
#4 /home/auriot/Documents/gestionDepot/app/Models/ProduitModel.php(87): CodeIgniter\Database\BaseBuilder->get()
#5 /home/auriot/Documents/gestionDepot/app/Controllers/ProduitController.php(58): App\Models\ProduitModel->getProduit()
#6 /home/auriot/Documents/gestionDepot/vendor/codeigniter4/framework/system/CodeIgniter.php(933): App\Controllers\ProduitController->save()
#7 /home/auriot/Documents/gestionDepot/vendor/codeigniter4/framework/system/CodeIgniter.php(509): CodeIgniter\CodeIgniter->runController()
#8 /home/auriot/Documents/gestionDepot/vendor/codeigniter4/framework/system/CodeIgniter.php(355): CodeIgniter\CodeIgniter->handleRequest()
#9 /home/auriot/Documents/gestionDepot/vendor/codeigniter4/framework/system/Boot.php(325): CodeIgniter\CodeIgniter->run()
#10 /home/auriot/Documents/gestionDepot/vendor/codeigniter4/framework/system/Boot.php(67): CodeIgniter\Boot::runCodeIgniter()
#11 /home/auriot/Documents/gestionDepot/public/index.php(56): CodeIgniter\Boot::bootWeb()
#12 /home/auriot/Documents/gestionDepot/vendor/codeigniter4/framework/system/Commands/Server/rewrite.php(49): require_once('...')
#13 {main}
CRITICAL - 2024-10-21 14:43:22 --> CodeIgniter\Database\Exceptions\DatabaseException: Unable to prepare statement: no such column: designation
[Method: POST, Route: produit/Save_produit]
in SYSTEMPATH/Database/BaseConnection.php on line 686.
 1 SYSTEMPATH/Database/BaseBuilder.php(1637): CodeIgniter\Database\BaseConnection->query()
 2 APPPATH/Models/ProduitModel.php(87): CodeIgniter\Database\BaseBuilder->get()
 3 APPPATH/Controllers/ProduitController.php(58): App\Models\ProduitModel->getProduit()
 4 SYSTEMPATH/CodeIgniter.php(933): App\Controllers\ProduitController->save()
 5 SYSTEMPATH/CodeIgniter.php(509): CodeIgniter\CodeIgniter->runController()
 6 SYSTEMPATH/CodeIgniter.php(355): CodeIgniter\CodeIgniter->handleRequest()
 7 SYSTEMPATH/Boot.php(325): CodeIgniter\CodeIgniter->run()
 8 SYSTEMPATH/Boot.php(67): CodeIgniter\Boot::runCodeIgniter()
 9 FCPATH/index.php(56): CodeIgniter\Boot::bootWeb()
10 SYSTEMPATH/Commands/Server/rewrite.php(49): require_once('/home/auriot/Documents/gestionDepot/public/index.php')
CRITICAL - 2024-10-21 14:43:22 --> [Caused by] CodeIgniter\Database\Exceptions\DatabaseException: Unable to prepare statement: no such column: designation
in SYSTEMPATH/Database/SQLite3/Connection.php on line 158.
 1 SYSTEMPATH/Database/BaseConnection.php(732): CodeIgniter\Database\SQLite3\Connection->execute()
 2 SYSTEMPATH/Database/BaseConnection.php(646): CodeIgniter\Database\BaseConnection->simpleQuery()
 3 SYSTEMPATH/Database/BaseBuilder.php(1637): CodeIgniter\Database\BaseConnection->query()
 4 APPPATH/Models/ProduitModel.php(87): CodeIgniter\Database\BaseBuilder->get()
 5 APPPATH/Controllers/ProduitController.php(58): App\Models\ProduitModel->getProduit()
 6 SYSTEMPATH/CodeIgniter.php(933): App\Controllers\ProduitController->save()
 7 SYSTEMPATH/CodeIgniter.php(509): CodeIgniter\CodeIgniter->runController()
 8 SYSTEMPATH/CodeIgniter.php(355): CodeIgniter\CodeIgniter->handleRequest()
 9 SYSTEMPATH/Boot.php(325): CodeIgniter\CodeIgniter->run()
10 SYSTEMPATH/Boot.php(67): CodeIgniter\Boot::runCodeIgniter()
11 FCPATH/index.php(56): CodeIgniter\Boot::bootWeb()
12 SYSTEMPATH/Commands/Server/rewrite.php(49): require_once('/home/auriot/Documents/gestionDepot/public/index.php')
CRITICAL - 2024-10-21 14:43:22 --> [Caused by] SQLite3Exception: Unable to prepare statement: no such column: designation
in SYSTEMPATH/Database/SQLite3/Connection.php on line 153.
 1 SYSTEMPATH/Database/SQLite3/Connection.php(153): SQLite3->query()
 2 SYSTEMPATH/Database/BaseConnection.php(732): CodeIgniter\Database\SQLite3\Connection->execute()
 3 SYSTEMPATH/Database/BaseConnection.php(646): CodeIgniter\Database\BaseConnection->simpleQuery()
 4 SYSTEMPATH/Database/BaseBuilder.php(1637): CodeIgniter\Database\BaseConnection->query()
 5 APPPATH/Models/ProduitModel.php(87): CodeIgniter\Database\BaseBuilder->get()
 6 APPPATH/Controllers/ProduitController.php(58): App\Models\ProduitModel->getProduit()
 7 SYSTEMPATH/CodeIgniter.php(933): App\Controllers\ProduitController->save()
 8 SYSTEMPATH/CodeIgniter.php(509): CodeIgniter\CodeIgniter->runController()
 9 SYSTEMPATH/CodeIgniter.php(355): CodeIgniter\CodeIgniter->handleRequest()
10 SYSTEMPATH/Boot.php(325): CodeIgniter\CodeIgniter->run()
11 SYSTEMPATH/Boot.php(67): CodeIgniter\Boot::runCodeIgniter()
12 FCPATH/index.php(56): CodeIgniter\Boot::bootWeb()
13 SYSTEMPATH/Commands/Server/rewrite.php(49): require_once('/home/auriot/Documents/gestionDepot/public/index.php')
INFO - 2024-10-21 14:44:38 --> Session: Class initialized using 'CodeIgniter\Session\Handlers\FileHandler' driver.
ERROR - 2024-10-21 14:48:28 --> SQLite3Exception: Unable to prepare statement: near "`c`": syntax error in /home/auriot/Documents/gestionDepot/vendor/codeigniter4/framework/system/Database/SQLite3/Connection.php:153
Stack trace:
#0 /home/auriot/Documents/gestionDepot/vendor/codeigniter4/framework/system/Database/SQLite3/Connection.php(153): SQLite3->query()
#1 /home/auriot/Documents/gestionDepot/vendor/codeigniter4/framework/system/Database/BaseConnection.php(732): CodeIgniter\Database\SQLite3\Connection->execute()
#2 /home/auriot/Documents/gestionDepot/vendor/codeigniter4/framework/system/Database/BaseConnection.php(646): CodeIgniter\Database\BaseConnection->simpleQuery()
#3 /home/auriot/Documents/gestionDepot/vendor/codeigniter4/framework/system/Database/BaseBuilder.php(1637): CodeIgniter\Database\BaseConnection->query()
#4 /home/auriot/Documents/gestionDepot/app/Models/ProduitModel.php(66): CodeIgniter\Database\BaseBuilder->get()
#5 /home/auriot/Documents/gestionDepot/app/Controllers/ProduitController.php(22): App\Models\ProduitModel->getAllProduit()
#6 /home/auriot/Documents/gestionDepot/vendor/codeigniter4/framework/system/CodeIgniter.php(933): App\Controllers\ProduitController->list()
#7 /home/auriot/Documents/gestionDepot/vendor/codeigniter4/framework/system/CodeIgniter.php(509): CodeIgniter\CodeIgniter->runController()
#8 /home/auriot/Documents/gestionDepot/vendor/codeigniter4/framework/system/CodeIgniter.php(355): CodeIgniter\CodeIgniter->handleRequest()
#9 /home/auriot/Documents/gestionDepot/vendor/codeigniter4/framework/system/Boot.php(325): CodeIgniter\CodeIgniter->run()
#10 /home/auriot/Documents/gestionDepot/vendor/codeigniter4/framework/system/Boot.php(67): CodeIgniter\Boot::runCodeIgniter()
#11 /home/auriot/Documents/gestionDepot/public/index.php(56): CodeIgniter\Boot::bootWeb()
#12 /home/auriot/Documents/gestionDepot/vendor/codeigniter4/framework/system/Commands/Server/rewrite.php(49): require_once('...')
#13 {main}
CRITICAL - 2024-10-21 14:48:28 --> CodeIgniter\Database\Exceptions\DatabaseException: Unable to prepare statement: near "`c`": syntax error
[Method: GET, Route: produit/List_produit]
in SYSTEMPATH/Database/BaseConnection.php on line 686.
 1 SYSTEMPATH/Database/BaseBuilder.php(1637): CodeIgniter\Database\BaseConnection->query()
 2 APPPATH/Models/ProduitModel.php(66): CodeIgniter\Database\BaseBuilder->get()
 3 APPPATH/Controllers/ProduitController.php(22): App\Models\ProduitModel->getAllProduit()
 4 SYSTEMPATH/CodeIgniter.php(933): App\Controllers\ProduitController->list()
 5 SYSTEMPATH/CodeIgniter.php(509): CodeIgniter\CodeIgniter->runController()
 6 SYSTEMPATH/CodeIgniter.php(355): CodeIgniter\CodeIgniter->handleRequest()
 7 SYSTEMPATH/Boot.php(325): CodeIgniter\CodeIgniter->run()
 8 SYSTEMPATH/Boot.php(67): CodeIgniter\Boot::runCodeIgniter()
 9 FCPATH/index.php(56): CodeIgniter\Boot::bootWeb()
10 SYSTEMPATH/Commands/Server/rewrite.php(49): require_once('/home/auriot/Documents/gestionDepot/public/index.php')
CRITICAL - 2024-10-21 14:48:28 --> [Caused by] CodeIgniter\Database\Exceptions\DatabaseException: Unable to prepare statement: near "`c`": syntax error
in SYSTEMPATH/Database/SQLite3/Connection.php on line 158.
 1 SYSTEMPATH/Database/BaseConnection.php(732): CodeIgniter\Database\SQLite3\Connection->execute()
 2 SYSTEMPATH/Database/BaseConnection.php(646): CodeIgniter\Database\BaseConnection->simpleQuery()
 3 SYSTEMPATH/Database/BaseBuilder.php(1637): CodeIgniter\Database\BaseConnection->query()
 4 APPPATH/Models/ProduitModel.php(66): CodeIgniter\Database\BaseBuilder->get()
 5 APPPATH/Controllers/ProduitController.php(22): App\Models\ProduitModel->getAllProduit()
 6 SYSTEMPATH/CodeIgniter.php(933): App\Controllers\ProduitController->list()
 7 SYSTEMPATH/CodeIgniter.php(509): CodeIgniter\CodeIgniter->runController()
 8 SYSTEMPATH/CodeIgniter.php(355): CodeIgniter\CodeIgniter->handleRequest()
 9 SYSTEMPATH/Boot.php(325): CodeIgniter\CodeIgniter->run()
10 SYSTEMPATH/Boot.php(67): CodeIgniter\Boot::runCodeIgniter()
11 FCPATH/index.php(56): CodeIgniter\Boot::bootWeb()
12 SYSTEMPATH/Commands/Server/rewrite.php(49): require_once('/home/auriot/Documents/gestionDepot/public/index.php')
CRITICAL - 2024-10-21 14:48:28 --> [Caused by] SQLite3Exception: Unable to prepare statement: near "`c`": syntax error
in SYSTEMPATH/Database/SQLite3/Connection.php on line 153.
 1 SYSTEMPATH/Database/SQLite3/Connection.php(153): SQLite3->query()
 2 SYSTEMPATH/Database/BaseConnection.php(732): CodeIgniter\Database\SQLite3\Connection->execute()
 3 SYSTEMPATH/Database/BaseConnection.php(646): CodeIgniter\Database\BaseConnection->simpleQuery()
 4 SYSTEMPATH/Database/BaseBuilder.php(1637): CodeIgniter\Database\BaseConnection->query()
 5 APPPATH/Models/ProduitModel.php(66): CodeIgniter\Database\BaseBuilder->get()
 6 APPPATH/Controllers/ProduitController.php(22): App\Models\ProduitModel->getAllProduit()
 7 SYSTEMPATH/CodeIgniter.php(933): App\Controllers\ProduitController->list()
 8 SYSTEMPATH/CodeIgniter.php(509): CodeIgniter\CodeIgniter->runController()
 9 SYSTEMPATH/CodeIgniter.php(355): CodeIgniter\CodeIgniter->handleRequest()
10 SYSTEMPATH/Boot.php(325): CodeIgniter\CodeIgniter->run()
11 SYSTEMPATH/Boot.php(67): CodeIgniter\Boot::runCodeIgniter()
12 FCPATH/index.php(56): CodeIgniter\Boot::bootWeb()
13 SYSTEMPATH/Commands/Server/rewrite.php(49): require_once('/home/auriot/Documents/gestionDepot/public/index.php')
ERROR - 2024-10-21 14:48:41 --> SQLite3Exception: Unable to prepare statement: near "`c`": syntax error in /home/auriot/Documents/gestionDepot/vendor/codeigniter4/framework/system/Database/SQLite3/Connection.php:153
Stack trace:
#0 /home/auriot/Documents/gestionDepot/vendor/codeigniter4/framework/system/Database/SQLite3/Connection.php(153): SQLite3->query()
#1 /home/auriot/Documents/gestionDepot/vendor/codeigniter4/framework/system/Database/BaseConnection.php(732): CodeIgniter\Database\SQLite3\Connection->execute()
#2 /home/auriot/Documents/gestionDepot/vendor/codeigniter4/framework/system/Database/BaseConnection.php(646): CodeIgniter\Database\BaseConnection->simpleQuery()
#3 /home/auriot/Documents/gestionDepot/vendor/codeigniter4/framework/system/Database/BaseBuilder.php(1637): CodeIgniter\Database\BaseConnection->query()
#4 /home/auriot/Documents/gestionDepot/app/Models/ProduitModel.php(66): CodeIgniter\Database\BaseBuilder->get()
#5 /home/auriot/Documents/gestionDepot/app/Controllers/ProduitController.php(22): App\Models\ProduitModel->getAllProduit()
#6 /home/auriot/Documents/gestionDepot/vendor/codeigniter4/framework/system/CodeIgniter.php(933): App\Controllers\ProduitController->list()
#7 /home/auriot/Documents/gestionDepot/vendor/codeigniter4/framework/system/CodeIgniter.php(509): CodeIgniter\CodeIgniter->runController()
#8 /home/auriot/Documents/gestionDepot/vendor/codeigniter4/framework/system/CodeIgniter.php(355): CodeIgniter\CodeIgniter->handleRequest()
#9 /home/auriot/Documents/gestionDepot/vendor/codeigniter4/framework/system/Boot.php(325): CodeIgniter\CodeIgniter->run()
#10 /home/auriot/Documents/gestionDepot/vendor/codeigniter4/framework/system/Boot.php(67): CodeIgniter\Boot::runCodeIgniter()
#11 /home/auriot/Documents/gestionDepot/public/index.php(56): CodeIgniter\Boot::bootWeb()
#12 /home/auriot/Documents/gestionDepot/vendor/codeigniter4/framework/system/Commands/Server/rewrite.php(49): require_once('...')
#13 {main}
CRITICAL - 2024-10-21 14:48:41 --> CodeIgniter\Database\Exceptions\DatabaseException: Unable to prepare statement: near "`c`": syntax error
[Method: GET, Route: produit/List_produit]
in SYSTEMPATH/Database/BaseConnection.php on line 686.
 1 SYSTEMPATH/Database/BaseBuilder.php(1637): CodeIgniter\Database\BaseConnection->query()
 2 APPPATH/Models/ProduitModel.php(66): CodeIgniter\Database\BaseBuilder->get()
 3 APPPATH/Controllers/ProduitController.php(22): App\Models\ProduitModel->getAllProduit()
 4 SYSTEMPATH/CodeIgniter.php(933): App\Controllers\ProduitController->list()
 5 SYSTEMPATH/CodeIgniter.php(509): CodeIgniter\CodeIgniter->runController()
 6 SYSTEMPATH/CodeIgniter.php(355): CodeIgniter\CodeIgniter->handleRequest()
 7 SYSTEMPATH/Boot.php(325): CodeIgniter\CodeIgniter->run()
 8 SYSTEMPATH/Boot.php(67): CodeIgniter\Boot::runCodeIgniter()
 9 FCPATH/index.php(56): CodeIgniter\Boot::bootWeb()
10 SYSTEMPATH/Commands/Server/rewrite.php(49): require_once('/home/auriot/Documents/gestionDepot/public/index.php')
CRITICAL - 2024-10-21 14:48:41 --> [Caused by] CodeIgniter\Database\Exceptions\DatabaseException: Unable to prepare statement: near "`c`": syntax error
in SYSTEMPATH/Database/SQLite3/Connection.php on line 158.
 1 SYSTEMPATH/Database/BaseConnection.php(732): CodeIgniter\Database\SQLite3\Connection->execute()
 2 SYSTEMPATH/Database/BaseConnection.php(646): CodeIgniter\Database\BaseConnection->simpleQuery()
 3 SYSTEMPATH/Database/BaseBuilder.php(1637): CodeIgniter\Database\BaseConnection->query()
 4 APPPATH/Models/ProduitModel.php(66): CodeIgniter\Database\BaseBuilder->get()
 5 APPPATH/Controllers/ProduitController.php(22): App\Models\ProduitModel->getAllProduit()
 6 SYSTEMPATH/CodeIgniter.php(933): App\Controllers\ProduitController->list()
 7 SYSTEMPATH/CodeIgniter.php(509): CodeIgniter\CodeIgniter->runController()
 8 SYSTEMPATH/CodeIgniter.php(355): CodeIgniter\CodeIgniter->handleRequest()
 9 SYSTEMPATH/Boot.php(325): CodeIgniter\CodeIgniter->run()
10 SYSTEMPATH/Boot.php(67): CodeIgniter\Boot::runCodeIgniter()
11 FCPATH/index.php(56): CodeIgniter\Boot::bootWeb()
12 SYSTEMPATH/Commands/Server/rewrite.php(49): require_once('/home/auriot/Documents/gestionDepot/public/index.php')
CRITICAL - 2024-10-21 14:48:41 --> [Caused by] SQLite3Exception: Unable to prepare statement: near "`c`": syntax error
in SYSTEMPATH/Database/SQLite3/Connection.php on line 153.
 1 SYSTEMPATH/Database/SQLite3/Connection.php(153): SQLite3->query()
 2 SYSTEMPATH/Database/BaseConnection.php(732): CodeIgniter\Database\SQLite3\Connection->execute()
 3 SYSTEMPATH/Database/BaseConnection.php(646): CodeIgniter\Database\BaseConnection->simpleQuery()
 4 SYSTEMPATH/Database/BaseBuilder.php(1637): CodeIgniter\Database\BaseConnection->query()
 5 APPPATH/Models/ProduitModel.php(66): CodeIgniter\Database\BaseBuilder->get()
 6 APPPATH/Controllers/ProduitController.php(22): App\Models\ProduitModel->getAllProduit()
 7 SYSTEMPATH/CodeIgniter.php(933): App\Controllers\ProduitController->list()
 8 SYSTEMPATH/CodeIgniter.php(509): CodeIgniter\CodeIgniter->runController()
 9 SYSTEMPATH/CodeIgniter.php(355): CodeIgniter\CodeIgniter->handleRequest()
10 SYSTEMPATH/Boot.php(325): CodeIgniter\CodeIgniter->run()
11 SYSTEMPATH/Boot.php(67): CodeIgniter\Boot::runCodeIgniter()
12 FCPATH/index.php(56): CodeIgniter\Boot::bootWeb()
13 SYSTEMPATH/Commands/Server/rewrite.php(49): require_once('/home/auriot/Documents/gestionDepot/public/index.php')
ERROR - 2024-10-21 14:50:34 --> SQLite3Exception: Unable to prepare statement: no such column: categorie in /home/auriot/Documents/gestionDepot/vendor/codeigniter4/framework/system/Database/SQLite3/Connection.php:153
Stack trace:
#0 /home/auriot/Documents/gestionDepot/vendor/codeigniter4/framework/system/Database/SQLite3/Connection.php(153): SQLite3->query()
#1 /home/auriot/Documents/gestionDepot/vendor/codeigniter4/framework/system/Database/BaseConnection.php(732): CodeIgniter\Database\SQLite3\Connection->execute()
#2 /home/auriot/Documents/gestionDepot/vendor/codeigniter4/framework/system/Database/BaseConnection.php(646): CodeIgniter\Database\BaseConnection->simpleQuery()
#3 /home/auriot/Documents/gestionDepot/vendor/codeigniter4/framework/system/Database/BaseBuilder.php(1637): CodeIgniter\Database\BaseConnection->query()
#4 /home/auriot/Documents/gestionDepot/app/Models/ProduitModel.php(66): CodeIgniter\Database\BaseBuilder->get()
#5 /home/auriot/Documents/gestionDepot/app/Controllers/ProduitController.php(22): App\Models\ProduitModel->getAllProduit()
#6 /home/auriot/Documents/gestionDepot/vendor/codeigniter4/framework/system/CodeIgniter.php(933): App\Controllers\ProduitController->list()
#7 /home/auriot/Documents/gestionDepot/vendor/codeigniter4/framework/system/CodeIgniter.php(509): CodeIgniter\CodeIgniter->runController()
#8 /home/auriot/Documents/gestionDepot/vendor/codeigniter4/framework/system/CodeIgniter.php(355): CodeIgniter\CodeIgniter->handleRequest()
#9 /home/auriot/Documents/gestionDepot/vendor/codeigniter4/framework/system/Boot.php(325): CodeIgniter\CodeIgniter->run()
#10 /home/auriot/Documents/gestionDepot/vendor/codeigniter4/framework/system/Boot.php(67): CodeIgniter\Boot::runCodeIgniter()
#11 /home/auriot/Documents/gestionDepot/public/index.php(56): CodeIgniter\Boot::bootWeb()
#12 /home/auriot/Documents/gestionDepot/vendor/codeigniter4/framework/system/Commands/Server/rewrite.php(49): require_once('...')
#13 {main}
CRITICAL - 2024-10-21 14:50:34 --> CodeIgniter\Database\Exceptions\DatabaseException: Unable to prepare statement: no such column: categorie
[Method: GET, Route: produit/List_produit]
in SYSTEMPATH/Database/BaseConnection.php on line 686.
 1 SYSTEMPATH/Database/BaseBuilder.php(1637): CodeIgniter\Database\BaseConnection->query()
 2 APPPATH/Models/ProduitModel.php(66): CodeIgniter\Database\BaseBuilder->get()
 3 APPPATH/Controllers/ProduitController.php(22): App\Models\ProduitModel->getAllProduit()
 4 SYSTEMPATH/CodeIgniter.php(933): App\Controllers\ProduitController->list()
 5 SYSTEMPATH/CodeIgniter.php(509): CodeIgniter\CodeIgniter->runController()
 6 SYSTEMPATH/CodeIgniter.php(355): CodeIgniter\CodeIgniter->handleRequest()
 7 SYSTEMPATH/Boot.php(325): CodeIgniter\CodeIgniter->run()
 8 SYSTEMPATH/Boot.php(67): CodeIgniter\Boot::runCodeIgniter()
 9 FCPATH/index.php(56): CodeIgniter\Boot::bootWeb()
10 SYSTEMPATH/Commands/Server/rewrite.php(49): require_once('/home/auriot/Documents/gestionDepot/public/index.php')
CRITICAL - 2024-10-21 14:50:34 --> [Caused by] CodeIgniter\Database\Exceptions\DatabaseException: Unable to prepare statement: no such column: categorie
in SYSTEMPATH/Database/SQLite3/Connection.php on line 158.
 1 SYSTEMPATH/Database/BaseConnection.php(732): CodeIgniter\Database\SQLite3\Connection->execute()
 2 SYSTEMPATH/Database/BaseConnection.php(646): CodeIgniter\Database\BaseConnection->simpleQuery()
 3 SYSTEMPATH/Database/BaseBuilder.php(1637): CodeIgniter\Database\BaseConnection->query()
 4 APPPATH/Models/ProduitModel.php(66): CodeIgniter\Database\BaseBuilder->get()
 5 APPPATH/Controllers/ProduitController.php(22): App\Models\ProduitModel->getAllProduit()
 6 SYSTEMPATH/CodeIgniter.php(933): App\Controllers\ProduitController->list()
 7 SYSTEMPATH/CodeIgniter.php(509): CodeIgniter\CodeIgniter->runController()
 8 SYSTEMPATH/CodeIgniter.php(355): CodeIgniter\CodeIgniter->handleRequest()
 9 SYSTEMPATH/Boot.php(325): CodeIgniter\CodeIgniter->run()
10 SYSTEMPATH/Boot.php(67): CodeIgniter\Boot::runCodeIgniter()
11 FCPATH/index.php(56): CodeIgniter\Boot::bootWeb()
12 SYSTEMPATH/Commands/Server/rewrite.php(49): require_once('/home/auriot/Documents/gestionDepot/public/index.php')
CRITICAL - 2024-10-21 14:50:34 --> [Caused by] SQLite3Exception: Unable to prepare statement: no such column: categorie
in SYSTEMPATH/Database/SQLite3/Connection.php on line 153.
 1 SYSTEMPATH/Database/SQLite3/Connection.php(153): SQLite3->query()
 2 SYSTEMPATH/Database/BaseConnection.php(732): CodeIgniter\Database\SQLite3\Connection->execute()
 3 SYSTEMPATH/Database/BaseConnection.php(646): CodeIgniter\Database\BaseConnection->simpleQuery()
 4 SYSTEMPATH/Database/BaseBuilder.php(1637): CodeIgniter\Database\BaseConnection->query()
 5 APPPATH/Models/ProduitModel.php(66): CodeIgniter\Database\BaseBuilder->get()
 6 APPPATH/Controllers/ProduitController.php(22): App\Models\ProduitModel->getAllProduit()
 7 SYSTEMPATH/CodeIgniter.php(933): App\Controllers\ProduitController->list()
 8 SYSTEMPATH/CodeIgniter.php(509): CodeIgniter\CodeIgniter->runController()
 9 SYSTEMPATH/CodeIgniter.php(355): CodeIgniter\CodeIgniter->handleRequest()
10 SYSTEMPATH/Boot.php(325): CodeIgniter\CodeIgniter->run()
11 SYSTEMPATH/Boot.php(67): CodeIgniter\Boot::runCodeIgniter()
12 FCPATH/index.php(56): CodeIgniter\Boot::bootWeb()
13 SYSTEMPATH/Commands/Server/rewrite.php(49): require_once('/home/auriot/Documents/gestionDepot/public/index.php')
ERROR - 2024-10-21 14:51:22 --> SQLite3Exception: Unable to prepare statement: near "`categorie`": syntax error in /home/auriot/Documents/gestionDepot/vendor/codeigniter4/framework/system/Database/SQLite3/Connection.php:153
Stack trace:
#0 /home/auriot/Documents/gestionDepot/vendor/codeigniter4/framework/system/Database/SQLite3/Connection.php(153): SQLite3->query()
#1 /home/auriot/Documents/gestionDepot/vendor/codeigniter4/framework/system/Database/BaseConnection.php(732): CodeIgniter\Database\SQLite3\Connection->execute()
#2 /home/auriot/Documents/gestionDepot/vendor/codeigniter4/framework/system/Database/BaseConnection.php(646): CodeIgniter\Database\BaseConnection->simpleQuery()
#3 /home/auriot/Documents/gestionDepot/vendor/codeigniter4/framework/system/Database/BaseBuilder.php(1637): CodeIgniter\Database\BaseConnection->query()
#4 /home/auriot/Documents/gestionDepot/app/Models/ProduitModel.php(66): CodeIgniter\Database\BaseBuilder->get()
#5 /home/auriot/Documents/gestionDepot/app/Controllers/ProduitController.php(22): App\Models\ProduitModel->getAllProduit()
#6 /home/auriot/Documents/gestionDepot/vendor/codeigniter4/framework/system/CodeIgniter.php(933): App\Controllers\ProduitController->list()
#7 /home/auriot/Documents/gestionDepot/vendor/codeigniter4/framework/system/CodeIgniter.php(509): CodeIgniter\CodeIgniter->runController()
#8 /home/auriot/Documents/gestionDepot/vendor/codeigniter4/framework/system/CodeIgniter.php(355): CodeIgniter\CodeIgniter->handleRequest()
#9 /home/auriot/Documents/gestionDepot/vendor/codeigniter4/framework/system/Boot.php(325): CodeIgniter\CodeIgniter->run()
#10 /home/auriot/Documents/gestionDepot/vendor/codeigniter4/framework/system/Boot.php(67): CodeIgniter\Boot::runCodeIgniter()
#11 /home/auriot/Documents/gestionDepot/public/index.php(56): CodeIgniter\Boot::bootWeb()
#12 /home/auriot/Documents/gestionDepot/vendor/codeigniter4/framework/system/Commands/Server/rewrite.php(49): require_once('...')
#13 {main}
CRITICAL - 2024-10-21 14:51:22 --> CodeIgniter\Database\Exceptions\DatabaseException: Unable to prepare statement: near "`categorie`": syntax error
[Method: GET, Route: produit/List_produit]
in SYSTEMPATH/Database/BaseConnection.php on line 686.
 1 SYSTEMPATH/Database/BaseBuilder.php(1637): CodeIgniter\Database\BaseConnection->query()
 2 APPPATH/Models/ProduitModel.php(66): CodeIgniter\Database\BaseBuilder->get()
 3 APPPATH/Controllers/ProduitController.php(22): App\Models\ProduitModel->getAllProduit()
 4 SYSTEMPATH/CodeIgniter.php(933): App\Controllers\ProduitController->list()
 5 SYSTEMPATH/CodeIgniter.php(509): CodeIgniter\CodeIgniter->runController()
 6 SYSTEMPATH/CodeIgniter.php(355): CodeIgniter\CodeIgniter->handleRequest()
 7 SYSTEMPATH/Boot.php(325): CodeIgniter\CodeIgniter->run()
 8 SYSTEMPATH/Boot.php(67): CodeIgniter\Boot::runCodeIgniter()
 9 FCPATH/index.php(56): CodeIgniter\Boot::bootWeb()
10 SYSTEMPATH/Commands/Server/rewrite.php(49): require_once('/home/auriot/Documents/gestionDepot/public/index.php')
CRITICAL - 2024-10-21 14:51:22 --> [Caused by] CodeIgniter\Database\Exceptions\DatabaseException: Unable to prepare statement: near "`categorie`": syntax error
in SYSTEMPATH/Database/SQLite3/Connection.php on line 158.
 1 SYSTEMPATH/Database/BaseConnection.php(732): CodeIgniter\Database\SQLite3\Connection->execute()
 2 SYSTEMPATH/Database/BaseConnection.php(646): CodeIgniter\Database\BaseConnection->simpleQuery()
 3 SYSTEMPATH/Database/BaseBuilder.php(1637): CodeIgniter\Database\BaseConnection->query()
 4 APPPATH/Models/ProduitModel.php(66): CodeIgniter\Database\BaseBuilder->get()
 5 APPPATH/Controllers/ProduitController.php(22): App\Models\ProduitModel->getAllProduit()
 6 SYSTEMPATH/CodeIgniter.php(933): App\Controllers\ProduitController->list()
 7 SYSTEMPATH/CodeIgniter.php(509): CodeIgniter\CodeIgniter->runController()
 8 SYSTEMPATH/CodeIgniter.php(355): CodeIgniter\CodeIgniter->handleRequest()
 9 SYSTEMPATH/Boot.php(325): CodeIgniter\CodeIgniter->run()
10 SYSTEMPATH/Boot.php(67): CodeIgniter\Boot::runCodeIgniter()
11 FCPATH/index.php(56): CodeIgniter\Boot::bootWeb()
12 SYSTEMPATH/Commands/Server/rewrite.php(49): require_once('/home/auriot/Documents/gestionDepot/public/index.php')
CRITICAL - 2024-10-21 14:51:22 --> [Caused by] SQLite3Exception: Unable to prepare statement: near "`categorie`": syntax error
in SYSTEMPATH/Database/SQLite3/Connection.php on line 153.
 1 SYSTEMPATH/Database/SQLite3/Connection.php(153): SQLite3->query()
 2 SYSTEMPATH/Database/BaseConnection.php(732): CodeIgniter\Database\SQLite3\Connection->execute()
 3 SYSTEMPATH/Database/BaseConnection.php(646): CodeIgniter\Database\BaseConnection->simpleQuery()
 4 SYSTEMPATH/Database/BaseBuilder.php(1637): CodeIgniter\Database\BaseConnection->query()
 5 APPPATH/Models/ProduitModel.php(66): CodeIgniter\Database\BaseBuilder->get()
 6 APPPATH/Controllers/ProduitController.php(22): App\Models\ProduitModel->getAllProduit()
 7 SYSTEMPATH/CodeIgniter.php(933): App\Controllers\ProduitController->list()
 8 SYSTEMPATH/CodeIgniter.php(509): CodeIgniter\CodeIgniter->runController()
 9 SYSTEMPATH/CodeIgniter.php(355): CodeIgniter\CodeIgniter->handleRequest()
10 SYSTEMPATH/Boot.php(325): CodeIgniter\CodeIgniter->run()
11 SYSTEMPATH/Boot.php(67): CodeIgniter\Boot::runCodeIgniter()
12 FCPATH/index.php(56): CodeIgniter\Boot::bootWeb()
13 SYSTEMPATH/Commands/Server/rewrite.php(49): require_once('/home/auriot/Documents/gestionDepot/public/index.php')
INFO - 2024-10-21 14:53:41 --> Session: Class initialized using 'CodeIgniter\Session\Handlers\FileHandler' driver.
ERROR - 2024-10-21 15:05:17 --> SQLite3Exception: Unable to prepare statement: ambiguous column name: is_delete in /home/auriot/Documents/gestionDepot/vendor/codeigniter4/framework/system/Database/SQLite3/Connection.php:153
Stack trace:
#0 /home/auriot/Documents/gestionDepot/vendor/codeigniter4/framework/system/Database/SQLite3/Connection.php(153): SQLite3->query()
#1 /home/auriot/Documents/gestionDepot/vendor/codeigniter4/framework/system/Database/BaseConnection.php(732): CodeIgniter\Database\SQLite3\Connection->execute()
#2 /home/auriot/Documents/gestionDepot/vendor/codeigniter4/framework/system/Database/BaseConnection.php(646): CodeIgniter\Database\BaseConnection->simpleQuery()
#3 /home/auriot/Documents/gestionDepot/vendor/codeigniter4/framework/system/Database/BaseBuilder.php(1637): CodeIgniter\Database\BaseConnection->query()
#4 /home/auriot/Documents/gestionDepot/app/Models/ProduitModel.php(77): CodeIgniter\Database\BaseBuilder->get()
#5 /home/auriot/Documents/gestionDepot/app/Controllers/ProduitController.php(230): App\Models\ProduitModel->getProduitById()
#6 /home/auriot/Documents/gestionDepot/vendor/codeigniter4/framework/system/CodeIgniter.php(933): App\Controllers\ProduitController->getOne()
#7 /home/auriot/Documents/gestionDepot/vendor/codeigniter4/framework/system/CodeIgniter.php(509): CodeIgniter\CodeIgniter->runController()
#8 /home/auriot/Documents/gestionDepot/vendor/codeigniter4/framework/system/CodeIgniter.php(355): CodeIgniter\CodeIgniter->handleRequest()
#9 /home/auriot/Documents/gestionDepot/vendor/codeigniter4/framework/system/Boot.php(325): CodeIgniter\CodeIgniter->run()
#10 /home/auriot/Documents/gestionDepot/vendor/codeigniter4/framework/system/Boot.php(67): CodeIgniter\Boot::runCodeIgniter()
#11 /home/auriot/Documents/gestionDepot/public/index.php(56): CodeIgniter\Boot::bootWeb()
#12 /home/auriot/Documents/gestionDepot/vendor/codeigniter4/framework/system/Commands/Server/rewrite.php(49): require_once('...')
#13 {main}
CRITICAL - 2024-10-21 15:05:17 --> CodeIgniter\Database\Exceptions\DatabaseException: Unable to prepare statement: ambiguous column name: is_delete
[Method: GET, Route: produit/getOneProduit/2]
in SYSTEMPATH/Database/BaseConnection.php on line 686.
 1 SYSTEMPATH/Database/BaseBuilder.php(1637): CodeIgniter\Database\BaseConnection->query()
 2 APPPATH/Models/ProduitModel.php(77): CodeIgniter\Database\BaseBuilder->get()
 3 APPPATH/Controllers/ProduitController.php(230): App\Models\ProduitModel->getProduitById()
 4 SYSTEMPATH/CodeIgniter.php(933): App\Controllers\ProduitController->getOne()
 5 SYSTEMPATH/CodeIgniter.php(509): CodeIgniter\CodeIgniter->runController()
 6 SYSTEMPATH/CodeIgniter.php(355): CodeIgniter\CodeIgniter->handleRequest()
 7 SYSTEMPATH/Boot.php(325): CodeIgniter\CodeIgniter->run()
 8 SYSTEMPATH/Boot.php(67): CodeIgniter\Boot::runCodeIgniter()
 9 FCPATH/index.php(56): CodeIgniter\Boot::bootWeb()
10 SYSTEMPATH/Commands/Server/rewrite.php(49): require_once('/home/auriot/Documents/gestionDepot/public/index.php')
CRITICAL - 2024-10-21 15:05:17 --> [Caused by] CodeIgniter\Database\Exceptions\DatabaseException: Unable to prepare statement: ambiguous column name: is_delete
in SYSTEMPATH/Database/SQLite3/Connection.php on line 158.
 1 SYSTEMPATH/Database/BaseConnection.php(732): CodeIgniter\Database\SQLite3\Connection->execute()
 2 SYSTEMPATH/Database/BaseConnection.php(646): CodeIgniter\Database\BaseConnection->simpleQuery()
 3 SYSTEMPATH/Database/BaseBuilder.php(1637): CodeIgniter\Database\BaseConnection->query()
 4 APPPATH/Models/ProduitModel.php(77): CodeIgniter\Database\BaseBuilder->get()
 5 APPPATH/Controllers/ProduitController.php(230): App\Models\ProduitModel->getProduitById()
 6 SYSTEMPATH/CodeIgniter.php(933): App\Controllers\ProduitController->getOne()
 7 SYSTEMPATH/CodeIgniter.php(509): CodeIgniter\CodeIgniter->runController()
 8 SYSTEMPATH/CodeIgniter.php(355): CodeIgniter\CodeIgniter->handleRequest()
 9 SYSTEMPATH/Boot.php(325): CodeIgniter\CodeIgniter->run()
10 SYSTEMPATH/Boot.php(67): CodeIgniter\Boot::runCodeIgniter()
11 FCPATH/index.php(56): CodeIgniter\Boot::bootWeb()
12 SYSTEMPATH/Commands/Server/rewrite.php(49): require_once('/home/auriot/Documents/gestionDepot/public/index.php')
CRITICAL - 2024-10-21 15:05:17 --> [Caused by] SQLite3Exception: Unable to prepare statement: ambiguous column name: is_delete
in SYSTEMPATH/Database/SQLite3/Connection.php on line 153.
 1 SYSTEMPATH/Database/SQLite3/Connection.php(153): SQLite3->query()
 2 SYSTEMPATH/Database/BaseConnection.php(732): CodeIgniter\Database\SQLite3\Connection->execute()
 3 SYSTEMPATH/Database/BaseConnection.php(646): CodeIgniter\Database\BaseConnection->simpleQuery()
 4 SYSTEMPATH/Database/BaseBuilder.php(1637): CodeIgniter\Database\BaseConnection->query()
 5 APPPATH/Models/ProduitModel.php(77): CodeIgniter\Database\BaseBuilder->get()
 6 APPPATH/Controllers/ProduitController.php(230): App\Models\ProduitModel->getProduitById()
 7 SYSTEMPATH/CodeIgniter.php(933): App\Controllers\ProduitController->getOne()
 8 SYSTEMPATH/CodeIgniter.php(509): CodeIgniter\CodeIgniter->runController()
 9 SYSTEMPATH/CodeIgniter.php(355): CodeIgniter\CodeIgniter->handleRequest()
10 SYSTEMPATH/Boot.php(325): CodeIgniter\CodeIgniter->run()
11 SYSTEMPATH/Boot.php(67): CodeIgniter\Boot::runCodeIgniter()
12 FCPATH/index.php(56): CodeIgniter\Boot::bootWeb()
13 SYSTEMPATH/Commands/Server/rewrite.php(49): require_once('/home/auriot/Documents/gestionDepot/public/index.php')
ERROR - 2024-10-21 15:05:19 --> SQLite3Exception: Unable to prepare statement: ambiguous column name: is_delete in /home/auriot/Documents/gestionDepot/vendor/codeigniter4/framework/system/Database/SQLite3/Connection.php:153
Stack trace:
#0 /home/auriot/Documents/gestionDepot/vendor/codeigniter4/framework/system/Database/SQLite3/Connection.php(153): SQLite3->query()
#1 /home/auriot/Documents/gestionDepot/vendor/codeigniter4/framework/system/Database/BaseConnection.php(732): CodeIgniter\Database\SQLite3\Connection->execute()
#2 /home/auriot/Documents/gestionDepot/vendor/codeigniter4/framework/system/Database/BaseConnection.php(646): CodeIgniter\Database\BaseConnection->simpleQuery()
#3 /home/auriot/Documents/gestionDepot/vendor/codeigniter4/framework/system/Database/BaseBuilder.php(1637): CodeIgniter\Database\BaseConnection->query()
#4 /home/auriot/Documents/gestionDepot/app/Models/ProduitModel.php(77): CodeIgniter\Database\BaseBuilder->get()
#5 /home/auriot/Documents/gestionDepot/app/Controllers/ProduitController.php(230): App\Models\ProduitModel->getProduitById()
#6 /home/auriot/Documents/gestionDepot/vendor/codeigniter4/framework/system/CodeIgniter.php(933): App\Controllers\ProduitController->getOne()
#7 /home/auriot/Documents/gestionDepot/vendor/codeigniter4/framework/system/CodeIgniter.php(509): CodeIgniter\CodeIgniter->runController()
#8 /home/auriot/Documents/gestionDepot/vendor/codeigniter4/framework/system/CodeIgniter.php(355): CodeIgniter\CodeIgniter->handleRequest()
#9 /home/auriot/Documents/gestionDepot/vendor/codeigniter4/framework/system/Boot.php(325): CodeIgniter\CodeIgniter->run()
#10 /home/auriot/Documents/gestionDepot/vendor/codeigniter4/framework/system/Boot.php(67): CodeIgniter\Boot::runCodeIgniter()
#11 /home/auriot/Documents/gestionDepot/public/index.php(56): CodeIgniter\Boot::bootWeb()
#12 /home/auriot/Documents/gestionDepot/vendor/codeigniter4/framework/system/Commands/Server/rewrite.php(49): require_once('...')
#13 {main}
CRITICAL - 2024-10-21 15:05:19 --> CodeIgniter\Database\Exceptions\DatabaseException: Unable to prepare statement: ambiguous column name: is_delete
[Method: GET, Route: produit/getOneProduit/2]
in SYSTEMPATH/Database/BaseConnection.php on line 686.
 1 SYSTEMPATH/Database/BaseBuilder.php(1637): CodeIgniter\Database\BaseConnection->query()
 2 APPPATH/Models/ProduitModel.php(77): CodeIgniter\Database\BaseBuilder->get()
 3 APPPATH/Controllers/ProduitController.php(230): App\Models\ProduitModel->getProduitById()
 4 SYSTEMPATH/CodeIgniter.php(933): App\Controllers\ProduitController->getOne()
 5 SYSTEMPATH/CodeIgniter.php(509): CodeIgniter\CodeIgniter->runController()
 6 SYSTEMPATH/CodeIgniter.php(355): CodeIgniter\CodeIgniter->handleRequest()
 7 SYSTEMPATH/Boot.php(325): CodeIgniter\CodeIgniter->run()
 8 SYSTEMPATH/Boot.php(67): CodeIgniter\Boot::runCodeIgniter()
 9 FCPATH/index.php(56): CodeIgniter\Boot::bootWeb()
10 SYSTEMPATH/Commands/Server/rewrite.php(49): require_once('/home/auriot/Documents/gestionDepot/public/index.php')
CRITICAL - 2024-10-21 15:05:19 --> [Caused by] CodeIgniter\Database\Exceptions\DatabaseException: Unable to prepare statement: ambiguous column name: is_delete
in SYSTEMPATH/Database/SQLite3/Connection.php on line 158.
 1 SYSTEMPATH/Database/BaseConnection.php(732): CodeIgniter\Database\SQLite3\Connection->execute()
 2 SYSTEMPATH/Database/BaseConnection.php(646): CodeIgniter\Database\BaseConnection->simpleQuery()
 3 SYSTEMPATH/Database/BaseBuilder.php(1637): CodeIgniter\Database\BaseConnection->query()
 4 APPPATH/Models/ProduitModel.php(77): CodeIgniter\Database\BaseBuilder->get()
 5 APPPATH/Controllers/ProduitController.php(230): App\Models\ProduitModel->getProduitById()
 6 SYSTEMPATH/CodeIgniter.php(933): App\Controllers\ProduitController->getOne()
 7 SYSTEMPATH/CodeIgniter.php(509): CodeIgniter\CodeIgniter->runController()
 8 SYSTEMPATH/CodeIgniter.php(355): CodeIgniter\CodeIgniter->handleRequest()
 9 SYSTEMPATH/Boot.php(325): CodeIgniter\CodeIgniter->run()
10 SYSTEMPATH/Boot.php(67): CodeIgniter\Boot::runCodeIgniter()
11 FCPATH/index.php(56): CodeIgniter\Boot::bootWeb()
12 SYSTEMPATH/Commands/Server/rewrite.php(49): require_once('/home/auriot/Documents/gestionDepot/public/index.php')
CRITICAL - 2024-10-21 15:05:19 --> [Caused by] SQLite3Exception: Unable to prepare statement: ambiguous column name: is_delete
in SYSTEMPATH/Database/SQLite3/Connection.php on line 153.
 1 SYSTEMPATH/Database/SQLite3/Connection.php(153): SQLite3->query()
 2 SYSTEMPATH/Database/BaseConnection.php(732): CodeIgniter\Database\SQLite3\Connection->execute()
 3 SYSTEMPATH/Database/BaseConnection.php(646): CodeIgniter\Database\BaseConnection->simpleQuery()
 4 SYSTEMPATH/Database/BaseBuilder.php(1637): CodeIgniter\Database\BaseConnection->query()
 5 APPPATH/Models/ProduitModel.php(77): CodeIgniter\Database\BaseBuilder->get()
 6 APPPATH/Controllers/ProduitController.php(230): App\Models\ProduitModel->getProduitById()
 7 SYSTEMPATH/CodeIgniter.php(933): App\Controllers\ProduitController->getOne()
 8 SYSTEMPATH/CodeIgniter.php(509): CodeIgniter\CodeIgniter->runController()
 9 SYSTEMPATH/CodeIgniter.php(355): CodeIgniter\CodeIgniter->handleRequest()
10 SYSTEMPATH/Boot.php(325): CodeIgniter\CodeIgniter->run()
11 SYSTEMPATH/Boot.php(67): CodeIgniter\Boot::runCodeIgniter()
12 FCPATH/index.php(56): CodeIgniter\Boot::bootWeb()
13 SYSTEMPATH/Commands/Server/rewrite.php(49): require_once('/home/auriot/Documents/gestionDepot/public/index.php')
INFO - 2024-10-21 15:20:42 --> Session: Class initialized using 'CodeIgniter\Session\Handlers\FileHandler' driver.
