CRITICAL - 2024-06-18 10:42:52 --> CodeIgniter\View\Exceptions\ViewException: Invalid file: "components/notice.php"
[Method: GET, Route: view/Save_stagiaire]
in SYSTEMPATH/Exceptions/FrameworkException.php on line 41.
 1 SYSTEMPATH/View/View.php(222): CodeIgniter\Exceptions\FrameworkException::forInvalidFile()
 2 SYSTEMPATH/View/View.php(487): CodeIgniter\View\View->render()
 3 APPPATH/Views/pages/stagiaire/save_stagiaire.php(142): CodeIgniter\View\View->include()
 4 SYSTEMPATH/View/View.php(234): include('/home/angel/Vidéos/diso-gestion/diso-gestion/app/Views/pages/stagiaire/save_stagiaire.php')
 5 SYSTEMPATH/View/View.php(237): CodeIgniter\View\View->CodeIgniter\View\{closure}()
 6 SYSTEMPATH/Common.php(1171): CodeIgniter\View\View->render()
 7 APPPATH/Controllers/Home.php(21): view()
 8 SYSTEMPATH/CodeIgniter.php(933): App\Controllers\Home->save_stagiaire()
 9 SYSTEMPATH/CodeIgniter.php(509): CodeIgniter\CodeIgniter->runController()
10 SYSTEMPATH/CodeIgniter.php(355): CodeIgniter\CodeIgniter->handleRequest()
11 SYSTEMPATH/Boot.php(325): CodeIgniter\CodeIgniter->run()
12 SYSTEMPATH/Boot.php(67): CodeIgniter\Boot::runCodeIgniter()
13 FCPATH/index.php(56): CodeIgniter\Boot::bootWeb()
14 SYSTEMPATH/Commands/Server/rewrite.php(49): require_once('/home/angel/Vidéos/diso-gestion/diso-gestion/public/index.php')
CRITICAL - 2024-06-18 11:02:01 --> CodeIgniter\View\Exceptions\ViewException: Invalid file: "components/notice.php"
[Method: GET, Route: view/List_stagiaire]
in SYSTEMPATH/Exceptions/FrameworkException.php on line 41.
 1 SYSTEMPATH/View/View.php(222): CodeIgniter\Exceptions\FrameworkException::forInvalidFile()
 2 SYSTEMPATH/View/View.php(487): CodeIgniter\View\View->render()
 3 APPPATH/Views/pages/stagiaire/list_stagiaire.php(142): CodeIgniter\View\View->include()
 4 SYSTEMPATH/View/View.php(234): include('/home/angel/Vidéos/diso-gestion/diso-gestion/app/Views/pages/stagiaire/list_stagiaire.php')
 5 SYSTEMPATH/View/View.php(237): CodeIgniter\View\View->CodeIgniter\View\{closure}()
 6 SYSTEMPATH/Common.php(1171): CodeIgniter\View\View->render()
 7 APPPATH/Controllers/Home.php(25): view()
 8 SYSTEMPATH/CodeIgniter.php(933): App\Controllers\Home->list_stagiaire()
 9 SYSTEMPATH/CodeIgniter.php(509): CodeIgniter\CodeIgniter->runController()
10 SYSTEMPATH/CodeIgniter.php(355): CodeIgniter\CodeIgniter->handleRequest()
11 SYSTEMPATH/Boot.php(325): CodeIgniter\CodeIgniter->run()
12 SYSTEMPATH/Boot.php(67): CodeIgniter\Boot::runCodeIgniter()
13 FCPATH/index.php(56): CodeIgniter\Boot::bootWeb()
14 SYSTEMPATH/Commands/Server/rewrite.php(49): require_once('/home/angel/Vidéos/diso-gestion/diso-gestion/public/index.php')
INFO - 2024-06-18 13:21:01 --> Session: Class initialized using 'CodeIgniter\Session\Handlers\FileHandler' driver.
ERROR - 2024-06-18 13:21:01 --> Error connecting to the database: Error: Class "SQLite3" not found in /home/angel/Vidéos/diso-gestion/diso-gestion/vendor/codeigniter4/framework/system/Database/SQLite3/Connection.php:90
Stack trace:
#0 /home/angel/Vidéos/diso-gestion/diso-gestion/vendor/codeigniter4/framework/system/Database/BaseConnection.php(421): CodeIgniter\Database\SQLite3\Connection->connect()
#1 /home/angel/Vidéos/diso-gestion/diso-gestion/vendor/codeigniter4/framework/system/Database/SQLite3/Connection.php(60): CodeIgniter\Database\BaseConnection->initialize()
#2 /home/angel/Vidéos/diso-gestion/diso-gestion/vendor/codeigniter4/framework/system/Database/BaseConnection.php(614): CodeIgniter\Database\SQLite3\Connection->initialize()
#3 /home/angel/Vidéos/diso-gestion/diso-gestion/vendor/codeigniter4/framework/system/Database/BaseBuilder.php(1637): CodeIgniter\Database\BaseConnection->query()
#4 /home/angel/Vidéos/diso-gestion/diso-gestion/vendor/codeigniter4/framework/system/Model.php(330): CodeIgniter\Database\BaseBuilder->get()
#5 /home/angel/Vidéos/diso-gestion/diso-gestion/vendor/codeigniter4/framework/system/BaseModel.php(714): CodeIgniter\Model->doFirst()
#6 /home/angel/Vidéos/diso-gestion/diso-gestion/app/Controllers/AuthentificationController.php(57): CodeIgniter\BaseModel->first()
#7 /home/angel/Vidéos/diso-gestion/diso-gestion/vendor/codeigniter4/framework/system/CodeIgniter.php(933): App\Controllers\AuthentificationController->authentification()
#8 /home/angel/Vidéos/diso-gestion/diso-gestion/vendor/codeigniter4/framework/system/CodeIgniter.php(509): CodeIgniter\CodeIgniter->runController()
#9 /home/angel/Vidéos/diso-gestion/diso-gestion/vendor/codeigniter4/framework/system/CodeIgniter.php(355): CodeIgniter\CodeIgniter->handleRequest()
#10 /home/angel/Vidéos/diso-gestion/diso-gestion/vendor/codeigniter4/framework/system/Boot.php(325): CodeIgniter\CodeIgniter->run()
#11 /home/angel/Vidéos/diso-gestion/diso-gestion/vendor/codeigniter4/framework/system/Boot.php(67): CodeIgniter\Boot::runCodeIgniter()
#12 /home/angel/Vidéos/diso-gestion/diso-gestion/public/index.php(56): CodeIgniter\Boot::bootWeb()
#13 /home/angel/Vidéos/diso-gestion/diso-gestion/vendor/codeigniter4/framework/system/Commands/Server/rewrite.php(49): require_once('...')
#14 {main}
CRITICAL - 2024-06-18 13:21:01 --> CodeIgniter\Database\Exceptions\DatabaseException: Unable to connect to the database.
Main connection [SQLite3]: Class "SQLite3" not found
[Method: POST, Route: user/login]
in SYSTEMPATH/Database/BaseConnection.php on line 467.
 1 SYSTEMPATH/Database/SQLite3/Connection.php(60): CodeIgniter\Database\BaseConnection->initialize()
 2 SYSTEMPATH/Database/BaseConnection.php(614): CodeIgniter\Database\SQLite3\Connection->initialize()
 3 SYSTEMPATH/Database/BaseBuilder.php(1637): CodeIgniter\Database\BaseConnection->query()
 4 SYSTEMPATH/Model.php(330): CodeIgniter\Database\BaseBuilder->get()
 5 SYSTEMPATH/BaseModel.php(714): CodeIgniter\Model->doFirst()
 6 APPPATH/Controllers/AuthentificationController.php(57): CodeIgniter\BaseModel->first()
 7 SYSTEMPATH/CodeIgniter.php(933): App\Controllers\AuthentificationController->authentification()
 8 SYSTEMPATH/CodeIgniter.php(509): CodeIgniter\CodeIgniter->runController()
 9 SYSTEMPATH/CodeIgniter.php(355): CodeIgniter\CodeIgniter->handleRequest()
10 SYSTEMPATH/Boot.php(325): CodeIgniter\CodeIgniter->run()
11 SYSTEMPATH/Boot.php(67): CodeIgniter\Boot::runCodeIgniter()
12 FCPATH/index.php(56): CodeIgniter\Boot::bootWeb()
13 SYSTEMPATH/Commands/Server/rewrite.php(49): require_once('/home/angel/Vidéos/diso-gestion/diso-gestion/public/index.php')
INFO - 2024-06-18 13:25:07 --> Session: Class initialized using 'CodeIgniter\Session\Handlers\FileHandler' driver.
INFO - 2024-06-18 13:33:33 --> Session: Class initialized using 'CodeIgniter\Session\Handlers\FileHandler' driver.
INFO - 2024-06-18 13:36:24 --> Session: Class initialized using 'CodeIgniter\Session\Handlers\FileHandler' driver.
INFO - 2024-06-18 13:36:37 --> Session: Class initialized using 'CodeIgniter\Session\Handlers\FileHandler' driver.
INFO - 2024-06-18 13:36:51 --> Session: Class initialized using 'CodeIgniter\Session\Handlers\FileHandler' driver.
INFO - 2024-06-18 13:41:11 --> Session: Class initialized using 'CodeIgniter\Session\Handlers\FileHandler' driver.
INFO - 2024-06-18 13:41:29 --> Session: Class initialized using 'CodeIgniter\Session\Handlers\FileHandler' driver.
INFO - 2024-06-18 13:42:31 --> Session: Class initialized using 'CodeIgniter\Session\Handlers\FileHandler' driver.
INFO - 2024-06-18 13:44:19 --> Session: Class initialized using 'CodeIgniter\Session\Handlers\FileHandler' driver.
INFO - 2024-06-18 13:44:56 --> Session: Class initialized using 'CodeIgniter\Session\Handlers\FileHandler' driver.
INFO - 2024-06-18 13:45:10 --> Session: Class initialized using 'CodeIgniter\Session\Handlers\FileHandler' driver.
INFO - 2024-06-18 13:46:44 --> Session: Class initialized using 'CodeIgniter\Session\Handlers\FileHandler' driver.
INFO - 2024-06-18 13:46:56 --> Session: Class initialized using 'CodeIgniter\Session\Handlers\FileHandler' driver.
INFO - 2024-06-18 13:47:05 --> Session: Class initialized using 'CodeIgniter\Session\Handlers\FileHandler' driver.
INFO - 2024-06-18 13:47:50 --> Session: Class initialized using 'CodeIgniter\Session\Handlers\FileHandler' driver.
INFO - 2024-06-18 13:47:52 --> Session: Class initialized using 'CodeIgniter\Session\Handlers\FileHandler' driver.
CRITICAL - 2024-06-18 14:26:29 --> Error: Class "App\Models\FormationModel" not found
[Method: POST, Route: formation/Save]
in APPPATH/Controllers/FormationController.php on line 15.
 1 SYSTEMPATH/CodeIgniter.php(933): App\Controllers\FormationController->save()
 2 SYSTEMPATH/CodeIgniter.php(509): CodeIgniter\CodeIgniter->runController()
 3 SYSTEMPATH/CodeIgniter.php(355): CodeIgniter\CodeIgniter->handleRequest()
 4 SYSTEMPATH/Boot.php(325): CodeIgniter\CodeIgniter->run()
 5 SYSTEMPATH/Boot.php(67): CodeIgniter\Boot::runCodeIgniter()
 6 FCPATH/index.php(56): CodeIgniter\Boot::bootWeb()
 7 SYSTEMPATH/Commands/Server/rewrite.php(49): require_once('/home/angel/Vidéos/diso-gestion/diso-gestion/public/index.php')
CRITICAL - 2024-06-18 14:53:15 --> Error: Class "App\Controllers\HistorySession" not found
[Method: POST, Route: formation/Save]
in APPPATH/Controllers/FormationController.php on line 30.
 1 SYSTEMPATH/CodeIgniter.php(933): App\Controllers\FormationController->save()
 2 SYSTEMPATH/CodeIgniter.php(509): CodeIgniter\CodeIgniter->runController()
 3 SYSTEMPATH/CodeIgniter.php(355): CodeIgniter\CodeIgniter->handleRequest()
 4 SYSTEMPATH/Boot.php(325): CodeIgniter\CodeIgniter->run()
 5 SYSTEMPATH/Boot.php(67): CodeIgniter\Boot::runCodeIgniter()
 6 FCPATH/index.php(56): CodeIgniter\Boot::bootWeb()
 7 SYSTEMPATH/Commands/Server/rewrite.php(49): require_once('/home/angel/Vidéos/diso-gestion/diso-gestion/public/index.php')
INFO - 2024-06-18 14:53:47 --> Session: Class initialized using 'CodeIgniter\Session\Handlers\FileHandler' driver.
CRITICAL - 2024-06-18 14:53:47 --> ErrorException: Undefined variable $name
[Method: POST, Route: formation/Save]
in APPPATH/Controllers/FormationController.php on line 37.
 1 APPPATH/Controllers/FormationController.php(37): CodeIgniter\Debug\Exceptions->errorHandler()
 2 SYSTEMPATH/CodeIgniter.php(933): App\Controllers\FormationController->save()
 3 SYSTEMPATH/CodeIgniter.php(509): CodeIgniter\CodeIgniter->runController()
 4 SYSTEMPATH/CodeIgniter.php(355): CodeIgniter\CodeIgniter->handleRequest()
 5 SYSTEMPATH/Boot.php(325): CodeIgniter\CodeIgniter->run()
 6 SYSTEMPATH/Boot.php(67): CodeIgniter\Boot::runCodeIgniter()
 7 FCPATH/index.php(56): CodeIgniter\Boot::bootWeb()
 8 SYSTEMPATH/Commands/Server/rewrite.php(49): require_once('/home/angel/Vidéos/diso-gestion/diso-gestion/public/index.php')
INFO - 2024-06-18 14:54:24 --> Session: Class initialized using 'CodeIgniter\Session\Handlers\FileHandler' driver.
CRITICAL - 2024-06-18 14:54:24 --> BadMethodCallException: Call to undefined method App\Models\TrainingModel::getFormation
[Method: POST, Route: formation/Save]
in SYSTEMPATH/Model.php on line 932.
 1 APPPATH/Controllers/FormationController.php(37): CodeIgniter\Model->__call()
 2 SYSTEMPATH/CodeIgniter.php(933): App\Controllers\FormationController->save()
 3 SYSTEMPATH/CodeIgniter.php(509): CodeIgniter\CodeIgniter->runController()
 4 SYSTEMPATH/CodeIgniter.php(355): CodeIgniter\CodeIgniter->handleRequest()
 5 SYSTEMPATH/Boot.php(325): CodeIgniter\CodeIgniter->run()
 6 SYSTEMPATH/Boot.php(67): CodeIgniter\Boot::runCodeIgniter()
 7 FCPATH/index.php(56): CodeIgniter\Boot::bootWeb()
 8 SYSTEMPATH/Commands/Server/rewrite.php(49): require_once('/home/angel/Vidéos/diso-gestion/diso-gestion/public/index.php')
INFO - 2024-06-18 14:56:33 --> Session: Class initialized using 'CodeIgniter\Session\Handlers\FileHandler' driver.
CRITICAL - 2024-06-18 14:56:33 --> ErrorException: Undefined variable $mode_payment
[Method: POST, Route: formation/Save]
in APPPATH/Controllers/FormationController.php on line 52.
 1 APPPATH/Controllers/FormationController.php(52): CodeIgniter\Debug\Exceptions->errorHandler()
 2 SYSTEMPATH/CodeIgniter.php(933): App\Controllers\FormationController->save()
 3 SYSTEMPATH/CodeIgniter.php(509): CodeIgniter\CodeIgniter->runController()
 4 SYSTEMPATH/CodeIgniter.php(355): CodeIgniter\CodeIgniter->handleRequest()
 5 SYSTEMPATH/Boot.php(325): CodeIgniter\CodeIgniter->run()
 6 SYSTEMPATH/Boot.php(67): CodeIgniter\Boot::runCodeIgniter()
 7 FCPATH/index.php(56): CodeIgniter\Boot::bootWeb()
 8 SYSTEMPATH/Commands/Server/rewrite.php(49): require_once('/home/angel/Vidéos/diso-gestion/diso-gestion/public/index.php')
INFO - 2024-06-18 15:00:50 --> Session: Class initialized using 'CodeIgniter\Session\Handlers\FileHandler' driver.
ERROR - 2024-06-18 15:00:50 --> Exception: no such table: trainings in /home/angel/Vidéos/diso-gestion/diso-gestion/vendor/codeigniter4/framework/system/Database/SQLite3/Connection.php:152
Stack trace:
#0 /home/angel/Vidéos/diso-gestion/diso-gestion/vendor/codeigniter4/framework/system/Database/SQLite3/Connection.php(152): SQLite3->exec()
#1 /home/angel/Vidéos/diso-gestion/diso-gestion/vendor/codeigniter4/framework/system/Database/BaseConnection.php(732): CodeIgniter\Database\SQLite3\Connection->execute()
#2 /home/angel/Vidéos/diso-gestion/diso-gestion/vendor/codeigniter4/framework/system/Database/BaseConnection.php(646): CodeIgniter\Database\BaseConnection->simpleQuery()
#3 /home/angel/Vidéos/diso-gestion/diso-gestion/vendor/codeigniter4/framework/system/Database/BaseBuilder.php(2333): CodeIgniter\Database\BaseConnection->query()
#4 /home/angel/Vidéos/diso-gestion/diso-gestion/vendor/codeigniter4/framework/system/Model.php(394): CodeIgniter\Database\BaseBuilder->insert()
#5 /home/angel/Vidéos/diso-gestion/diso-gestion/vendor/codeigniter4/framework/system/BaseModel.php(840): CodeIgniter\Model->doInsert()
#6 /home/angel/Vidéos/diso-gestion/diso-gestion/vendor/codeigniter4/framework/system/Model.php(802): CodeIgniter\BaseModel->insert()
#7 /home/angel/Vidéos/diso-gestion/diso-gestion/vendor/codeigniter4/framework/system/BaseModel.php(751): CodeIgniter\Model->insert()
#8 /home/angel/Vidéos/diso-gestion/diso-gestion/app/Controllers/FormationController.php(61): CodeIgniter\BaseModel->save()
#9 /home/angel/Vidéos/diso-gestion/diso-gestion/vendor/codeigniter4/framework/system/CodeIgniter.php(933): App\Controllers\FormationController->save()
#10 /home/angel/Vidéos/diso-gestion/diso-gestion/vendor/codeigniter4/framework/system/CodeIgniter.php(509): CodeIgniter\CodeIgniter->runController()
#11 /home/angel/Vidéos/diso-gestion/diso-gestion/vendor/codeigniter4/framework/system/CodeIgniter.php(355): CodeIgniter\CodeIgniter->handleRequest()
#12 /home/angel/Vidéos/diso-gestion/diso-gestion/vendor/codeigniter4/framework/system/Boot.php(325): CodeIgniter\CodeIgniter->run()
#13 /home/angel/Vidéos/diso-gestion/diso-gestion/vendor/codeigniter4/framework/system/Boot.php(67): CodeIgniter\Boot::runCodeIgniter()
#14 /home/angel/Vidéos/diso-gestion/diso-gestion/public/index.php(56): CodeIgniter\Boot::bootWeb()
#15 /home/angel/Vidéos/diso-gestion/diso-gestion/vendor/codeigniter4/framework/system/Commands/Server/rewrite.php(49): require_once('...')
#16 {main}
CRITICAL - 2024-06-18 15:00:50 --> CodeIgniter\Database\Exceptions\DatabaseException: no such table: trainings
[Method: POST, Route: formation/Save]
in SYSTEMPATH/Database/BaseConnection.php on line 686.
 1 SYSTEMPATH/Database/BaseBuilder.php(2333): CodeIgniter\Database\BaseConnection->query()
 2 SYSTEMPATH/Model.php(394): CodeIgniter\Database\BaseBuilder->insert()
 3 SYSTEMPATH/BaseModel.php(840): CodeIgniter\Model->doInsert()
 4 SYSTEMPATH/Model.php(802): CodeIgniter\BaseModel->insert()
 5 SYSTEMPATH/BaseModel.php(751): CodeIgniter\Model->insert()
 6 APPPATH/Controllers/FormationController.php(61): CodeIgniter\BaseModel->save()
 7 SYSTEMPATH/CodeIgniter.php(933): App\Controllers\FormationController->save()
 8 SYSTEMPATH/CodeIgniter.php(509): CodeIgniter\CodeIgniter->runController()
 9 SYSTEMPATH/CodeIgniter.php(355): CodeIgniter\CodeIgniter->handleRequest()
10 SYSTEMPATH/Boot.php(325): CodeIgniter\CodeIgniter->run()
11 SYSTEMPATH/Boot.php(67): CodeIgniter\Boot::runCodeIgniter()
12 FCPATH/index.php(56): CodeIgniter\Boot::bootWeb()
13 SYSTEMPATH/Commands/Server/rewrite.php(49): require_once('/home/angel/Vidéos/diso-gestion/diso-gestion/public/index.php')
CRITICAL - 2024-06-18 15:00:50 --> [Caused by] CodeIgniter\Database\Exceptions\DatabaseException: no such table: trainings
in SYSTEMPATH/Database/SQLite3/Connection.php on line 158.
 1 SYSTEMPATH/Database/BaseConnection.php(732): CodeIgniter\Database\SQLite3\Connection->execute()
 2 SYSTEMPATH/Database/BaseConnection.php(646): CodeIgniter\Database\BaseConnection->simpleQuery()
 3 SYSTEMPATH/Database/BaseBuilder.php(2333): CodeIgniter\Database\BaseConnection->query()
 4 SYSTEMPATH/Model.php(394): CodeIgniter\Database\BaseBuilder->insert()
 5 SYSTEMPATH/BaseModel.php(840): CodeIgniter\Model->doInsert()
 6 SYSTEMPATH/Model.php(802): CodeIgniter\BaseModel->insert()
 7 SYSTEMPATH/BaseModel.php(751): CodeIgniter\Model->insert()
 8 APPPATH/Controllers/FormationController.php(61): CodeIgniter\BaseModel->save()
 9 SYSTEMPATH/CodeIgniter.php(933): App\Controllers\FormationController->save()
10 SYSTEMPATH/CodeIgniter.php(509): CodeIgniter\CodeIgniter->runController()
11 SYSTEMPATH/CodeIgniter.php(355): CodeIgniter\CodeIgniter->handleRequest()
12 SYSTEMPATH/Boot.php(325): CodeIgniter\CodeIgniter->run()
13 SYSTEMPATH/Boot.php(67): CodeIgniter\Boot::runCodeIgniter()
14 FCPATH/index.php(56): CodeIgniter\Boot::bootWeb()
15 SYSTEMPATH/Commands/Server/rewrite.php(49): require_once('/home/angel/Vidéos/diso-gestion/diso-gestion/public/index.php')
CRITICAL - 2024-06-18 15:00:50 --> [Caused by] Exception: no such table: trainings
in SYSTEMPATH/Database/SQLite3/Connection.php on line 152.
 1 SYSTEMPATH/Database/SQLite3/Connection.php(152): SQLite3->exec()
 2 SYSTEMPATH/Database/BaseConnection.php(732): CodeIgniter\Database\SQLite3\Connection->execute()
 3 SYSTEMPATH/Database/BaseConnection.php(646): CodeIgniter\Database\BaseConnection->simpleQuery()
 4 SYSTEMPATH/Database/BaseBuilder.php(2333): CodeIgniter\Database\BaseConnection->query()
 5 SYSTEMPATH/Model.php(394): CodeIgniter\Database\BaseBuilder->insert()
 6 SYSTEMPATH/BaseModel.php(840): CodeIgniter\Model->doInsert()
 7 SYSTEMPATH/Model.php(802): CodeIgniter\BaseModel->insert()
 8 SYSTEMPATH/BaseModel.php(751): CodeIgniter\Model->insert()
 9 APPPATH/Controllers/FormationController.php(61): CodeIgniter\BaseModel->save()
10 SYSTEMPATH/CodeIgniter.php(933): App\Controllers\FormationController->save()
11 SYSTEMPATH/CodeIgniter.php(509): CodeIgniter\CodeIgniter->runController()
12 SYSTEMPATH/CodeIgniter.php(355): CodeIgniter\CodeIgniter->handleRequest()
13 SYSTEMPATH/Boot.php(325): CodeIgniter\CodeIgniter->run()
14 SYSTEMPATH/Boot.php(67): CodeIgniter\Boot::runCodeIgniter()
15 FCPATH/index.php(56): CodeIgniter\Boot::bootWeb()
16 SYSTEMPATH/Commands/Server/rewrite.php(49): require_once('/home/angel/Vidéos/diso-gestion/diso-gestion/public/index.php')
INFO - 2024-06-18 15:01:07 --> Session: Class initialized using 'CodeIgniter\Session\Handlers\FileHandler' driver.
ERROR - 2024-06-18 15:01:07 --> Exception: table training has no column named id_user in /home/angel/Vidéos/diso-gestion/diso-gestion/vendor/codeigniter4/framework/system/Database/SQLite3/Connection.php:152
Stack trace:
#0 /home/angel/Vidéos/diso-gestion/diso-gestion/vendor/codeigniter4/framework/system/Database/SQLite3/Connection.php(152): SQLite3->exec()
#1 /home/angel/Vidéos/diso-gestion/diso-gestion/vendor/codeigniter4/framework/system/Database/BaseConnection.php(732): CodeIgniter\Database\SQLite3\Connection->execute()
#2 /home/angel/Vidéos/diso-gestion/diso-gestion/vendor/codeigniter4/framework/system/Database/BaseConnection.php(646): CodeIgniter\Database\BaseConnection->simpleQuery()
#3 /home/angel/Vidéos/diso-gestion/diso-gestion/vendor/codeigniter4/framework/system/Database/BaseBuilder.php(2333): CodeIgniter\Database\BaseConnection->query()
#4 /home/angel/Vidéos/diso-gestion/diso-gestion/vendor/codeigniter4/framework/system/Model.php(394): CodeIgniter\Database\BaseBuilder->insert()
#5 /home/angel/Vidéos/diso-gestion/diso-gestion/vendor/codeigniter4/framework/system/BaseModel.php(840): CodeIgniter\Model->doInsert()
#6 /home/angel/Vidéos/diso-gestion/diso-gestion/vendor/codeigniter4/framework/system/Model.php(802): CodeIgniter\BaseModel->insert()
#7 /home/angel/Vidéos/diso-gestion/diso-gestion/vendor/codeigniter4/framework/system/BaseModel.php(751): CodeIgniter\Model->insert()
#8 /home/angel/Vidéos/diso-gestion/diso-gestion/app/Controllers/FormationController.php(61): CodeIgniter\BaseModel->save()
#9 /home/angel/Vidéos/diso-gestion/diso-gestion/vendor/codeigniter4/framework/system/CodeIgniter.php(933): App\Controllers\FormationController->save()
#10 /home/angel/Vidéos/diso-gestion/diso-gestion/vendor/codeigniter4/framework/system/CodeIgniter.php(509): CodeIgniter\CodeIgniter->runController()
#11 /home/angel/Vidéos/diso-gestion/diso-gestion/vendor/codeigniter4/framework/system/CodeIgniter.php(355): CodeIgniter\CodeIgniter->handleRequest()
#12 /home/angel/Vidéos/diso-gestion/diso-gestion/vendor/codeigniter4/framework/system/Boot.php(325): CodeIgniter\CodeIgniter->run()
#13 /home/angel/Vidéos/diso-gestion/diso-gestion/vendor/codeigniter4/framework/system/Boot.php(67): CodeIgniter\Boot::runCodeIgniter()
#14 /home/angel/Vidéos/diso-gestion/diso-gestion/public/index.php(56): CodeIgniter\Boot::bootWeb()
#15 /home/angel/Vidéos/diso-gestion/diso-gestion/vendor/codeigniter4/framework/system/Commands/Server/rewrite.php(49): require_once('...')
#16 {main}
CRITICAL - 2024-06-18 15:01:07 --> CodeIgniter\Database\Exceptions\DatabaseException: table training has no column named id_user
[Method: POST, Route: formation/Save]
in SYSTEMPATH/Database/BaseConnection.php on line 686.
 1 SYSTEMPATH/Database/BaseBuilder.php(2333): CodeIgniter\Database\BaseConnection->query()
 2 SYSTEMPATH/Model.php(394): CodeIgniter\Database\BaseBuilder->insert()
 3 SYSTEMPATH/BaseModel.php(840): CodeIgniter\Model->doInsert()
 4 SYSTEMPATH/Model.php(802): CodeIgniter\BaseModel->insert()
 5 SYSTEMPATH/BaseModel.php(751): CodeIgniter\Model->insert()
 6 APPPATH/Controllers/FormationController.php(61): CodeIgniter\BaseModel->save()
 7 SYSTEMPATH/CodeIgniter.php(933): App\Controllers\FormationController->save()
 8 SYSTEMPATH/CodeIgniter.php(509): CodeIgniter\CodeIgniter->runController()
 9 SYSTEMPATH/CodeIgniter.php(355): CodeIgniter\CodeIgniter->handleRequest()
10 SYSTEMPATH/Boot.php(325): CodeIgniter\CodeIgniter->run()
11 SYSTEMPATH/Boot.php(67): CodeIgniter\Boot::runCodeIgniter()
12 FCPATH/index.php(56): CodeIgniter\Boot::bootWeb()
13 SYSTEMPATH/Commands/Server/rewrite.php(49): require_once('/home/angel/Vidéos/diso-gestion/diso-gestion/public/index.php')
CRITICAL - 2024-06-18 15:01:07 --> [Caused by] CodeIgniter\Database\Exceptions\DatabaseException: table training has no column named id_user
in SYSTEMPATH/Database/SQLite3/Connection.php on line 158.
 1 SYSTEMPATH/Database/BaseConnection.php(732): CodeIgniter\Database\SQLite3\Connection->execute()
 2 SYSTEMPATH/Database/BaseConnection.php(646): CodeIgniter\Database\BaseConnection->simpleQuery()
 3 SYSTEMPATH/Database/BaseBuilder.php(2333): CodeIgniter\Database\BaseConnection->query()
 4 SYSTEMPATH/Model.php(394): CodeIgniter\Database\BaseBuilder->insert()
 5 SYSTEMPATH/BaseModel.php(840): CodeIgniter\Model->doInsert()
 6 SYSTEMPATH/Model.php(802): CodeIgniter\BaseModel->insert()
 7 SYSTEMPATH/BaseModel.php(751): CodeIgniter\Model->insert()
 8 APPPATH/Controllers/FormationController.php(61): CodeIgniter\BaseModel->save()
 9 SYSTEMPATH/CodeIgniter.php(933): App\Controllers\FormationController->save()
10 SYSTEMPATH/CodeIgniter.php(509): CodeIgniter\CodeIgniter->runController()
11 SYSTEMPATH/CodeIgniter.php(355): CodeIgniter\CodeIgniter->handleRequest()
12 SYSTEMPATH/Boot.php(325): CodeIgniter\CodeIgniter->run()
13 SYSTEMPATH/Boot.php(67): CodeIgniter\Boot::runCodeIgniter()
14 FCPATH/index.php(56): CodeIgniter\Boot::bootWeb()
15 SYSTEMPATH/Commands/Server/rewrite.php(49): require_once('/home/angel/Vidéos/diso-gestion/diso-gestion/public/index.php')
CRITICAL - 2024-06-18 15:01:07 --> [Caused by] Exception: table training has no column named id_user
in SYSTEMPATH/Database/SQLite3/Connection.php on line 152.
 1 SYSTEMPATH/Database/SQLite3/Connection.php(152): SQLite3->exec()
 2 SYSTEMPATH/Database/BaseConnection.php(732): CodeIgniter\Database\SQLite3\Connection->execute()
 3 SYSTEMPATH/Database/BaseConnection.php(646): CodeIgniter\Database\BaseConnection->simpleQuery()
 4 SYSTEMPATH/Database/BaseBuilder.php(2333): CodeIgniter\Database\BaseConnection->query()
 5 SYSTEMPATH/Model.php(394): CodeIgniter\Database\BaseBuilder->insert()
 6 SYSTEMPATH/BaseModel.php(840): CodeIgniter\Model->doInsert()
 7 SYSTEMPATH/Model.php(802): CodeIgniter\BaseModel->insert()
 8 SYSTEMPATH/BaseModel.php(751): CodeIgniter\Model->insert()
 9 APPPATH/Controllers/FormationController.php(61): CodeIgniter\BaseModel->save()
10 SYSTEMPATH/CodeIgniter.php(933): App\Controllers\FormationController->save()
11 SYSTEMPATH/CodeIgniter.php(509): CodeIgniter\CodeIgniter->runController()
12 SYSTEMPATH/CodeIgniter.php(355): CodeIgniter\CodeIgniter->handleRequest()
13 SYSTEMPATH/Boot.php(325): CodeIgniter\CodeIgniter->run()
14 SYSTEMPATH/Boot.php(67): CodeIgniter\Boot::runCodeIgniter()
15 FCPATH/index.php(56): CodeIgniter\Boot::bootWeb()
16 SYSTEMPATH/Commands/Server/rewrite.php(49): require_once('/home/angel/Vidéos/diso-gestion/diso-gestion/public/index.php')
INFO - 2024-06-18 15:02:59 --> Session: Class initialized using 'CodeIgniter\Session\Handlers\FileHandler' driver.
INFO - 2024-06-18 15:23:34 --> Session: Class initialized using 'CodeIgniter\Session\Handlers\FileHandler' driver.
