CRITICAL - 2024-06-17 17:32:34 --> CodeIgniter\View\Exceptions\ViewException: Invalid file: "acceuil/homePage.php"
[Method: GET, Route: view/HomePage]
in SYSTEMPATH/Exceptions/FrameworkException.php on line 41.
 1 SYSTEMPATH/View/View.php(222): CodeIgniter\Exceptions\FrameworkException::forInvalidFile()
 2 SYSTEMPATH/Common.php(1171): CodeIgniter\View\View->render()
 3 APPPATH/Controllers/Home.php(13): view()
 4 SYSTEMPATH/CodeIgniter.php(933): App\Controllers\Home->homePage()
 5 SYSTEMPATH/CodeIgniter.php(509): CodeIgniter\CodeIgniter->runController()
 6 SYSTEMPATH/CodeIgniter.php(355): CodeIgniter\CodeIgniter->handleRequest()
 7 SYSTEMPATH/Boot.php(325): CodeIgniter\CodeIgniter->run()
 8 SYSTEMPATH/Boot.php(67): CodeIgniter\Boot::runCodeIgniter()
 9 FCPATH/index.php(56): CodeIgniter\Boot::bootWeb()
10 SYSTEMPATH/Commands/Server/rewrite.php(49): require_once('/home/angel/Vidéos/diso-gestion/diso-gestion/public/index.php')
CRITICAL - 2024-06-17 17:32:39 --> CodeIgniter\View\Exceptions\ViewException: Invalid file: "acceuil/homePage.php"
[Method: GET, Route: view/HomePage]
in SYSTEMPATH/Exceptions/FrameworkException.php on line 41.
 1 SYSTEMPATH/View/View.php(222): CodeIgniter\Exceptions\FrameworkException::forInvalidFile()
 2 SYSTEMPATH/Common.php(1171): CodeIgniter\View\View->render()
 3 APPPATH/Controllers/Home.php(13): view()
 4 SYSTEMPATH/CodeIgniter.php(933): App\Controllers\Home->homePage()
 5 SYSTEMPATH/CodeIgniter.php(509): CodeIgniter\CodeIgniter->runController()
 6 SYSTEMPATH/CodeIgniter.php(355): CodeIgniter\CodeIgniter->handleRequest()
 7 SYSTEMPATH/Boot.php(325): CodeIgniter\CodeIgniter->run()
 8 SYSTEMPATH/Boot.php(67): CodeIgniter\Boot::runCodeIgniter()
 9 FCPATH/index.php(56): CodeIgniter\Boot::bootWeb()
10 SYSTEMPATH/Commands/Server/rewrite.php(49): require_once('/home/angel/Vidéos/diso-gestion/diso-gestion/public/index.php')
