WARNING - 2024-10-09 00:08:22 --> [DEPRECATED] Creation of dynamic property App\Controllers\AuthentificationController::$UserModel is deprecated in APPPATH/Controllers/AuthentificationController.php on line 21.
 1 SYSTEMPATH/CodeIgniter.php(903): App\Controllers\AuthentificationController->__construct()
 2 SYSTEMPATH/CodeIgniter.php(500): CodeIgniter\CodeIgniter->createController()
 3 SYSTEMPATH/CodeIgniter.php(355): CodeIgniter\CodeIgniter->handleRequest(null, Object(Config\Cache), false)
 4 SYSTEMPATH/Boot.php(325): CodeIgniter\CodeIgniter->run()
 5 SYSTEMPATH/Boot.php(67): CodeIgniter\Boot::runCodeIgniter(Object(CodeIgniter\CodeIgniter))
 6 FCPATH/index.php(56): CodeIgniter\Boot::bootWeb(Object(Config\Paths))
 7 SYSTEMPATH/Commands/Server/rewrite.php(49): require_once('/var/www/html/appGes/public/index.php')
INFO - 2024-10-09 00:08:22 --> Session: Class initialized using 'CodeIgniter\Session\Handlers\FileHandler' driver.
WARNING - 2024-10-09 00:08:30 --> [DEPRECATED] Creation of dynamic property App\Controllers\AuthentificationController::$UserModel is deprecated in APPPATH/Controllers/AuthentificationController.php on line 21.
 1 SYSTEMPATH/CodeIgniter.php(903): App\Controllers\AuthentificationController->__construct()
 2 SYSTEMPATH/CodeIgniter.php(500): CodeIgniter\CodeIgniter->createController()
 3 SYSTEMPATH/CodeIgniter.php(355): CodeIgniter\CodeIgniter->handleRequest(null, Object(Config\Cache), false)
 4 SYSTEMPATH/Boot.php(325): CodeIgniter\CodeIgniter->run()
 5 SYSTEMPATH/Boot.php(67): CodeIgniter\Boot::runCodeIgniter(Object(CodeIgniter\CodeIgniter))
 6 FCPATH/index.php(56): CodeIgniter\Boot::bootWeb(Object(Config\Paths))
 7 SYSTEMPATH/Commands/Server/rewrite.php(49): require_once('/var/www/html/appGes/public/index.php')
INFO - 2024-10-09 00:08:30 --> Session: Class initialized using 'CodeIgniter\Session\Handlers\FileHandler' driver.
WARNING - 2024-10-09 00:08:32 --> [DEPRECATED] Creation of dynamic property App\Controllers\AuthentificationController::$UserModel is deprecated in APPPATH/Controllers/AuthentificationController.php on line 21.
 1 SYSTEMPATH/CodeIgniter.php(903): App\Controllers\AuthentificationController->__construct()
 2 SYSTEMPATH/CodeIgniter.php(500): CodeIgniter\CodeIgniter->createController()
 3 SYSTEMPATH/CodeIgniter.php(355): CodeIgniter\CodeIgniter->handleRequest(null, Object(Config\Cache), false)
 4 SYSTEMPATH/Boot.php(325): CodeIgniter\CodeIgniter->run()
 5 SYSTEMPATH/Boot.php(67): CodeIgniter\Boot::runCodeIgniter(Object(CodeIgniter\CodeIgniter))
 6 FCPATH/index.php(56): CodeIgniter\Boot::bootWeb(Object(Config\Paths))
 7 SYSTEMPATH/Commands/Server/rewrite.php(49): require_once('/var/www/html/appGes/public/index.php')
INFO - 2024-10-09 00:08:32 --> Session: Class initialized using 'CodeIgniter\Session\Handlers\FileHandler' driver.
WARNING - 2024-10-09 00:08:41 --> [DEPRECATED] Creation of dynamic property App\Controllers\AuthentificationController::$UserModel is deprecated in APPPATH/Controllers/AuthentificationController.php on line 21.
 1 SYSTEMPATH/CodeIgniter.php(903): App\Controllers\AuthentificationController->__construct()
 2 SYSTEMPATH/CodeIgniter.php(500): CodeIgniter\CodeIgniter->createController()
 3 SYSTEMPATH/CodeIgniter.php(355): CodeIgniter\CodeIgniter->handleRequest(null, Object(Config\Cache), false)
 4 SYSTEMPATH/Boot.php(325): CodeIgniter\CodeIgniter->run()
 5 SYSTEMPATH/Boot.php(67): CodeIgniter\Boot::runCodeIgniter(Object(CodeIgniter\CodeIgniter))
 6 FCPATH/index.php(56): CodeIgniter\Boot::bootWeb(Object(Config\Paths))
 7 SYSTEMPATH/Commands/Server/rewrite.php(49): require_once('/var/www/html/appGes/public/index.php')
INFO - 2024-10-09 00:08:41 --> Session: Class initialized using 'CodeIgniter\Session\Handlers\FileHandler' driver.
INFO - 2024-10-09 00:29:39 --> Session: Class initialized using 'CodeIgniter\Session\Handlers\FileHandler' driver.
WARNING - 2024-10-09 01:52:09 --> [DEPRECATED] Creation of dynamic property App\Controllers\AuthentificationController::$UserModel is deprecated in APPPATH/Controllers/AuthentificationController.php on line 21.
 1 SYSTEMPATH/CodeIgniter.php(903): App\Controllers\AuthentificationController->__construct()
 2 SYSTEMPATH/CodeIgniter.php(500): CodeIgniter\CodeIgniter->createController()
 3 SYSTEMPATH/CodeIgniter.php(355): CodeIgniter\CodeIgniter->handleRequest(null, Object(Config\Cache), false)
 4 SYSTEMPATH/Boot.php(325): CodeIgniter\CodeIgniter->run()
 5 SYSTEMPATH/Boot.php(67): CodeIgniter\Boot::runCodeIgniter(Object(CodeIgniter\CodeIgniter))
 6 FCPATH/index.php(56): CodeIgniter\Boot::bootWeb(Object(Config\Paths))
 7 SYSTEMPATH/Commands/Server/rewrite.php(49): require_once('/var/www/html/appGes/public/index.php')
INFO - 2024-10-09 01:52:09 --> Session: Class initialized using 'CodeIgniter\Session\Handlers\FileHandler' driver.
CRITICAL - 2024-10-09 02:41:12 --> CodeIgniter\View\Exceptions\ViewException: Invalid file: "pages/produit/Save_approvisionnement.php"
[Method: GET, Route: view/List_approvisionnement]
in SYSTEMPATH/Exceptions/FrameworkException.php on line 41.
 1 SYSTEMPATH/View/View.php(222): CodeIgniter\Exceptions\FrameworkException::forInvalidFile()
 2 SYSTEMPATH/Common.php(1171): CodeIgniter\View\View->render()
 3 APPPATH/Controllers/Home.php(43): view()
 4 SYSTEMPATH/CodeIgniter.php(933): App\Controllers\Home->Save_approvisionnement()
 5 SYSTEMPATH/CodeIgniter.php(509): CodeIgniter\CodeIgniter->runController()
 6 SYSTEMPATH/CodeIgniter.php(355): CodeIgniter\CodeIgniter->handleRequest()
 7 SYSTEMPATH/Boot.php(325): CodeIgniter\CodeIgniter->run()
 8 SYSTEMPATH/Boot.php(67): CodeIgniter\Boot::runCodeIgniter()
 9 FCPATH/index.php(56): CodeIgniter\Boot::bootWeb()
10 SYSTEMPATH/Commands/Server/rewrite.php(49): require_once('/var/www/html/appGes/public/index.php')
CRITICAL - 2024-10-09 02:41:17 --> CodeIgniter\View\Exceptions\ViewException: Invalid file: "pages/produit/Save_approvisionnement.php"
[Method: GET, Route: view/List_approvisionnement]
in SYSTEMPATH/Exceptions/FrameworkException.php on line 41.
 1 SYSTEMPATH/View/View.php(222): CodeIgniter\Exceptions\FrameworkException::forInvalidFile()
 2 SYSTEMPATH/Common.php(1171): CodeIgniter\View\View->render()
 3 APPPATH/Controllers/Home.php(43): view()
 4 SYSTEMPATH/CodeIgniter.php(933): App\Controllers\Home->Save_approvisionnement()
 5 SYSTEMPATH/CodeIgniter.php(509): CodeIgniter\CodeIgniter->runController()
 6 SYSTEMPATH/CodeIgniter.php(355): CodeIgniter\CodeIgniter->handleRequest()
 7 SYSTEMPATH/Boot.php(325): CodeIgniter\CodeIgniter->run()
 8 SYSTEMPATH/Boot.php(67): CodeIgniter\Boot::runCodeIgniter()
 9 FCPATH/index.php(56): CodeIgniter\Boot::bootWeb()
10 SYSTEMPATH/Commands/Server/rewrite.php(49): require_once('/var/www/html/appGes/public/index.php')
INFO - 2024-10-09 09:20:26 --> Session: Class initialized using 'CodeIgniter\Session\Handlers\FileHandler' driver.
INFO - 2024-10-09 09:21:36 --> Session: Class initialized using 'CodeIgniter\Session\Handlers\FileHandler' driver.
INFO - 2024-10-09 09:26:22 --> Session: Class initialized using 'CodeIgniter\Session\Handlers\FileHandler' driver.
